2025-09-06 12:57:56,187 | Starting Advanced 2048 Bot...
2025-09-06 12:58:09,966 | STEP 2 | corner=tr | move=↑ | max=16 | empty=13 | sum=32 | depth=4
   0|   0|   8|  16
   0|   0|   0|   0
   0|   0|   8|   0
   0|   0|   0|   0
2025-09-06 12:58:11,307 | STEP 3 | corner=tr | move=↑ | max=16 | empty=13 | sum=32 | depth=4
   0|   0|   8|  16
   0|   0|   0|   0
   0|   0|   8|   0
   0|   0|   0|   0
2025-09-06 12:58:12,517 | STEP 4 | corner=tr | move=↑ | max=16 | empty=13 | sum=32 | depth=4
   0|   0|   8|  16
   0|   0|   0|   0
   0|   0|   8|   0
   0|   0|   0|   0
2025-09-06 12:58:13,705 | STEP 5 | corner=tr | move=↑ | max=16 | empty=13 | sum=32 | depth=4
   0|   0|   8|  16
   0|   0|   0|   0
   0|   0|   8|   0
   0|   0|   0|   0
2025-09-06 12:58:14,900 | STEP 6 | corner=tr | move=↑ | max=16 | empty=13 | sum=40 | depth=4
   0|   0|  16|  16
   8|   0|   0|   0
   0|   0|   0|   0
   0|   0|   0|   0
2025-09-06 12:58:16,063 | STEP 7 | corner=tr | move=← | max=16 | empty=12 | sum=48 | depth=4
   8|   0|  16|  16
   0|   0|   0|   0
   0|   0|   8|   0
   0|   0|   0|   0
2025-09-06 12:58:17,503 | STEP 8 | corner=tr | move=← | max=32 | empty=12 | sum=56 | depth=4
   8|  32|   0|   0
   0|   0|   0|   8
   8|   0|   0|   0
   0|   0|   0|   0
2025-09-06 12:58:18,632 | STEP 9 | corner=tr | move=← | max=32 | empty=11 | sum=64 | depth=4
   8|  32|   0|   0
   8|   0|   0|   0
   8|   0|   8|   0
   0|   0|   0|   0
2025-09-06 12:58:20,028 | STEP 10 | corner=tr | move=↑ | max=32 | empty=11 | sum=72 | depth=4
   8|  32|   0|   0
   8|   0|   0|   0
  16|   0|   0|   0
   0|   0|   8|   0
2025-09-06 12:58:21,441 | STEP 11 | corner=tr | move=↑ | max=32 | empty=11 | sum=80 | depth=4
  16|  32|   8|   0
  16|   0|   8|   0
   0|   0|   0|   0
   0|   0|   0|   0
2025-09-06 12:58:22,780 | STEP 12 | corner=tr | move=→ | max=32 | empty=12 | sum=88 | depth=4
  32|  32|  16|   8
   0|   0|   0|   0
   0|   0|   0|   0
   0|   0|   0|   0
2025-09-06 12:58:24,100 | STEP 13 | corner=tr | move=→ | max=64 | empty=12 | sum=96 | depth=4
   0|  64|  16|   8
   0|   8|   0|   0
   0|   0|   0|   0
   0|   0|   0|   0
2025-09-06 12:58:25,229 | STEP 14 | corner=tr | move=↑ | max=64 | empty=11 | sum=104 | depth=4
   0|  64|  16|   8
   0|   0|   0|   8
   0|   0|   8|   0
   0|   0|   0|   0
2025-09-06 12:58:26,379 | STEP 15 | corner=tr | move=→ | max=64 | empty=11 | sum=112 | depth=4
   0|  64|  16|  16
   8|   0|   8|   0
   0|   0|   0|   0
   0|   0|   0|   0
2025-09-06 12:58:27,613 | STEP 16 | corner=tr | move=← | max=64 | empty=12 | sum=120 | depth=4
   0|   0|  64|  32
   0|   0|   8|  16
   0|   0|   0|   0
   0|   0|   0|   0
2025-09-06 12:58:28,919 | STEP 17 | corner=tr | move=↑ | max=64 | empty=11 | sum=128 | depth=4
  64|  32|   0|   0
   8|  16|   8|   0
   0|   0|   0|   0
   0|   0|   0|   0
2025-09-06 12:59:05,007 | STEP 19 | corner=tr | move=→ | max=64 | empty=10 | sum=144 | depth=4
  64|  32|   8|   0
   8|  16|   0|   0
   0|   0|   0|   0
  16|   0|   0|   0
2025-09-06 12:59:06,018 | STEP 20 | corner=tr | move=→ | max=64 | empty=10 | sum=144 | depth=4
  64|  32|   8|   0
   8|  16|   0|   0
   0|   0|   0|   0
  16|   0|   0|   0
2025-09-06 12:59:07,025 | STEP 21 | corner=tr | move=→ | max=64 | empty=10 | sum=144 | depth=4
  64|  32|   8|   0
   8|  16|   0|   0
   0|   0|   0|   0
  16|   0|   0|   0
2025-09-06 12:59:08,312 | STEP 22 | corner=tr | move=← | max=64 | empty=9 | sum=152 | depth=4
   0|  64|  32|   8
   0|   0|   8|  16
   0|   0|   0|   0
   0|   0|   8|  16
2025-09-06 12:59:09,620 | STEP 23 | corner=tr | move=↑ | max=64 | empty=8 | sum=160 | depth=4
  64|  32|   8|   0
   8|  16|   0|   0
   0|   0|   0|   0
   8|  16|   0|   8
2025-09-06 12:59:10,976 | STEP 24 | corner=tr | move=↑ | max=64 | empty=9 | sum=168 | depth=4
  64|  32|   8|   8
  16|  32|   0|   0
   0|   0|   0|   0
   0|   0|   0|   8
2025-09-06 12:59:12,078 | STEP 25 | corner=tr | move=↑ | max=64 | empty=10 | sum=176 | depth=4
  64|  64|   8|  16
  16|   0|   0|   0
   0|   0|   0|   0
   0|   8|   0|   0
2025-09-06 12:59:13,154 | STEP 26 | corner=tr | move=← | max=64 | empty=9 | sum=184 | depth=4
  64|  64|   8|  16
  16|   8|   0|   0
   0|   0|   0|   0
   0|   8|   0|   0
2025-09-06 12:59:14,231 | STEP 27 | corner=tr | move=↑ | max=128 | empty=9 | sum=192 | depth=4
 128|   8|  16|   0
  16|   8|   0|   0
   0|   0|   0|   0
   8|   8|   0|   0
2025-09-06 12:59:15,231 | STEP 28 | corner=tr | move=→ | max=128 | empty=9 | sum=200 | depth=4
 128|  16|  16|   8
  16|   8|   0|   0
   8|   0|   0|   0
   0|   0|   0|   0
2025-09-06 12:59:16,586 | STEP 29 | corner=tr | move=↑ | max=128 | empty=9 | sum=216 | depth=4
   0| 128|  32|   8
   0|  16|  16|   8
   0|   0|   0|   8
   0|   0|   0|   0
2025-09-06 12:59:17,595 | STEP 30 | corner=tr | move=→ | max=128 | empty=9 | sum=224 | depth=4
   8| 128|  32|  16
   0|  16|  16|   8
   0|   0|   0|   0
   0|   0|   0|   0
2025-09-06 12:59:18,889 | STEP 31 | corner=tr | move=↑ | max=128 | empty=9 | sum=232 | depth=4
   8| 128|  32|  16
   0|   0|  32|   8
   0|   0|   0|   8
   0|   0|   0|   0
2025-09-06 12:59:19,909 | STEP 32 | corner=tr | move=↑ | max=128 | empty=10 | sum=248 | depth=4
   8| 128|  64|  16
   0|   0|   0|  16
   0|   0|   0|  16
   0|   0|   0|   0
2025-09-06 12:59:20,969 | STEP 33 | corner=tr | move=→ | max=128 | empty=10 | sum=264 | depth=4
   8| 128|  64|  32
   0|   0|   0|  16
   0|   0|   0|   0
  16|   0|   0|   0
2025-09-06 12:59:22,043 | STEP 34 | corner=tr | move=↑ | max=128 | empty=9 | sum=280 | depth=4
   8| 128|  64|  32
   0|   0|   0|  16
   0|   0|   0|   0
   0|  16|   0|  16
2025-09-06 12:59:23,360 | STEP 35 | corner=tr | move=↑ | max=128 | empty=9 | sum=296 | depth=4
   8| 128|  64|  32
   0|  16|   0|  32
   0|   0|   0|   0
  16|   0|   0|   0
2025-09-06 12:59:24,728 | STEP 36 | corner=tr | move=← | max=128 | empty=9 | sum=304 | depth=4
   8| 128|  64|  64
  16|  16|   0|   0
   0|   0|   0|   0
   0|   8|   0|   0
2025-09-06 12:59:26,093 | STEP 37 | corner=tr | move=↑ | max=128 | empty=10 | sum=312 | depth=4
   8| 128| 128|   0
  32|   0|   8|   0
   0|   0|   0|   0
   8|   0|   0|   0
2025-09-06 12:59:27,134 | STEP 38 | corner=tr | move=↑ | max=128 | empty=9 | sum=328 | depth=4
   8| 128| 128|   0
  32|   0|   8|   0
   8|   0|   0|  16
   0|   0|   0|   0
2025-09-06 12:59:28,145 | STEP 39 | corner=tr | move=→ | max=128 | empty=8 | sum=336 | depth=4
   8| 128| 128|  16
  32|   0|   8|   8
   8|   0|   0|   0
   0|   0|   0|   0
2025-09-06 12:59:29,185 | STEP 40 | corner=tr | move=← | max=256 | empty=9 | sum=352 | depth=4
   0|   8| 256|  16
  16|   0|  32|  16
   0|   0|   0|   8
   0|   0|   0|   0
2025-09-06 12:59:30,487 | STEP 41 | corner=tr | move=← | max=256 | empty=8 | sum=360 | depth=4
   8| 256|  16|   0
  16|  32|  16|   0
   8|   0|   0|   8
   0|   0|   0|   0
2025-09-06 12:59:31,545 | STEP 42 | corner=tr | move=↑ | max=256 | empty=8 | sum=376 | depth=4
   8| 256|  16|   0
  16|  32|  16|   0
  16|  16|   0|   0
   0|   0|   0|   0
2025-09-06 12:59:32,558 | STEP 43 | corner=tr | move=→ | max=256 | empty=9 | sum=392 | depth=4
   8| 256|  32|   0
  32|  32|  16|   0
   0|  16|   0|   0
   0|   0|   0|   0
2025-09-06 12:59:33,608 | STEP 44 | corner=tr | move=← | max=256 | empty=9 | sum=408 | depth=4
   0|   8| 256|  32
  16|   0|  64|  16
   0|   0|   0|  16
   0|   0|   0|   0
2025-09-06 12:59:34,630 | STEP 45 | corner=tr | move=← | max=256 | empty=8 | sum=416 | depth=4
   8| 256|  32|   0
  16|  64|  16|   0
  16|   0|   0|   0
   0|   8|   0|   0
2025-09-06 12:59:35,631 | STEP 46 | corner=tr | move=↑ | max=256 | empty=7 | sum=432 | depth=4
   8| 256|  32|   0
  16|  64|  16|   0
  16|   0|   0|   0
   8|   0|  16|   0
2025-09-06 12:59:36,642 | STEP 47 | corner=tr | move=← | max=256 | empty=8 | sum=448 | depth=4
   8| 256|  32|   0
  32|  64|  32|   0
   8|   0|   0|   0
   0|  16|   0|   0
2025-09-06 12:59:37,644 | STEP 48 | corner=tr | move=← | max=256 | empty=7 | sum=456 | depth=4
   8| 256|  32|   0
  32|  64|  32|   0
   8|   0|   8|   0
  16|   0|   0|   0
2025-09-06 12:59:38,640 | STEP 49 | corner=tr | move=↑ | max=256 | empty=7 | sum=464 | depth=4
   8| 256|  32|   0
  32|  64|  32|   0
  16|   0|   8|   0
  16|   0|   0|   0
2025-09-06 12:59:39,904 | STEP 50 | corner=tr | move=↑ | max=256 | empty=8 | sum=480 | depth=4
   8| 256|  64|   0
  32|  64|   8|   0
  32|  16|   0|   0
   0|   0|   0|   0
2025-09-06 12:59:41,217 | STEP 51 | corner=tr | move=↑ | max=256 | empty=8 | sum=496 | depth=4
   8| 256|  64|   0
  64|  64|   8|   0
   0|  16|   0|   0
  16|   0|   0|   0
2025-09-06 12:59:42,231 | STEP 52 | corner=tr | move=↑ | max=256 | empty=7 | sum=512 | depth=4
   8| 256|  64|   0
  64|  64|   8|   0
  16|  16|   0|   0
  16|   0|   0|   0
2025-09-06 12:59:43,181 | STEP 53 | corner=tr | move=→ | max=256 | empty=7 | sum=520 | depth=4
   8| 256|  64|   0
  64|  64|   8|   0
  32|  16|   0|   0
   8|   0|   0|   0
2025-09-06 12:59:44,404 | STEP 54 | corner=tr | move=← | max=256 | empty=7 | sum=528 | depth=4
   0|   8| 256|  64
   0|   0| 128|   8
   0|   8|  32|  16
   0|   0|   0|   8
2025-09-06 12:59:45,652 | STEP 55 | corner=tr | move=↑ | max=256 | empty=6 | sum=536 | depth=4
   8| 256|  64|   0
 128|   8|   0|   0
   8|  32|  16|   0
   8|   0|   0|   8
2025-09-06 12:59:46,598 | STEP 56 | corner=tr | move=↑ | max=256 | empty=6 | sum=544 | depth=4
   8| 256|  64|   8
 128|   8|  16|   0
  16|  32|   0|   8
   0|   0|   0|   0
2025-09-06 12:59:47,547 | STEP 57 | corner=tr | move=→ | max=256 | empty=6 | sum=552 | depth=4
   8| 256|  64|  16
 128|   8|  16|   0
  16|  32|   0|   8
   0|   0|   0|   0
2025-09-06 12:59:48,508 | STEP 58 | corner=tr | move=↑ | max=256 | empty=5 | sum=568 | depth=4
   8| 256|  64|  16
   0| 128|   8|  16
   0|  16|  32|   8
   0|  16|   0|   0
2025-09-06 12:59:49,505 | STEP 59 | corner=tr | move=→ | max=256 | empty=6 | sum=584 | depth=4
   8| 256|  64|  32
   0| 128|   8|   8
   0|  32|  32|   0
   0|   0|   0|  16
2025-09-06 12:59:50,427 | STEP 60 | corner=tr | move=← | max=256 | empty=7 | sum=600 | depth=4
   8| 256|  64|  32
   0|   0| 128|  16
   0|   0|  16|  64
   0|   0|   0|  16
2025-09-06 12:59:51,669 | STEP 61 | corner=tr | move=→ | max=256 | empty=6 | sum=608 | depth=4
   8| 256|  64|  32
 128|  16|   0|   8
  16|  64|   0|   0
  16|   0|   0|   0
2025-09-06 12:59:52,625 | STEP 62 | corner=tr | move=→ | max=256 | empty=5 | sum=624 | depth=4
   8| 256|  64|  32
   0| 128|  16|   8
   0|   0|  16|  64
   0|  16|   0|  16
2025-09-06 12:59:53,864 | STEP 63 | corner=tr | move=↑ | max=256 | empty=5 | sum=632 | depth=4
   8| 256|  64|  32
   0| 128|  16|   8
   0|   0|  16|  64
   8|   0|   0|  32
2025-09-06 12:59:54,780 | STEP 64 | corner=tr | move=← | max=256 | empty=6 | sum=648 | depth=4
  16| 256|  64|  32
   0| 128|  32|   8
   0|   0|  16|  64
   0|   0|   0|  32
2025-09-06 12:59:55,681 | STEP 65 | corner=tr | move=→ | max=256 | empty=5 | sum=664 | depth=4
  16| 256|  64|  32
 128|  32|   8|   0
  16|  64|  16|   0
  32|   0|   0|   0
2025-09-06 12:59:56,950 | STEP 66 | corner=tr | move=← | max=256 | empty=4 | sum=672 | depth=6
  16| 256|  64|  32
   8| 128|  32|   8
   0|  16|  64|  16
   0|   0|   0|  32
2025-09-06 12:59:57,885 | STEP 67 | corner=tr | move=→ | max=256 | empty=3 | sum=680 | depth=6
  16| 256|  64|  32
   8| 128|  32|   8
  16|  64|  16|   0
  32|   8|   0|   0
2025-09-06 12:59:59,159 | STEP 68 | corner=tr | move=← | max=256 | empty=2 | sum=696 | depth=6
  16| 256|  64|  32
   8| 128|  32|   8
  16|  16|  64|  16
   0|   0|  32|   8
2025-09-06 13:00:00,477 | STEP 69 | corner=tr | move=← | max=256 | empty=2 | sum=704 | depth=6
  16| 256|  64|  32
   8| 128|  32|   8
  32|  64|  16|   0
  32|   8|   0|   8
2025-09-06 13:00:01,702 | STEP 70 | corner=tr | move=← | max=256 | empty=2 | sum=720 | depth=6
  16| 256|  64|  32
   8| 128|  32|   8
  32|  64|  16|   0
  32|  16|   0|  16
2025-09-06 13:00:02,788 | STEP 71 | corner=tr | move=↑ | max=256 | empty=2 | sum=728 | depth=6
  16| 256|  64|  32
   8| 128|  32|   8
  32|  64|  16|   0
  32|  32|   8|   0
2025-09-06 13:00:04,145 | STEP 72 | corner=tr | move=→ | max=256 | empty=2 | sum=744 | depth=6
  16| 256|  64|  32
   8| 128|  32|   8
  64|  64|  16|   0
   0|  32|   8|  16
2025-09-06 13:00:05,420 | STEP 73 | corner=tr | move=← | max=256 | empty=2 | sum=760 | depth=6
  16| 256|  64|  32
   8| 128|  32|   8
   0|  16| 128|  16
   0|  32|   8|  16
2025-09-06 13:00:06,829 | STEP 74 | corner=tr | move=↑ | max=256 | empty=1 | sum=776 | depth=6
  16| 256|  64|  32
   8| 128|  32|   8
  16| 128|  16|   0
  32|   8|  16|  16
2025-09-06 13:00:08,887 | STEP 75 | corner=tr | move=↑ | max=256 | empty=2 | sum=792 | depth=6
  16| 256|  64|  32
   8| 256|  32|   8
  16|   8|  32|  16
  32|   0|   0|  16
2025-09-06 13:00:11,850 | STEP 76 | corner=tr | move=← | max=512 | empty=4 | sum=808 | depth=6
  16| 512|  64|  32
   8|   8|  64|   8
  16|   0|   0|  32
  32|  16|   0|   0
2025-09-06 13:00:14,881 | STEP 77 | corner=tr | move=↑ | max=512 | empty=4 | sum=824 | depth=6
  16| 512|  64|  32
  16|  64|   8|   0
  16|  32|   0|   0
  32|  16|   0|  16
2025-09-06 13:00:16,617 | STEP 78 | corner=tr | move=→ | max=512 | empty=4 | sum=840 | depth=6
  32| 512|  64|  32
  16|  64|   8|  16
  32|  32|  16|   0
   0|  16|   0|   0
2025-09-06 13:00:18,530 | STEP 79 | corner=tr | move=→ | max=512 | empty=4 | sum=848 | depth=6
  32| 512|  64|  32
  16|  64|   8|  16
   8|   0|  64|  16
   0|   0|   0|  16
2025-09-06 13:00:19,957 | STEP 80 | corner=tr | move=↑ | max=512 | empty=3 | sum=856 | depth=6
  32| 512|  64|  32
  16|  64|   8|  16
   0|   8|  64|  16
   0|   0|   8|  16
2025-09-06 13:00:21,789 | STEP 81 | corner=tr | move=→ | max=512 | empty=3 | sum=864 | depth=6
  32| 512|  64|  32
  16|  64|   8|  32
   0|   8|  64|  16
   0|   0|   8|   8
2025-09-06 13:00:24,200 | STEP 82 | corner=tr | move=↑ | max=512 | empty=3 | sum=880 | depth=6
  32| 512|  64|  32
  16|  64|   8|  32
   0|   8|  64|  16
  16|   0|   0|  16
2025-09-06 13:00:25,171 | STEP 83 | corner=tr | move=↑ | max=512 | empty=5 | sum=896 | depth=4
  32| 512|  64|  64
  32|  64|   8|  32
  16|   8|  64|   0
   0|   0|   0|   0
2025-09-06 13:00:26,126 | STEP 84 | corner=tr | move=← | max=512 | empty=5 | sum=912 | depth=4
  64| 512|  64|  64
  16|  64|   8|  32
   0|   8|  64|   0
   0|   0|   0|  16
2025-09-06 13:00:27,057 | STEP 85 | corner=tr | move=↑ | max=512 | empty=5 | sum=928 | depth=4
  64| 512| 128|   0
  16|  64|   8|  32
   8|  64|  16|   0
  16|   0|   0|   0
2025-09-06 13:00:27,998 | STEP 86 | corner=tr | move=→ | max=512 | empty=5 | sum=936 | depth=4
  64| 512| 128|  32
  16| 128|   8|   0
   8|   0|  16|   8
  16|   0|   0|   0
2025-09-06 13:00:30,359 | STEP 87 | corner=tr | move=↑ | max=512 | empty=4 | sum=952 | depth=6
  64| 512| 128|  32
   0|  16| 128|   8
  16|   8|  16|   8
   0|   0|   0|  16
2025-09-06 13:00:31,353 | STEP 88 | corner=tr | move=↑ | max=512 | empty=5 | sum=960 | depth=4
  64| 512| 256|  32
  16|  16|  16|  16
   0|   8|   0|  16
   8|   0|   0|   0
2025-09-06 13:00:32,356 | STEP 89 | corner=tr | move=→ | max=512 | empty=5 | sum=976 | depth=4
  64| 512| 256|  32
  16|  16|  16|  32
   8|   8|   0|   0
   0|   0|  16|   0
2025-09-06 13:00:33,363 | STEP 90 | corner=tr | move=↑ | max=512 | empty=6 | sum=992 | depth=4
  64| 512| 256|  32
   0|  16|  32|  32
  16|   0|   0|  16
   0|   0|   0|  16
2025-09-06 13:00:34,344 | STEP 91 | corner=tr | move=→ | max=512 | empty=7 | sum=1000 | depth=4
  64| 512| 256|  64
  16|  16|  32|  32
   8|   0|   0|   0
   0|   0|   0|   0
2025-09-06 13:00:35,623 | STEP 92 | corner=tr | move=↑ | max=512 | empty=8 | sum=1016 | depth=4
  64| 512| 256|  64
   0|   0|  32|  64
   0|   0|   0|   8
   0|   0|  16|   0
2025-09-06 13:00:36,628 | STEP 93 | corner=tr | move=↑ | max=512 | empty=8 | sum=1032 | depth=4
  64| 512| 256| 128
   0|   0|  32|   8
   0|   0|  16|   0
   0|  16|   0|   0
2025-09-06 13:00:37,610 | STEP 94 | corner=tr | move=← | max=512 | empty=7 | sum=1048 | depth=4
  64| 512| 256| 128
   0|  16|  32|   8
   0|   0|  16|   0
   0|   0|   0|  16
2025-09-06 13:00:38,582 | STEP 95 | corner=tr | move=↑ | max=512 | empty=6 | sum=1064 | depth=4
  64| 512| 256| 128
  16|  32|   8|   0
  16|   0|   0|  16
  16|   0|   0|   0
2025-09-06 13:00:39,569 | STEP 96 | corner=tr | move=← | max=512 | empty=6 | sum=1080 | depth=4
  64| 512| 256| 128
  32|  32|   8|  16
  16|   0|   0|   0
  16|   0|   0|   0
2025-09-06 13:00:40,534 | STEP 97 | corner=tr | move=↑ | max=512 | empty=6 | sum=1088 | depth=4
  64| 512| 256| 128
  64|   8|  16|   0
  16|   0|   0|   0
  16|   8|   0|   0
2025-09-06 13:00:41,568 | STEP 98 | corner=tr | move=↑ | max=512 | empty=8 | sum=1104 | depth=4
 128| 512| 256| 128
  32|  16|  16|   0
   0|   0|   0|   0
  16|   0|   0|   0
2025-09-06 13:00:42,534 | STEP 99 | corner=tr | move=→ | max=512 | empty=7 | sum=1120 | depth=4
 128| 512| 256| 128
  32|  16|  16|  16
  16|   0|   0|   0
   0|   0|   0|   0
2025-09-06 13:00:43,507 | STEP 100 | corner=tr | move=← | max=512 | empty=7 | sum=1128 | depth=4
 128| 512| 256| 128
   0|  32|  16|  32
   8|   0|   0|  16
   0|   0|   0|   0
2025-09-06 13:00:44,479 | STEP 101 | corner=tr | move=← | max=512 | empty=6 | sum=1144 | depth=4
 128| 512| 256| 128
  32|  16|  32|   0
   8|  16|   0|   0
   0|  16|   0|   0
2025-09-06 13:00:45,432 | STEP 102 | corner=tr | move=→ | max=512 | empty=5 | sum=1160 | depth=4
 128| 512| 256| 128
  32|  16|  32|   0
   8|  16|  16|   0
  16|   0|   0|   0
2025-09-06 13:00:46,372 | STEP 103 | corner=tr | move=↑ | max=512 | empty=5 | sum=1168 | depth=4
 128| 512| 256| 128
   0|  32|  16|  32
   0|   0|   8|  32
   0|   0|   8|  16
2025-09-06 13:00:47,341 | STEP 104 | corner=tr | move=↑ | max=512 | empty=6 | sum=1176 | depth=4
 128| 512| 256| 128
   0|  32|  16|  64
   8|   0|  16|  16
   0|   0|   0|   0
2025-09-06 13:00:48,315 | STEP 105 | corner=tr | move=→ | max=512 | empty=6 | sum=1192 | depth=4
 128| 512| 256| 128
   8|  32|  32|  64
   0|   0|  16|  16
   0|   0|   0|   0
2025-09-06 13:00:49,292 | STEP 106 | corner=tr | move=→ | max=512 | empty=7 | sum=1208 | depth=4
 128| 512| 256| 128
  16|   8|  64|  64
   0|   0|   0|  32
   0|   0|   0|   0
2025-09-06 13:00:50,553 | STEP 107 | corner=tr | move=↑ | max=512 | empty=7 | sum=1224 | depth=4
 128| 512| 256| 128
   0|  16|   8| 128
  16|   0|   0|  32
   0|   0|   0|   0
2025-09-06 13:00:51,579 | STEP 108 | corner=tr | move=← | max=512 | empty=7 | sum=1240 | depth=4
 128| 512| 256| 256
  16|  16|   8|  32
   0|   0|   0|   0
   0|   0|  16|   0
2025-09-06 13:00:52,913 | STEP 109 | corner=tr | move=↑ | max=512 | empty=8 | sum=1256 | depth=4
 128| 512| 512|   0
  32|   8|  32|   0
   0|   0|   0|   0
  16|   0|  16|   0
2025-09-06 13:00:53,956 | STEP 110 | corner=tr | move=← | max=512 | empty=7 | sum=1272 | depth=4
 128| 512| 512|   0
  32|   8|  32|   0
  16|   0|  16|   0
   0|   0|  16|   0
2025-09-06 13:00:55,470 | STEP 111 | corner=tr | move=→ | max=1024 | empty=8 | sum=1280 | depth=5
 128|1024|   0|   0
  32|   8|  32|   8
  32|   0|   0|   0
  16|   0|   0|   0
2025-09-06 13:00:56,887 | STEP 112 | corner=tr | move=↑ | max=1024 | empty=7 | sum=1296 | depth=5
   0|  16| 128|1024
  32|   8|  32|   8
   0|   0|   0|  32
   0|   0|   0|  16
2025-09-06 13:00:58,126 | STEP 113 | corner=tr | move=↑ | max=1024 | empty=6 | sum=1312 | depth=5
  32|  16| 128|1024
   0|   8|  32|   8
   0|   0|   0|  32
  16|   0|   0|  16
2025-09-06 13:00:59,087 | STEP 114 | corner=tr | move=← | max=1024 | empty=5 | sum=1328 | depth=5
  32|  16| 128|1024
  16|   8|  32|   8
   0|   0|  16|  32
   0|   0|   0|  16
2025-09-06 13:01:00,885 | STEP 115 | corner=tr | move=→ | max=1024 | empty=4 | sum=1336 | depth=6
  32|  16| 128|1024
  16|   8|  32|   8
  16|  32|   0|   0
  16|   8|   0|   0
2025-09-06 13:01:02,912 | STEP 116 | corner=tr | move=↑ | max=1024 | empty=3 | sum=1344 | depth=6
  32|  16| 128|1024
  16|   8|  32|   8
   0|   0|  16|  32
   0|   8|  16|   8
2025-09-06 13:01:06,680 | STEP 117 | corner=tr | move=↑ | max=1024 | empty=4 | sum=1352 | depth=6
  32|  16| 128|1024
  16|  16|  32|   8
   0|   8|  32|  32
   0|   0|   0|   8
2025-09-06 13:01:07,864 | STEP 118 | corner=tr | move=↑ | max=1024 | empty=5 | sum=1360 | depth=5
  32|  32| 128|1024
  16|   8|  64|   8
   0|   8|   0|  32
   0|   0|   0|   8
2025-09-06 13:01:09,072 | STEP 119 | corner=tr | move=→ | max=1024 | empty=5 | sum=1376 | depth=5
  32|  32| 128|1024
  16|  16|  64|   8
   0|   0|   0|  32
   0|   0|  16|   8
2025-09-06 13:01:10,143 | STEP 120 | corner=tr | move=↑ | max=1024 | empty=6 | sum=1384 | depth=5
   0|  64| 128|1024
   0|  32|  64|   8
   0|   0|   0|  32
   0|   8|  16|   8
2025-09-06 13:01:11,106 | STEP 121 | corner=tr | move=← | max=1024 | empty=5 | sum=1400 | depth=5
  16|  64| 128|1024
   0|  32|  64|   8
   0|   8|  16|  32
   0|   0|   0|   8
2025-09-06 13:01:13,321 | STEP 122 | corner=tr | move=↑ | max=1024 | empty=4 | sum=1408 | depth=6
  16|  64| 128|1024
  32|  64|   8|   0
   8|  16|  32|   8
   8|   0|   0|   0
2025-09-06 13:01:14,597 | STEP 123 | corner=tr | move=← | max=1024 | empty=5 | sum=1416 | depth=5
  16| 128| 128|1024
  32|  16|   8|   8
  16|   0|  32|   8
   0|   0|   0|   0
2025-09-06 13:01:16,280 | STEP 124 | corner=tr | move=↑ | max=1024 | empty=6 | sum=1424 | depth=5
  16| 256|1024|   0
  32|  16|  16|   0
  16|  32|   8|   0
   0|   0|   8|   0
2025-09-06 13:01:17,612 | STEP 125 | corner=tr | move=← | max=1024 | empty=6 | sum=1440 | depth=5
  16| 256|1024|  16
  32|  16|  16|   0
  16|  32|  16|   0
   0|   0|   0|   0
2025-09-06 13:01:18,913 | STEP 126 | corner=tr | move=↑ | max=1024 | empty=6 | sum=1456 | depth=5
  16| 256|1024|  16
  32|  32|   0|   0
  16|  32|  16|   0
   0|  16|   0|   0
2025-09-06 13:01:20,096 | STEP 127 | corner=tr | move=→ | max=1024 | empty=6 | sum=1464 | depth=5
  16| 256|1024|  16
  32|  64|  16|   0
  16|  16|   8|   0
   0|   0|   0|   0
2025-09-06 13:01:21,246 | STEP 128 | corner=tr | move=↑ | max=1024 | empty=6 | sum=1472 | depth=5
  16| 256|1024|  16
   0|  32|  64|  16
   0|   0|  32|   8
   0|   0|   0|   8
2025-09-06 13:01:22,368 | STEP 129 | corner=tr | move=→ | max=1024 | empty=7 | sum=1480 | depth=5
  16| 256|1024|  32
   8|  32|  64|  16
   0|   0|  32|   0
   0|   0|   0|   0
2025-09-06 13:01:23,569 | STEP 130 | corner=tr | move=↑ | max=1024 | empty=6 | sum=1488 | depth=5
  16| 256|1024|  32
   8|  32|  64|  16
   0|   0|   0|  32
   8|   0|   0|   0
2025-09-06 13:01:24,793 | STEP 131 | corner=tr | move=← | max=1024 | empty=6 | sum=1504 | depth=5
  16| 256|1024|  32
  16|  32|  64|  16
   0|   0|   0|  32
  16|   0|   0|   0
2025-09-06 13:01:25,873 | STEP 132 | corner=tr | move=→ | max=1024 | empty=5 | sum=1512 | depth=5
  16| 256|1024|  32
  16|  32|  64|  16
  32|   8|   0|   0
  16|   0|   0|   0
2025-09-06 13:01:27,593 | STEP 133 | corner=tr | move=← | max=1024 | empty=4 | sum=1528 | depth=6
  16| 256|1024|  32
  16|  32|  64|  16
   0|  16|  32|   8
   0|   0|   0|  16
2025-09-06 13:01:30,383 | STEP 134 | corner=tr | move=→ | max=1024 | empty=3 | sum=1536 | depth=6
  16| 256|1024|  32
  16|  32|  64|  16
  16|  32|   8|   0
  16|   0|   0|   8
2025-09-06 13:01:32,691 | STEP 135 | corner=tr | move=↑ | max=1024 | empty=2 | sum=1552 | depth=6
  16| 256|1024|  32
  16|  32|  64|  16
   0|  16|  32|   8
   0|  16|  16|   8
2025-09-06 13:01:35,620 | STEP 136 | corner=tr | move=↑ | max=1024 | empty=4 | sum=1568 | depth=6
  32| 256|1024|  32
  16|  32|  64|  16
   0|  32|  32|  16
   0|   0|  16|   0
2025-09-06 13:01:36,780 | STEP 137 | corner=tr | move=↑ | max=1024 | empty=5 | sum=1576 | depth=5
  32| 256|1024|  32
  16|  64|  64|  32
   0|   8|  32|   0
   0|   0|  16|   0
2025-09-06 13:01:37,919 | STEP 138 | corner=tr | move=↑ | max=1024 | empty=5 | sum=1592 | depth=5
  32| 256|1024|  64
  16|  64|  64|   0
   0|   8|  32|  16
   0|   0|  16|   0
2025-09-06 13:01:39,597 | STEP 139 | corner=tr | move=→ | max=1024 | empty=4 | sum=1600 | depth=6
  32| 256|1024|  64
  16|  64|  64|  16
   0|   8|  32|   0
   0|   0|  16|   8
2025-09-06 13:01:41,578 | STEP 140 | corner=tr | move=↑ | max=1024 | empty=4 | sum=1608 | depth=6
  32| 256|1024|  64
   0|  16| 128|  16
   8|   0|   8|  32
   0|   0|  16|   8
2025-09-06 13:01:42,738 | STEP 141 | corner=tr | move=→ | max=1024 | empty=3 | sum=1624 | depth=6
  32| 256|1024|  64
   8|  16| 128|  16
  16|   0|   8|  32
   0|   0|  16|   8
2025-09-06 13:01:43,808 | STEP 142 | corner=tr | move=→ | max=1024 | empty=2 | sum=1640 | depth=6
  32| 256|1024|  64
   8|  16| 128|  16
  16|  16|   8|  32
   0|   0|  16|   8
2025-09-06 13:01:44,810 | STEP 143 | corner=tr | move=↑ | max=1024 | empty=2 | sum=1648 | depth=6
  32| 256|1024|  64
   8|  16| 128|  16
   0|  32|   8|  32
   8|   0|  16|   8
2025-09-06 13:01:45,874 | STEP 144 | corner=tr | move=→ | max=1024 | empty=2 | sum=1656 | depth=6
  32| 256|1024|  64
  16|  16| 128|  16
   8|  32|   8|  32
   0|   0|  16|   8
2025-09-06 13:01:46,971 | STEP 145 | corner=tr | move=↑ | max=1024 | empty=2 | sum=1664 | depth=6
  32| 256|1024|  64
   8|  32| 128|  16
   8|  32|   8|  32
   0|   0|  16|   8
2025-09-06 13:01:48,346 | STEP 146 | corner=tr | move=← | max=1024 | empty=3 | sum=1672 | depth=6
  32| 256|1024|  64
  16|  64| 128|  16
   0|   8|   8|  32
   0|   0|  16|   8
2025-09-06 13:01:49,598 | STEP 147 | corner=tr | move=→ | max=1024 | empty=3 | sum=1688 | depth=6
  32| 256|1024|  64
  16|  64| 128|  16
  16|  32|  16|   0
  16|   8|   0|   0
2025-09-06 13:01:51,027 | STEP 148 | corner=tr | move=↑ | max=1024 | empty=2 | sum=1704 | depth=6
  32| 256|1024|  64
  16|  64| 128|  16
  16|  16|  32|  16
   0|   0|  16|   8
2025-09-06 13:01:52,786 | STEP 149 | corner=tr | move=↑ | max=1024 | empty=3 | sum=1720 | depth=6
  32| 256|1024|  64
  32|  64| 128|  32
  16|  16|  32|   8
   0|   0|  16|   0
2025-09-06 13:01:53,845 | STEP 150 | corner=tr | move=→ | max=1024 | empty=3 | sum=1728 | depth=6
  64| 256|1024|  64
  16|  64| 128|  32
   0|  16|  32|   8
   8|   0|  16|   0
2025-09-06 13:01:54,971 | STEP 151 | corner=tr | move=→ | max=1024 | empty=2 | sum=1736 | depth=6
  64| 256|1024|  64
  16|  64| 128|  32
   0|  16|  32|   8
   8|   0|   8|  16
2025-09-06 13:01:56,110 | STEP 152 | corner=tr | move=← | max=1024 | empty=2 | sum=1752 | depth=6
  64| 256|1024|  64
  16|  64| 128|  32
   0|  16|  32|   8
  16|   0|  16|  16
2025-09-06 13:01:57,575 | STEP 153 | corner=tr | move=↑ | max=1024 | empty=2 | sum=1768 | depth=6
  64| 256|1024|  64
  16|  64| 128|  32
  16|  32|   8|   0
  32|  16|  16|   0
2025-09-06 13:01:58,960 | STEP 154 | corner=tr | move=→ | max=1024 | empty=2 | sum=1784 | depth=6
  64| 256|1024|  64
  32|  64| 128|  32
  32|  32|   8|   0
   0|  16|  16|  16
2025-09-06 13:01:59,920 | STEP 155 | corner=tr | move=↑ | max=1024 | empty=3 | sum=1792 | depth=6
  64| 256|1024|  64
  32|  64| 128|  32
   0|   0|  64|   8
   0|   8|  16|  32
2025-09-06 13:02:00,901 | STEP 156 | corner=tr | move=← | max=1024 | empty=2 | sum=1800 | depth=6
  64| 256|1024|  64
  32|  64| 128|  32
   0|   8|  64|   8
   0|   8|  16|  32
2025-09-06 13:02:01,944 | STEP 157 | corner=tr | move=↑ | max=1024 | empty=1 | sum=1816 | depth=6
  64| 256|1024|  64
  32|  64| 128|  32
   8|  64|   8|   0
   8|  16|  32|  16
2025-09-06 13:02:03,516 | STEP 158 | corner=tr | move=← | max=1024 | empty=2 | sum=1824 | depth=6
  64| 256|1024|  64
  32| 128| 128|  32
  16|  16|   8|  16
   8|   0|  32|   0
2025-09-06 13:02:06,050 | STEP 159 | corner=tr | move=→ | max=1024 | empty=3 | sum=1840 | depth=6
  64| 256|1024|  64
  32| 256|  32|   0
  32|   8|  16|   0
   8|  32|  16|   0
2025-09-06 13:02:07,491 | STEP 160 | corner=tr | move=↑ | max=1024 | empty=2 | sum=1856 | depth=6
  64| 256|1024|  64
   0|  32| 256|  32
  16|  32|   8|  16
   0|   8|  32|  16
2025-09-06 13:02:09,898 | STEP 161 | corner=tr | move=↑ | max=1024 | empty=3 | sum=1872 | depth=6
  64| 256|1024|  64
  16|  64| 256|  32
   0|   8|   8|  32
  16|   0|  32|   0
2025-09-06 13:02:12,595 | STEP 162 | corner=tr | move=↑ | max=1024 | empty=4 | sum=1888 | depth=6
  64| 256|1024|  64
  32|  64| 256|  64
   0|   8|   8|   0
   0|  16|  32|   0
2025-09-06 13:02:14,612 | STEP 163 | corner=tr | move=→ | max=1024 | empty=4 | sum=1896 | depth=6
  64| 256|1024| 128
  32|  64| 256|   0
   0|   8|   8|   8
   0|  16|  32|   0
2025-09-06 13:02:16,054 | STEP 164 | corner=tr | move=← | max=1024 | empty=4 | sum=1912 | depth=6
  64| 256|1024| 128
   0|  32|  64| 256
   0|  16|   8|  16
   0|   0|  16|  32
2025-09-06 13:02:17,287 | STEP 165 | corner=tr | move=↑ | max=1024 | empty=3 | sum=1920 | depth=6
  64| 256|1024| 128
  32|  64| 256|   8
  16|   8|  16|   0
  16|  32|   0|   0
2025-09-06 13:02:19,082 | STEP 166 | corner=tr | move=→ | max=1024 | empty=3 | sum=1936 | depth=6
  64| 256|1024| 128
  32|  64| 256|   8
  32|   8|  16|   0
   0|  32|  16|   0
2025-09-06 13:02:20,145 | STEP 167 | corner=tr | move=→ | max=1024 | empty=2 | sum=1952 | depth=6
  64| 256|1024| 128
  32|  64| 256|   8
   0|  32|   8|  16
  16|   0|  32|  16
2025-09-06 13:02:21,048 | STEP 168 | corner=tr | move=↑ | max=1024 | empty=1 | sum=1960 | depth=6
  64| 256|1024| 128
  32|  64| 256|   8
   8|  32|   8|  16
   0|  16|  32|  16
2025-09-06 13:02:22,017 | STEP 169 | corner=tr | move=→ | max=1024 | empty=1 | sum=1976 | depth=6
  64| 256|1024| 128
  32|  64| 256|   8
   8|  32|   8|  32
  16|  16|  32|   0
2025-09-06 13:02:23,002 | STEP 170 | corner=tr | move=↑ | max=1024 | empty=1 | sum=1984 | depth=6
  64| 256|1024| 128
  32|  64| 256|   8
   8|  32|   8|  32
   8|   0|  32|  32
2025-09-06 13:02:23,975 | STEP 171 | corner=tr | move=← | max=1024 | empty=2 | sum=2000 | depth=6
  64| 256|1024| 128
  32|  64| 256|   8
  16|  32|   8|  64
   0|  16|  32|   0
2025-09-06 13:02:25,319 | STEP 172 | corner=tr | move=↑ | max=1024 | empty=1 | sum=2008 | depth=6
  64| 256|1024| 128
  32|  64| 256|   8
  16|  32|   8|  64
  16|  32|   8|   0
2025-09-06 13:02:27,508 | STEP 173 | corner=tr | move=→ | max=1024 | empty=3 | sum=2024 | depth=6
  64| 256|1024| 128
  32|  64| 256|   8
  32|  64|  16|  64
   0|   0|  16|   0
2025-09-06 13:02:29,182 | STEP 174 | corner=tr | move=→ | max=1024 | empty=2 | sum=2040 | depth=6
  64| 256|1024| 128
  32|  64| 256|   8
  32|  64|  16|  64
   0|  16|   0|  16
2025-09-06 13:02:30,682 | STEP 175 | corner=tr | move=↑ | max=1024 | empty=2 | sum=2056 | depth=6
  64| 256|1024| 128
  32|  64| 256|   8
  32|  64|  16|  64
   0|   0|  16|  32
2025-09-06 13:02:32,139 | STEP 176 | corner=tr | move=↑ | max=1024 | empty=4 | sum=2064 | depth=6
  64| 256|1024| 128
  64| 128| 256|   8
   0|   0|  32|  64
   0|   0|   8|  32
2025-09-06 13:02:33,595 | STEP 177 | corner=tr | move=← | max=1024 | empty=4 | sum=2080 | depth=6
 128| 256|1024| 128
   0| 128| 256|   8
   0|   0|  32|  64
  16|   0|   8|  32
2025-09-06 13:02:35,133 | STEP 178 | corner=tr | move=↑ | max=1024 | empty=3 | sum=2088 | depth=6
 128| 256|1024| 128
 128| 256|   8|   0
  32|  64|   0|   8
  16|   8|  32|   0
2025-09-06 13:02:36,766 | STEP 179 | corner=tr | move=← | max=1024 | empty=4 | sum=2104 | depth=6
 256| 512|1024| 128
  32|  64|   8|   8
  16|   8|  32|   0
   0|   0|  16|   0
2025-09-06 13:02:38,632 | STEP 180 | corner=tr | move=↑ | max=1024 | empty=4 | sum=2120 | depth=6
 256| 512|1024| 128
  32|  64|  16|   0
  16|   8|  32|  16
  16|   0|   0|   0
2025-09-06 13:02:41,354 | STEP 181 | corner=tr | move=↑ | max=1024 | empty=4 | sum=2136 | depth=6
 256| 512|1024| 128
  32|  64|  16|  16
  32|   8|  32|   0
   0|  16|   0|   0
2025-09-06 13:02:45,219 | STEP 182 | corner=tr | move=→ | max=1024 | empty=4 | sum=2144 | depth=6
 256| 512|1024| 128
  64|  64|  16|  16
   8|   8|  32|   0
   0|  16|   0|   0
2025-09-06 13:02:46,322 | STEP 183 | corner=tr | move=↑ | max=1024 | empty=6 | sum=2152 | depth=5
 256| 512|1024| 128
   0|   0| 128|  32
   0|   8|  16|  32
   0|   0|   0|  16
2025-09-06 13:02:47,531 | STEP 184 | corner=tr | move=↑ | max=1024 | empty=6 | sum=2160 | depth=5
 256| 512|1024| 128
   0|   8| 128|  64
   0|   0|  16|  16
   8|   0|   0|   0
2025-09-06 13:02:48,629 | STEP 185 | corner=tr | move=→ | max=1024 | empty=5 | sum=2176 | depth=5
 256| 512|1024| 128
   8|   8| 128|  64
   0|  16|  16|  16
   0|   0|   0|   0
2025-09-06 13:02:49,598 | STEP 186 | corner=tr | move=← | max=1024 | empty=6 | sum=2184 | depth=5
 256| 512|1024| 128
   8|  16| 128|  64
   0|   0|  16|  32
   0|   0|   0|   0
2025-09-06 13:02:50,607 | STEP 187 | corner=tr | move=→ | max=1024 | empty=5 | sum=2200 | depth=5
 256| 512|1024| 128
   8|  16| 128|  64
  16|  32|   0|  16
   0|   0|   0|   0
2025-09-06 13:02:52,405 | STEP 188 | corner=tr | move=↑ | max=1024 | empty=4 | sum=2208 | depth=6
 256| 512|1024| 128
   8|  16| 128|  64
   0|  16|  32|  16
   8|   0|   0|   0
2025-09-06 13:02:53,350 | STEP 189 | corner=tr | move=← | max=1024 | empty=5 | sum=2216 | depth=5
 256| 512|1024| 128
  16|  32| 128|  64
   0|   0|  32|  16
   0|   0|   0|   8
2025-09-06 13:02:55,138 | STEP 190 | corner=tr | move=↑ | max=1024 | empty=4 | sum=2232 | depth=6
 256| 512|1024| 128
  16|  32| 128|  64
  32|  16|   0|   0
   8|  16|   0|   0
2025-09-06 13:02:57,134 | STEP 191 | corner=tr | move=→ | max=1024 | empty=4 | sum=2240 | depth=6
 256| 512|1024| 128
  16|  32| 128|  64
  32|  32|   0|   8
   8|   0|   0|   0
2025-09-06 13:02:59,257 | STEP 192 | corner=tr | move=↑ | max=1024 | empty=4 | sum=2256 | depth=6
 256| 512|1024| 128
  16|  32| 128|  64
   0|   0|  64|   8
  16|   0|   0|   8
2025-09-06 13:03:00,405 | STEP 193 | corner=tr | move=← | max=1024 | empty=5 | sum=2264 | depth=5
 256| 512|1024| 128
  32|  32| 128|  64
   0|   0|  64|  16
   8|   0|   0|   0
2025-09-06 13:03:01,572 | STEP 194 | corner=tr | move=↑ | max=1024 | empty=5 | sum=2280 | depth=5
 256| 512|1024| 128
  64| 128|  64|   0
  64|  16|  16|   0
   8|   0|   0|   0
2025-09-06 13:03:02,730 | STEP 195 | corner=tr | move=← | max=1024 | empty=5 | sum=2288 | depth=5
 256| 512|1024| 128
 128| 128|  64|   0
   8|  16|  16|   0
   0|   8|   0|   0
2025-09-06 13:03:04,059 | STEP 196 | corner=tr | move=↑ | max=1024 | empty=6 | sum=2296 | depth=5
 256| 512|1024| 128
 256|  64|   0|   0
   8|  32|   0|   0
   8|   0|   0|   8
2025-09-06 13:03:05,602 | STEP 197 | corner=tr | move=← | max=1024 | empty=7 | sum=2304 | depth=5
 512| 512|1024| 128
  16|  64|   0|   8
   0|  32|   0|   0
   0|   8|   0|   0
2025-09-06 13:03:07,052 | STEP 198 | corner=tr | move=← | max=1024 | empty=7 | sum=2320 | depth=5
1024|1024| 128|  16
  16|  64|   8|   0
  32|   0|   0|   0
   8|   0|   0|   0
2025-09-06 13:03:08,411 | STEP 199 | corner=tr | move=← | max=2048 | empty=7 | sum=2336 | depth=5
2048| 128|  16|   0
  16|  64|   8|   0
  32|   0|  16|   0
   8|   0|   0|   0
2025-09-06 13:03:09,531 | STEP 200 | corner=tr | move=↑ | max=2048 | empty=6 | sum=2352 | depth=5
2048| 128|  16|   0
  16|  64|   8|   0
  32|  16|   0|   0
   8|  16|   0|   0
2025-09-06 13:03:10,781 | STEP 201 | corner=tr | move=↑ | max=2048 | empty=6 | sum=2368 | depth=5
2048| 128|  16|   0
  16|  64|   8|   0
  32|  32|   0|   0
   8|   0|  16|   0
2025-09-06 13:03:11,926 | STEP 202 | corner=tr | move=← | max=2048 | empty=5 | sum=2376 | depth=5
2048| 128|  16|   0
  16|  64|   8|   0
  32|  32|  16|   8
   8|   0|   0|   0
2025-09-06 13:03:13,167 | STEP 203 | corner=tr | move=↑ | max=2048 | empty=5 | sum=2392 | depth=5
2048| 128|  16|  16
  16|  64|   8|   0
  64|  16|   8|   0
   8|   0|   0|   0
2025-09-06 13:03:14,314 | STEP 204 | corner=tr | move=↑ | max=2048 | empty=5 | sum=2400 | depth=5
2048| 128|  16|  16
  16|  64|  16|   8
  64|  16|   0|   0
   8|   0|   0|   0
2025-09-06 13:03:15,408 | STEP 205 | corner=tr | move=→ | max=2048 | empty=5 | sum=2416 | depth=5
2048| 128|  32|  16
  16|  64|   0|   8
  64|  16|   0|   0
   8|   0|   0|  16
2025-09-06 13:03:18,456 | STEP 206 | corner=tr | move=↑ | max=2048 | empty=4 | sum=2424 | depth=6
2048| 128|  32|  16
   0|  16|  64|   8
   0|   0|  64|  16
   0|   8|   8|  16
2025-09-06 13:03:19,616 | STEP 207 | corner=tr | move=← | max=2048 | empty=5 | sum=2432 | depth=5
2048| 128|  32|  16
   0|  16| 128|   8
   0|   8|   8|  32
   0|   0|   8|   0
2025-09-06 13:03:20,686 | STEP 208 | corner=tr | move=↑ | max=2048 | empty=5 | sum=2448 | depth=5
2048| 128|  32|  16
  16| 128|   8|   0
  16|  32|   0|   0
   8|  16|   0|   0
2025-09-06 13:03:21,969 | STEP 209 | corner=tr | move=→ | max=2048 | empty=6 | sum=2464 | depth=5
2048| 256|  32|  16
  32|  32|   8|   0
   8|  16|   0|   0
   0|   0|   0|  16
2025-09-06 13:03:23,190 | STEP 210 | corner=tr | move=→ | max=2048 | empty=6 | sum=2472 | depth=5
2048| 256|  32|  16
   0|   0|  64|   8
   0|   0|   8|  16
   0|   8|   0|  16
2025-09-06 13:03:24,262 | STEP 211 | corner=tr | move=↑ | max=2048 | empty=5 | sum=2488 | depth=5
2048| 256|  32|  16
   0|   0|  64|   8
   0|  16|   8|  16
   0|   0|   8|  16
2025-09-06 13:03:25,255 | STEP 212 | corner=tr | move=← | max=2048 | empty=6 | sum=2504 | depth=5
2048| 256|  32|  16
   0|  16|  64|   8
   0|   0|  16|  32
   0|   0|   0|  16
2025-09-06 13:03:26,281 | STEP 213 | corner=tr | move=→ | max=2048 | empty=5 | sum=2520 | depth=5
2048| 256|  32|  16
  16|  64|   8|   0
  16|  32|  16|   0
  16|   0|   0|   0
2025-09-06 13:03:28,984 | STEP 214 | corner=tr | move=← | max=2048 | empty=4 | sum=2536 | depth=6
2048| 256|  32|  16
   0|  16|  64|   8
   0|  16|  32|  16
   0|  16|   0|  16
2025-09-06 13:03:32,591 | STEP 215 | corner=tr | move=↑ | max=2048 | empty=4 | sum=2552 | depth=6
2048| 256|  32|  16
  16|  64|   8|   0
  16|  32|  16|  16
  32|   0|   0|   0
2025-09-06 13:03:33,822 | STEP 216 | corner=tr | move=← | max=2048 | empty=5 | sum=2568 | depth=5
2048| 256|  32|  32
  32|  64|   8|   0
  32|  32|  16|   0
  16|   0|   0|   0
2025-09-06 13:03:34,987 | STEP 217 | corner=tr | move=← | max=2048 | empty=6 | sum=2576 | depth=5
2048| 256|  64|   0
  32|  64|   8|   0
  64|  16|   0|   0
  16|   0|   8|   0
2025-09-06 13:03:35,992 | STEP 218 | corner=tr | move=↑ | max=2048 | empty=5 | sum=2592 | depth=5
2048| 256|  64|   0
  32|  64|   8|  16
  64|  16|   0|   0
  16|   8|   0|   0
2025-09-06 13:03:38,470 | STEP 219 | corner=tr | move=→ | max=2048 | empty=4 | sum=2600 | depth=6
2048| 256|  64|  16
  32|  64|   8|   0
  64|  16|   0|   0
  16|   8|   0|   8
2025-09-06 13:03:40,833 | STEP 220 | corner=tr | move=→ | max=2048 | empty=4 | sum=2608 | depth=6
2048| 256|  64|  16
   0|  32|  64|   8
   8|   0|  64|  16
   0|   0|  16|  16
2025-09-06 13:03:42,401 | STEP 221 | corner=tr | move=↑ | max=2048 | empty=4 | sum=2624 | depth=6
2048| 256|  64|  16
   0|  32|  64|   8
   0|   8|  64|  16
   0|   0|  16|  32
2025-09-06 13:03:44,263 | STEP 222 | corner=tr | move=← | max=2048 | empty=4 | sum=2640 | depth=6
2048| 256| 128|  16
  16|  32|  64|   8
   0|   8|  16|  16
   0|   0|   0|  32
2025-09-06 13:03:46,006 | STEP 223 | corner=tr | move=↑ | max=2048 | empty=4 | sum=2656 | depth=6
2048| 256| 128|  16
  16|  32|  64|   8
   8|  32|   0|   0
  32|   0|  16|   0
2025-09-06 13:03:48,536 | STEP 224 | corner=tr | move=→ | max=2048 | empty=4 | sum=2672 | depth=6
2048| 256| 128|  16
  16|  64|  64|   8
   8|  16|  16|   0
  32|   0|   0|   0
2025-09-06 13:03:49,816 | STEP 225 | corner=tr | move=↑ | max=2048 | empty=5 | sum=2680 | depth=5
2048| 256| 128|  16
   0|  16| 128|   8
   8|   0|   8|  32
   0|   0|   0|  32
2025-09-06 13:03:51,121 | STEP 226 | corner=tr | move=← | max=2048 | empty=6 | sum=2688 | depth=5
2048| 256| 256|  16
   8|  16|   8|   8
   0|   0|   0|  64
   0|   0|   0|   8
2025-09-06 13:03:52,484 | STEP 227 | corner=tr | move=↑ | max=2048 | empty=7 | sum=2704 | depth=5
2048| 512|  16|   0
   8|  16|  16|  16
  64|   0|   0|   0
   8|   0|   0|   0
2025-09-06 13:03:53,487 | STEP 228 | corner=tr | move=→ | max=2048 | empty=7 | sum=2712 | depth=5
2048| 512|  32|  16
   8|  16|   8|   0
  64|   0|   0|   0
   8|   0|   0|   0
2025-09-06 13:03:54,689 | STEP 229 | corner=tr | move=↑ | max=2048 | empty=6 | sum=2720 | depth=5
2048| 512|  32|  16
   0|   8|  16|   8
   0|   8|   0|  64
   0|   0|   0|   8
2025-09-06 13:03:55,971 | STEP 230 | corner=tr | move=→ | max=2048 | empty=6 | sum=2736 | depth=5
2048| 512|  32|  16
   0|  16|  16|   8
   0|   0|  16|  64
   0|   0|   0|   8
2025-09-06 13:03:57,266 | STEP 231 | corner=tr | move=→ | max=2048 | empty=6 | sum=2752 | depth=5
2048| 512|  32|  16
   0|   0|  32|   8
  16|   0|  16|  64
   0|   0|   0|   8
2025-09-06 13:03:58,484 | STEP 232 | corner=tr | move=↑ | max=2048 | empty=6 | sum=2768 | depth=5
2048| 512|  32|  16
   0|   0|  32|   8
   0|   0|  32|  64
  16|   0|   0|   8
2025-09-06 13:03:59,645 | STEP 233 | corner=tr | move=← | max=2048 | empty=6 | sum=2776 | depth=5
2048| 512|  64|  16
  16|   0|  32|   8
   0|   8|   0|  64
   0|   0|   0|   8
2025-09-06 13:04:00,708 | STEP 234 | corner=tr | move=↑ | max=2048 | empty=5 | sum=2792 | depth=5
2048| 512|  64|  16
  16|  32|   8|   0
   8|  64|   0|   0
   8|  16|   0|   0
2025-09-06 13:04:01,886 | STEP 235 | corner=tr | move=↑ | max=2048 | empty=5 | sum=2808 | depth=5
2048| 512|  64|  16
  16|  32|   8|   0
  16|  64|   0|   0
   0|  16|  16|   0
2025-09-06 13:04:02,971 | STEP 236 | corner=tr | move=→ | max=2048 | empty=5 | sum=2816 | depth=5
2048| 512|  64|  16
  32|  32|   8|   0
   8|  64|  16|   0
   0|  16|   0|   0
2025-09-06 13:04:04,194 | STEP 237 | corner=tr | move=→ | max=2048 | empty=5 | sum=2824 | depth=5
2048| 512|  64|  16
   0|   0|  64|   8
   8|   8|  64|  16
   0|   0|   0|  16
2025-09-06 13:04:05,240 | STEP 238 | corner=tr | move=↑ | max=2048 | empty=5 | sum=2832 | depth=5
2048| 512|  64|  16
   0|   0|  64|   8
   0|  16|  64|  16
   0|   0|   8|  16
2025-09-06 13:04:06,282 | STEP 239 | corner=tr | move=← | max=2048 | empty=6 | sum=2848 | depth=5
2048| 512| 128|  16
   0|  16|  64|   8
   0|   0|   8|  32
   0|   0|  16|   0
2025-09-06 13:04:07,341 | STEP 240 | corner=tr | move=↑ | max=2048 | empty=5 | sum=2856 | depth=5
2048| 512| 128|  16
  16|  64|   8|   0
   8|  32|   0|   0
  16|   0|   0|   8
2025-09-06 13:04:09,424 | STEP 241 | corner=tr | move=↑ | max=2048 | empty=4 | sum=2864 | depth=6
2048| 512| 128|  16
  16|  64|   8|   8
   8|  32|   0|   8
  16|   0|   0|   0
2025-09-06 13:04:11,837 | STEP 242 | corner=tr | move=→ | max=2048 | empty=4 | sum=2880 | depth=6
2048| 512| 128|  16
  16|  64|   8|  16
   8|  32|   0|   0
  16|   0|  16|   0
2025-09-06 13:04:14,456 | STEP 243 | corner=tr | move=↑ | max=2048 | empty=4 | sum=2896 | depth=6
2048| 512| 128|  16
  16|  64|   8|  16
   0|   0|   8|  32
   0|   0|  16|  32
2025-09-06 13:04:15,676 | STEP 244 | corner=tr | move=↑ | max=2048 | empty=6 | sum=2912 | depth=5
2048| 512| 128|  32
  16|  64|  16|  64
   0|   0|  16|   0
   0|  16|   0|   0
2025-09-06 13:04:16,860 | STEP 245 | corner=tr | move=← | max=2048 | empty=6 | sum=2920 | depth=5
2048| 512| 128|  32
  16|  64|  32|  64
   0|  16|   0|   0
   8|   0|   0|   0
2025-09-06 13:04:17,991 | STEP 246 | corner=tr | move=→ | max=2048 | empty=5 | sum=2936 | depth=5
2048| 512| 128|  32
  16|  64|  32|  64
  16|   0|   0|   0
   8|   0|  16|   0
2025-09-06 13:04:20,584 | STEP 247 | corner=tr | move=← | max=2048 | empty=4 | sum=2944 | depth=6
2048| 512| 128|  32
  16|  64|  32|  64
   0|   0|   0|  16
   8|   0|   8|  16
2025-09-06 13:04:22,639 | STEP 248 | corner=tr | move=← | max=2048 | empty=4 | sum=2952 | depth=6
2048| 512| 128|  32
  16|  64|  32|  64
  16|   8|   0|   0
  16|  16|   0|   0
2025-09-06 13:04:25,450 | STEP 249 | corner=tr | move=↑ | max=2048 | empty=4 | sum=2960 | depth=6
2048| 512| 128|  32
  16|  64|  32|  64
  16|   8|   8|   0
  32|   0|   0|   0
2025-09-06 13:04:28,110 | STEP 250 | corner=tr | move=← | max=2048 | empty=4 | sum=2976 | depth=6
2048| 512| 128|  32
  32|  64|  32|  64
  32|   8|   8|   0
   0|  16|   0|   0
2025-09-06 13:04:30,843 | STEP 251 | corner=tr | move=→ | max=2048 | empty=4 | sum=2992 | depth=6
2048| 512| 128|  32
  32|  64|  32|  64
  32|  16|   0|  16
  16|   0|   0|   0
2025-09-06 13:04:33,149 | STEP 252 | corner=tr | move=↑ | max=2048 | empty=4 | sum=3000 | depth=6
2048| 512| 128|  32
  32|  64|  32|  64
   0|   8|  32|  32
   0|   0|   0|  16
2025-09-06 13:04:34,865 | STEP 253 | corner=tr | move=→ | max=2048 | empty=4 | sum=3016 | depth=6
2048| 512| 128|  32
  32|  64|  64|  64
  16|   8|   0|  32
   0|   0|   0|  16
2025-09-06 13:04:35,957 | STEP 254 | corner=tr | move=← | max=2048 | empty=4 | sum=3024 | depth=6
2048| 512| 128|  32
   8|  32|  64| 128
   0|  16|   8|  32
   0|   0|   0|  16
2025-09-06 13:04:37,258 | STEP 255 | corner=tr | move=→ | max=2048 | empty=3 | sum=3040 | depth=6
2048| 512| 128|  32
   8|  32|  64| 128
  16|   8|  32|   0
  16|   0|   0|  16
2025-09-06 13:04:38,580 | STEP 256 | corner=tr | move=↑ | max=2048 | empty=3 | sum=3056 | depth=6
2048| 512| 128|  32
   8|  32|  64| 128
   0|  16|   8|  32
  16|   0|   0|  32
2025-09-06 13:04:40,108 | STEP 257 | corner=tr | move=→ | max=2048 | empty=3 | sum=3064 | depth=6
2048| 512| 128|  32
   8|  32|  64| 128
  16|  16|   8|  64
   8|   0|   0|   0
2025-09-06 13:04:42,172 | STEP 258 | corner=tr | move=→ | max=2048 | empty=3 | sum=3072 | depth=6
2048| 512| 128|  32
   8|  32|  64| 128
   0|  32|   8|  64
   8|   0|   0|   8
2025-09-06 13:04:44,164 | STEP 259 | corner=tr | move=← | max=2048 | empty=3 | sum=3088 | depth=6
2048| 512| 128|  32
   8|  32|  64| 128
   0|  32|   8|  64
   0|   0|  16|  16
2025-09-06 13:04:45,784 | STEP 260 | corner=tr | move=→ | max=2048 | empty=3 | sum=3104 | depth=6
2048| 512| 128|  32
   8|  32|  64| 128
  32|   8|  64|  16
  32|   0|   0|   0
2025-09-06 13:04:46,926 | STEP 261 | corner=tr | move=↑ | max=2048 | empty=2 | sum=3112 | depth=6
2048| 512| 128|  32
   8|  32|  64| 128
  32|   8|  64|  16
   0|   0|   8|  32
2025-09-06 13:04:48,698 | STEP 262 | corner=tr | move=↑ | max=2048 | empty=2 | sum=3128 | depth=6
2048| 512| 128|  32
   8|  32| 128| 128
  32|   8|   8|  16
  16|   0|   0|  32
2025-09-06 13:04:50,007 | STEP 263 | corner=tr | move=← | max=2048 | empty=2 | sum=3136 | depth=6
2048| 512| 256|  32
   8|  32|   8| 128
  32|   8|   8|  16
  16|   0|   0|  32
2025-09-06 13:04:51,209 | STEP 264 | corner=tr | move=← | max=2048 | empty=2 | sum=3144 | depth=6
2048| 512| 256|  32
   8|  32|   8| 128
  32|  16|  16|   0
  16|  32|   8|   0
2025-09-06 13:04:52,269 | STEP 265 | corner=tr | move=↑ | max=2048 | empty=2 | sum=3160 | depth=6
2048| 512| 256|  32
   8|  32|   8| 128
  32|  32|  16|   0
  16|  32|   8|   0
2025-09-06 13:04:53,803 | STEP 266 | corner=tr | move=→ | max=2048 | empty=2 | sum=3168 | depth=6
2048| 512| 256|  32
   8|  64|   8| 128
  32|  32|  16|   0
  16|   8|   8|   0
2025-09-06 13:04:55,213 | STEP 267 | corner=tr | move=← | max=2048 | empty=3 | sum=3184 | depth=6
2048| 512| 256|  32
   8|  64|   8| 128
   0|   0|  64|  16
  16|   0|  16|  16
2025-09-06 13:04:56,783 | STEP 268 | corner=tr | move=→ | max=2048 | empty=3 | sum=3200 | depth=6
2048| 512| 256|  32
   8|  64|   8| 128
  64|  16|   0|   0
  32|  16|   0|  16
2025-09-06 13:04:58,035 | STEP 269 | corner=tr | move=← | max=2048 | empty=3 | sum=3216 | depth=6
2048| 512| 256|  32
   8|  64|   8| 128
   0|  16|  64|  16
   0|   0|  32|  32
2025-09-06 13:04:59,497 | STEP 270 | corner=tr | move=← | max=2048 | empty=3 | sum=3232 | depth=6
2048| 512| 256|  32
   8|  64|   8| 128
  16|  64|  16|  16
  64|   0|   0|   0
2025-09-06 13:05:00,723 | STEP 271 | corner=tr | move=↑ | max=2048 | empty=3 | sum=3248 | depth=6
2048| 512| 256|  32
   8|  64|   8| 128
  16|  64|  32|   0
  64|  16|   0|   0
2025-09-06 13:05:02,307 | STEP 272 | corner=tr | move=← | max=2048 | empty=3 | sum=3264 | depth=6
2048| 512| 256|  32
   8| 128|   8| 128
  16|  16|  32|   0
  64|  16|   0|   0
2025-09-06 13:05:03,808 | STEP 273 | corner=tr | move=← | max=2048 | empty=3 | sum=3280 | depth=6
2048| 512| 256|  32
   8| 128|   8| 128
  32|  32|   0|  16
  64|  16|   0|   0
2025-09-06 13:05:05,269 | STEP 274 | corner=tr | move=↑ | max=2048 | empty=3 | sum=3288 | depth=6
2048| 512| 256|  32
   8| 128|   8| 128
  64|  16|   8|   0
  64|  16|   0|   0
2025-09-06 13:05:06,213 | STEP 275 | corner=tr | move=→ | max=2048 | empty=5 | sum=3304 | depth=5
2048| 512| 256|  32
   8| 128|  16| 128
 128|  32|   0|   0
  16|   0|   0|   0
2025-09-06 13:05:07,883 | STEP 276 | corner=tr | move=← | max=2048 | empty=4 | sum=3320 | depth=6
2048| 512| 256|  32
   8| 128|  16| 128
   0|   0| 128|  32
   0|   0|  16|  16
2025-09-06 13:05:08,911 | STEP 277 | corner=tr | move=→ | max=2048 | empty=4 | sum=3328 | depth=6
2048| 512| 256|  32
   8| 128|  16| 128
 128|  32|   0|   0
  32|   8|   0|   0
2025-09-06 13:05:09,940 | STEP 278 | corner=tr | move=← | max=2048 | empty=3 | sum=3336 | depth=6
2048| 512| 256|  32
   8| 128|  16| 128
   0|   0| 128|  32
   0|   8|  32|   8
2025-09-06 13:05:11,104 | STEP 279 | corner=tr | move=← | max=2048 | empty=2 | sum=3344 | depth=6
2048| 512| 256|  32
   8| 128|  16| 128
 128|  32|   0|   0
   8|  32|   8|   8
2025-09-06 13:05:12,079 | STEP 280 | corner=tr | move=↑ | max=2048 | empty=2 | sum=3352 | depth=6
2048| 512| 256|  32
   8| 128|  16| 128
 128|  32|   8|   0
   8|  32|  16|   0
2025-09-06 13:05:13,069 | STEP 281 | corner=tr | move=↑ | max=2048 | empty=2 | sum=3360 | depth=6
2048| 512| 256|  32
   8| 128|  16| 128
 128|  64|   8|   0
   8|   0|  16|   8
2025-09-06 13:05:13,997 | STEP 282 | corner=tr | move=→ | max=2048 | empty=1 | sum=3368 | depth=6
2048| 512| 256|  32
   8| 128|  16| 128
 128|  64|   8|   8
   8|   0|  16|   8
2025-09-06 13:05:14,887 | STEP 283 | corner=tr | move=↑ | max=2048 | empty=1 | sum=3384 | depth=6
2048| 512| 256|  32
   8| 128|  16| 128
   0| 128|  64|  16
  16|   8|  16|   8
2025-09-06 13:05:15,776 | STEP 284 | corner=tr | move=→ | max=2048 | empty=1 | sum=3392 | depth=6
2048| 512| 256|  32
   8| 256|  16| 128
  16|   8|  64|  16
   8|   0|  16|   8
2025-09-06 13:05:16,662 | STEP 285 | corner=tr | move=↑ | max=2048 | empty=0 | sum=3408 | depth=6
2048| 512| 256|  32
   8| 256|  16| 128
  16|   8|  64|  16
  16|   8|  16|   8
2025-09-06 13:05:17,550 | STEP 286 | corner=tr | move=← | max=2048 | empty=1 | sum=3416 | depth=6
2048| 512| 256|  32
   8| 256|  16| 128
  32|  16|  64|  16
   8|   0|  16|   8
2025-09-06 13:05:18,461 | STEP 287 | corner=tr | move=← | max=2048 | empty=0 | sum=3424 | depth=6
2048| 512| 256|  32
   8| 256|  16| 128
  32|  16|  64|  16
   8|  16|   8|   8
2025-09-06 13:05:19,379 | STEP 288 | corner=tr | move=↑ | max=2048 | empty=0 | sum=3440 | depth=6
2048| 512| 256|  32
   8| 256|  16| 128
  32|  16|  64|  16
   8|  16|  16|  16
2025-09-06 13:05:20,505 | STEP 289 | corner=tr | move=← | max=2048 | empty=1 | sum=3456 | depth=6
2048| 512| 256|  32
   8| 256|  16| 128
  32|  32|  64|  32
   8|   0|  16|  16
2025-09-06 13:05:21,574 | STEP 290 | corner=tr | move=→ | max=2048 | empty=2 | sum=3472 | depth=6
2048| 512| 256|  32
   8| 256|  16| 128
  64|  64|  32|  16
   8|  32|   0|   0
2025-09-06 13:05:22,474 | STEP 291 | corner=tr | move=← | max=2048 | empty=2 | sum=3488 | depth=6
2048| 512| 256|  32
   8| 256|  16| 128
  16| 128|  32|  16
   0|   0|   8|  32
2025-09-06 13:05:23,406 | STEP 292 | corner=tr | move=→ | max=2048 | empty=1 | sum=3504 | depth=6
2048| 512| 256|  32
   8| 256|  16| 128
  16| 128|  32|  16
   8|  32|   0|  16
2025-09-06 13:05:24,327 | STEP 293 | corner=tr | move=→ | max=2048 | empty=0 | sum=3512 | depth=6
2048| 512| 256|  32
   8| 256|  16| 128
  16| 128|  32|  16
   8|   8|  32|  16
2025-09-06 13:05:25,255 | STEP 294 | corner=tr | move=→ | max=2048 | empty=0 | sum=3528 | depth=6
2048| 512| 256|  32
   8| 256|  16| 128
  16| 128|  32|  16
  16|  16|  32|  16
2025-09-06 13:05:26,193 | STEP 295 | corner=tr | move=↑ | max=2048 | empty=0 | sum=3544 | depth=6
2048| 512| 256|  32
   8| 256|  16| 128
  16| 128|  32|  16
  16|  32|  32|  16
2025-09-06 13:05:27,118 | STEP 296 | corner=tr | move=← | max=2048 | empty=2 | sum=3552 | depth=6
2048| 512| 256|  32
   8| 256|  16| 128
  32| 128|  64|  32
   0|  32|   8|   0
2025-09-06 13:05:28,006 | STEP 297 | corner=tr | move=→ | max=2048 | empty=1 | sum=3568 | depth=6
2048| 512| 256|  32
   8| 256|  16| 128
  32| 128|  64|  32
  32|   8|  16|   0
