2025-09-06 12:11:03,267 | Starting Advanced 2048 Bot...
2025-09-06 12:12:47,765 | STEP 2 | corner=tr | move=→ | max=256 | empty=7 | sum=568 | depth=4
 256|  64|  32|   8
 128|  32|   0|   0
  32|   8|   0|   0
   8|   0|   0|   0
2025-09-06 12:12:48,697 | STEP 3 | corner=tr | move=→ | max=256 | empty=7 | sum=568 | depth=4
 256|  64|  32|   8
 128|  32|   0|   0
  32|   8|   0|   0
   8|   0|   0|   0
2025-09-06 12:12:49,632 | STEP 4 | corner=tr | move=→ | max=256 | empty=7 | sum=568 | depth=4
 256|  64|  32|   8
 128|  32|   0|   0
  32|   8|   0|   0
   8|   0|   0|   0
2025-09-06 12:12:50,568 | STEP 5 | corner=tr | move=→ | max=256 | empty=7 | sum=568 | depth=4
 256|  64|  32|   8
 128|  32|   0|   0
  32|   8|   0|   0
   8|   0|   0|   0
2025-09-06 12:12:51,492 | STEP 6 | corner=tr | move=→ | max=256 | empty=7 | sum=568 | depth=4
 256|  64|  32|   8
 128|  32|   0|   0
  32|   8|   0|   0
   8|   0|   0|   0
2025-09-06 12:12:52,681 | STEP 7 | corner=tr | move=← | max=256 | empty=6 | sum=592 | depth=4
 256|  64|  32|   8
   0|   0| 128|  32
   0|   0|  32|  16
   0|   0|  16|   8
2025-09-06 12:12:53,942 | STEP 8 | corner=tr | move=→ | max=256 | empty=5 | sum=592 | depth=4
 256|  64|  32|   8
 128|  32|   0|   0
  32|   8|   0|   0
  16|   8|   0|   8
2025-09-06 12:12:54,907 | STEP 9 | corner=tr | move=↑ | max=256 | empty=5 | sum=608 | depth=4
 256|  64|  32|   8
   0|   0| 128|  32
   0|   0|  32|  16
   8|   0|  16|  16
2025-09-06 12:12:55,874 | STEP 10 | corner=tr | move=← | max=256 | empty=5 | sum=616 | depth=4
 256|  64|  32|   8
   8|   0| 128|  32
   0|   8|  32|  32
   0|   0|  16|   0
2025-09-06 12:13:24,591 | STEP 12 | corner=tr | move=↑ | max=256 | empty=5 | sum=640 | depth=4
 256|  64|  32|   8
   8| 128|  32|   0
  16|  64|  16|   0
  16|   0|   0|   0
2025-09-06 12:13:25,528 | STEP 13 | corner=tr | move=↑ | max=256 | empty=5 | sum=640 | depth=4
 256|  64|  32|   8
   8| 128|  32|   0
  16|  64|  16|   0
  16|   0|   0|   0
2025-09-06 12:13:26,484 | STEP 14 | corner=tr | move=↑ | max=256 | empty=5 | sum=640 | depth=4
 256|  64|  32|   8
   8| 128|  32|   0
  16|  64|  16|   0
  16|   0|   0|   0
2025-09-06 12:13:27,427 | STEP 15 | corner=tr | move=↑ | max=256 | empty=5 | sum=640 | depth=4
 256|  64|  32|   8
   8| 128|  32|   0
  16|  64|  16|   0
  16|   0|   0|   0
2025-09-06 12:13:28,687 | STEP 16 | corner=tr | move=← | max=256 | empty=6 | sum=648 | depth=4
 256|  64|  64|   8
   8| 128|   8|   0
  32|  64|   0|   0
   0|   0|   0|  16
2025-09-06 12:13:29,956 | STEP 17 | corner=tr | move=↑ | max=256 | empty=6 | sum=656 | depth=4
 256| 128|   8|   0
   8| 128|   8|   0
  32|  64|   0|   0
  16|   0|   8|   0
2025-09-06 12:13:31,239 | STEP 18 | corner=tr | move=← | max=256 | empty=6 | sum=672 | depth=4
 256| 256|   8|   0
   8|  64|   8|   0
  32|   0|   8|   0
  16|  16|   0|   0
2025-09-06 12:13:32,532 | STEP 19 | corner=tr | move=← | max=512 | empty=7 | sum=680 | depth=4
 512|   8|   8|   0
   8|  64|   8|   0
  32|   8|   0|   0
  32|   0|   0|   0
2025-09-06 12:13:33,494 | STEP 20 | corner=tr | move=↑ | max=512 | empty=7 | sum=688 | depth=4
 512|  16|   0|   0
   8|  64|   8|   0
  32|   8|   0|   0
  32|   8|   0|   0
2025-09-06 12:13:34,783 | STEP 21 | corner=tr | move=← | max=512 | empty=8 | sum=696 | depth=4
 512|  16|  16|   0
   8|  64|   8|   0
  64|   8|   0|   0
   0|   0|   0|   0
2025-09-06 12:13:35,810 | STEP 22 | corner=tr | move=↑ | max=512 | empty=8 | sum=704 | depth=4
 512|  32|   0|   0
   8|  64|   8|   8
  64|   8|   0|   0
   0|   0|   0|   0
2025-09-06 12:13:36,794 | STEP 23 | corner=tr | move=↑ | max=512 | empty=7 | sum=728 | depth=4
 512|  32|  16|   8
   8|  64|   0|   0
  64|   8|   0|   0
   0|   0|  16|   0
2025-09-06 12:13:37,799 | STEP 24 | corner=tr | move=← | max=512 | empty=7 | sum=736 | depth=4
 512|  32|  32|   8
   8|  64|   0|   0
  64|   8|   0|   0
   0|   8|   0|   0
2025-09-06 12:13:38,815 | STEP 25 | corner=tr | move=← | max=512 | empty=7 | sum=744 | depth=4
 512|  64|   8|   8
   8|  64|   0|   0
  64|   8|   0|   0
   8|   0|   0|   0
2025-09-06 12:13:39,815 | STEP 26 | corner=tr | move=↑ | max=512 | empty=7 | sum=760 | depth=4
 512|  64|  16|   0
   8|  64|   0|   0
  64|   8|   0|   0
   8|   0|   0|  16
2025-09-06 12:13:41,119 | STEP 27 | corner=tr | move=↑ | max=512 | empty=7 | sum=768 | depth=4
 512| 128|  16|  16
   8|   8|   0|   0
  64|   0|   0|   8
   8|   0|   0|   0
2025-09-06 12:13:42,116 | STEP 28 | corner=tr | move=← | max=512 | empty=6 | sum=784 | depth=4
 512| 128|  16|  16
   8|   8|   0|   8
  64|   0|   0|  16
   8|   0|   0|   0
2025-09-06 12:13:43,136 | STEP 29 | corner=tr | move=← | max=512 | empty=6 | sum=784 | depth=4
 512| 128|  32|   0
   8|   8|   8|   8
  64|   8|   0|   0
   8|   0|   0|   0
2025-09-06 12:13:44,154 | STEP 30 | corner=tr | move=← | max=512 | empty=6 | sum=792 | depth=4
 512| 128|  32|   0
   8|   8|   8|   0
  64|   8|   0|  16
   8|   0|   0|   0
2025-09-06 12:13:45,153 | STEP 31 | corner=tr | move=← | max=512 | empty=7 | sum=832 | depth=4
 512| 128|  32|   0
   8|  32|   0|  16
  64|  32|   0|   0
   8|   0|   0|   0
2025-09-06 12:13:46,154 | STEP 32 | corner=tr | move=← | max=512 | empty=6 | sum=832 | depth=4
 512| 128|  32|   0
   8|  32|   8|   0
  64|  32|   0|   0
   8|   0|   0|   8
2025-09-06 12:13:47,110 | STEP 33 | corner=tr | move=← | max=512 | empty=6 | sum=840 | depth=4
 512| 128|  32|   0
   8|  32|   8|   0
  64|  32|   0|   0
  16|   0|   0|   8
2025-09-06 12:13:48,074 | STEP 34 | corner=tr | move=← | max=512 | empty=5 | sum=848 | depth=4
 512| 128|  32|   0
   8|  32|   8|   0
  64|  32|   0|   0
  16|   8|   0|   8
2025-09-06 12:13:49,027 | STEP 35 | corner=tr | move=← | max=512 | empty=5 | sum=864 | depth=4
 512| 128|  32|   0
   8|  32|   8|  16
  64|  32|   0|   0
  16|  16|   0|   0
2025-09-06 12:13:50,025 | STEP 36 | corner=tr | move=↑ | max=512 | empty=6 | sum=888 | depth=4
 512| 128|  32|  16
   8|  32|  32|   0
  64|  32|   0|   0
  32|   0|   0|   0
2025-09-06 12:13:50,940 | STEP 37 | corner=tr | move=→ | max=512 | empty=7 | sum=896 | depth=4
 512| 128|  64|  16
   8|  64|   0|   0
  64|   8|   0|   0
  32|   0|   0|   0
2025-09-06 12:13:52,181 | STEP 38 | corner=tr | move=← | max=512 | empty=6 | sum=912 | depth=4
 512| 128|  64|  16
   0|   0|   8|  64
   8|   0|  64|  16
   0|   0|   0|  32
2025-09-06 12:13:53,116 | STEP 39 | corner=tr | move=↑ | max=512 | empty=5 | sum=920 | depth=4
 512| 128|  64|  16
   8|  64|   0|   0
   8|  64|  16|   0
  32|   8|   0|   0
2025-09-06 12:13:54,105 | STEP 40 | corner=tr | move=↑ | max=512 | empty=6 | sum=920 | depth=4
 512| 128|  64|  16
  16| 128|   8|   8
  32|   8|   0|   0
   0|   0|   0|   0
2025-09-06 12:13:55,091 | STEP 41 | corner=tr | move=↑ | max=512 | empty=6 | sum=928 | depth=4
 512| 256|  64|  16
  16|   8|   8|   8
  32|   8|   0|   0
   0|   0|   0|   0
2025-09-06 12:13:56,047 | STEP 42 | corner=tr | move=← | max=512 | empty=6 | sum=936 | depth=4
 512| 256|  64|  16
  16|   8|   8|   8
  32|   0|   0|   0
  16|   0|   0|   0
2025-09-06 12:13:57,331 | STEP 43 | corner=tr | move=→ | max=512 | empty=6 | sum=936 | depth=4
 512| 256|  64|  16
  16|   8|   8|   0
  32|   0|   0|   0
  16|   0|   0|   8
2025-09-06 12:13:58,291 | STEP 44 | corner=tr | move=← | max=512 | empty=5 | sum=968 | depth=4
 512| 256|  64|  16
   0|  32|   8|   8
  16|   0|   0|  32
   0|   0|  16|   8
2025-09-06 12:14:01,377 | STEP 45 | corner=tr | move=→ | max=512 | empty=4 | sum=968 | depth=6
 512| 256|  64|  16
  16|   8|   8|   0
  16|  32|   0|   0
  16|   8|  16|   0
2025-09-06 12:14:02,838 | STEP 46 | corner=tr | move=→ | max=512 | empty=3 | sum=992 | depth=6
 512| 256|  64|  16
   0|  32|   8|   8
   0|   8|  16|  32
   0|  16|   8|  16
2025-09-06 12:14:04,314 | STEP 47 | corner=tr | move=→ | max=512 | empty=3 | sum=992 | depth=6
 512| 256|  64|  16
   0|  32|   8|   8
   0|   8|  16|  32
   0|  16|   8|  16
2025-09-06 12:14:05,804 | STEP 48 | corner=tr | move=→ | max=512 | empty=3 | sum=992 | depth=6
 512| 256|  64|  16
   0|  32|   8|   8
   0|   8|  16|  32
   0|  16|   8|  16
2025-09-06 12:14:07,271 | STEP 49 | corner=tr | move=→ | max=512 | empty=3 | sum=992 | depth=6
 512| 256|  64|  16
   0|  32|   8|   8
   0|   8|  16|  32
   0|  16|   8|  16
2025-09-06 12:14:08,770 | STEP 50 | corner=tr | move=→ | max=512 | empty=3 | sum=992 | depth=6
 512| 256|  64|  16
   0|  32|   8|   8
   0|   8|  16|  32
   0|  16|   8|  16
2025-09-06 12:14:10,264 | STEP 51 | corner=tr | move=→ | max=512 | empty=3 | sum=992 | depth=6
 512| 256|  64|  16
   0|  32|   8|   8
   0|   8|  16|  32
   0|  16|   8|  16
2025-09-06 12:14:11,750 | STEP 52 | corner=tr | move=→ | max=512 | empty=3 | sum=992 | depth=6
 512| 256|  64|  16
   0|  32|   8|   8
   0|   8|  16|  32
   0|  16|   8|  16
2025-09-06 12:14:13,229 | STEP 53 | corner=tr | move=→ | max=512 | empty=3 | sum=992 | depth=6
 512| 256|  64|  16
   0|  32|   8|   8
   0|   8|  16|  32
   0|  16|   8|  16
2025-09-06 12:14:14,730 | STEP 54 | corner=tr | move=→ | max=512 | empty=3 | sum=992 | depth=6
 512| 256|  64|  16
   0|  32|   8|   8
   0|   8|  16|  32
   0|  16|   8|  16
2025-09-06 12:14:16,215 | STEP 55 | corner=tr | move=→ | max=512 | empty=3 | sum=992 | depth=6
 512| 256|  64|  16
   0|  32|   8|   8
   0|   8|  16|  32
   0|  16|   8|  16
2025-09-06 12:14:17,688 | STEP 56 | corner=tr | move=→ | max=512 | empty=3 | sum=992 | depth=6
 512| 256|  64|  16
   0|  32|   8|   8
   0|   8|  16|  32
   0|  16|   8|  16
2025-09-06 12:14:19,153 | STEP 57 | corner=tr | move=→ | max=512 | empty=3 | sum=992 | depth=6
 512| 256|  64|  16
   0|  32|   8|   8
   0|   8|  16|  32
   0|  16|   8|  16
2025-09-06 12:14:20,624 | STEP 58 | corner=tr | move=→ | max=512 | empty=3 | sum=992 | depth=6
 512| 256|  64|  16
   0|  32|   8|   8
   0|   8|  16|  32
   0|  16|   8|  16
2025-09-06 12:14:22,102 | STEP 59 | corner=tr | move=→ | max=512 | empty=3 | sum=992 | depth=6
 512| 256|  64|  16
   0|  32|   8|   8
   0|   8|  16|  32
   0|  16|   8|  16
2025-09-06 12:14:24,327 | STEP 60 | corner=tr | move=→ | max=512 | empty=3 | sum=1008 | depth=6
 512| 256|  64|  16
   0|  32|  32|   8
   0|   8|   8|  32
   0|  16|   8|  16
2025-09-06 12:14:26,760 | STEP 61 | corner=tr | move=→ | max=512 | empty=4 | sum=1024 | depth=6
 512| 256|  64|  16
   0|   0|  64|   8
   0|   0|  16|  32
  16|  16|   8|  16
2025-09-06 12:14:28,347 | STEP 62 | corner=tr | move=↑ | max=512 | empty=4 | sum=1032 | depth=6
 512| 256|  64|  16
   0|   0|  64|   8
   0|   8|  16|  32
   0|  32|   8|  16
2025-09-06 12:14:31,596 | STEP 63 | corner=tr | move=→ | max=512 | empty=4 | sum=1040 | depth=6
 512| 256| 128|  16
   0|   8|   8|   8
   0|  32|   8|  32
   0|  16|   0|  16
2025-09-06 12:14:34,449 | STEP 64 | corner=tr | move=→ | max=512 | empty=4 | sum=1056 | depth=6
 512| 256| 128|  16
   0|   8|   8|   8
   0|  32|   8|  32
   0|   0|  16|  32
2025-09-06 12:14:37,324 | STEP 65 | corner=tr | move=→ | max=512 | empty=4 | sum=1056 | depth=6
 512| 256| 128|  16
   0|   8|   8|   8
   0|  32|   8|  32
   0|   0|  16|  32
