2025-09-06 12:19:54,821 | Starting Advanced 2048 Bot...
2025-09-06 12:21:33,081 | STEP 2 | corner=tr | move=↑ | max=512 | empty=4 | sum=1064 | depth=6
 512| 256| 128|  16
   0|   8|  16|   8
   0|  32|   8|  32
   0|   0|  16|  32
2025-09-06 12:21:34,449 | STEP 3 | corner=tr | move=↑ | max=512 | empty=4 | sum=1064 | depth=6
 512| 256| 128|  16
   0|   8|  16|   8
   0|  32|   8|  32
   0|   0|  16|  32
2025-09-06 12:21:35,807 | STEP 4 | corner=tr | move=↑ | max=512 | empty=4 | sum=1064 | depth=6
 512| 256| 128|  16
   0|   8|  16|   8
   0|  32|   8|  32
   0|   0|  16|  32
2025-09-06 12:21:37,267 | STEP 5 | corner=tr | move=← | max=512 | empty=4 | sum=1072 | depth=6
 512| 256| 128|  16
   0|   8|  16|   8
   0|  32|   8|  64
   0|   0|  16|   8
2025-09-06 12:21:39,683 | STEP 6 | corner=tr | move=→ | max=512 | empty=3 | sum=1080 | depth=6
 512| 256| 128|  16
   8|  16|   8|   8
  32|   8|  64|   0
  16|   8|   0|   0
2025-09-06 12:21:57,910 | STEP 8 | corner=tr | move=← | max=512 | empty=3 | sum=1096 | depth=6
 512| 256| 128|  16
  16|   8|  16|  16
   0|  32|   8|  64
   0|   0|  16|   8
2025-09-06 12:21:59,615 | STEP 9 | corner=tr | move=← | max=512 | empty=3 | sum=1096 | depth=6
 512| 256| 128|  16
  16|   8|  16|  16
   0|  32|   8|  64
   0|   0|  16|   8
2025-09-06 12:22:01,305 | STEP 10 | corner=tr | move=← | max=512 | empty=3 | sum=1096 | depth=6
 512| 256| 128|  16
  16|   8|  16|  16
   0|  32|   8|  64
   0|   0|  16|   8
2025-09-06 12:22:02,854 | STEP 11 | corner=tr | move=↑ | max=512 | empty=3 | sum=1104 | depth=6
 512| 256| 128|  16
  16|   8|  32|   0
  32|   8|  64|   8
  16|   8|   0|   0
2025-09-06 12:22:04,981 | STEP 12 | corner=tr | move=→ | max=512 | empty=3 | sum=1112 | depth=6
 512| 256| 128|  16
  16|  16|  32|   8
  32|   8|  64|   8
  16|   0|   0|   0
2025-09-06 12:22:07,111 | STEP 13 | corner=tr | move=→ | max=512 | empty=3 | sum=1128 | depth=6
 512| 256| 128|  16
  16|  32|  32|   8
  32|   8|  64|   8
   0|   0|   0|  16
2025-09-06 12:22:09,915 | STEP 14 | corner=tr | move=↑ | max=512 | empty=3 | sum=1144 | depth=6
 512| 256| 128|  16
  16|  16|  64|   8
  32|   8|  64|   8
   0|   0|   0|  16
2025-09-06 12:22:13,622 | STEP 15 | corner=tr | move=↑ | max=512 | empty=4 | sum=1152 | depth=6
 512| 256| 128|  16
  16|  16| 128|  16
  32|   8|   0|  16
   8|   0|   0|   0
2025-09-06 12:22:14,887 | STEP 16 | corner=tr | move=← | max=512 | empty=5 | sum=1168 | depth=4
 512| 256| 256|  32
  16|  16|   0|  16
  32|   8|   0|   0
   8|   0|  16|   0
2025-09-06 12:22:16,176 | STEP 17 | corner=tr | move=↑ | max=512 | empty=6 | sum=1184 | depth=4
 512| 512|  32|   0
  32|  16|   0|   0
  32|   8|   0|   0
   8|  16|   0|  16
2025-09-06 12:22:17,469 | STEP 18 | corner=tr | move=← | max=512 | empty=6 | sum=1192 | depth=4
 512| 512|  32|  16
  64|  16|   0|   0
   8|   8|   0|   0
   0|  16|   0|   8
2025-09-06 12:22:19,188 | STEP 19 | corner=tr | move=↑ | max=1024 | empty=7 | sum=1208 | depth=5
1024|  32|  16|   0
  64|  16|   0|  16
  16|   0|   0|   0
  16|   8|   0|   0
2025-09-06 12:22:20,576 | STEP 20 | corner=tr | move=← | max=1024 | empty=7 | sum=1224 | depth=5
1024|  32|  16|  16
  64|  16|   0|   0
  32|   8|   0|   0
   0|   0|   0|  16
2025-09-06 12:22:22,071 | STEP 21 | corner=tr | move=↑ | max=1024 | empty=7 | sum=1232 | depth=5
1024|  32|  32|   0
  64|  16|   0|   0
  32|   8|   0|   0
  16|   8|   0|   0
2025-09-06 12:22:23,528 | STEP 22 | corner=tr | move=↑ | max=1024 | empty=7 | sum=1240 | depth=5
1024|  32|  32|   0
  64|  16|   0|   8
  32|  16|   0|   0
  16|   0|   0|   0
2025-09-06 12:22:24,956 | STEP 23 | corner=tr | move=↑ | max=1024 | empty=7 | sum=1256 | depth=5
1024|  32|  32|   8
  64|  32|   0|   0
  32|   0|   0|  16
  16|   0|   0|   0
2025-09-06 12:22:26,485 | STEP 24 | corner=tr | move=↑ | max=1024 | empty=7 | sum=1264 | depth=5
1024|  64|  32|   8
  64|   0|   0|  16
  32|   8|   0|   0
  16|   0|   0|   0
2025-09-06 12:22:27,692 | STEP 25 | corner=tr | move=→ | max=1024 | empty=6 | sum=1280 | depth=5
1024|  64|  32|   8
  64|   8|   0|  16
  32|   0|   0|  16
  16|   0|   0|   0
2025-09-06 12:22:29,123 | STEP 26 | corner=tr | move=↑ | max=1024 | empty=5 | sum=1288 | depth=5
1024|  64|  32|   8
   0|  64|   8|  16
   0|   8|  32|  16
   0|   0|   0|  16
2025-09-06 12:22:30,776 | STEP 27 | corner=tr | move=→ | max=1024 | empty=6 | sum=1304 | depth=5
1024| 128|  32|   8
   0|   8|   8|  32
   0|   0|  32|  16
   0|   0|   0|  16
2025-09-06 12:22:32,004 | STEP 28 | corner=tr | move=↑ | max=1024 | empty=6 | sum=1320 | depth=5
1024| 128|  32|   8
   0|   0|  16|  32
   0|  16|  32|  16
   0|   0|   0|  16
2025-09-06 12:22:33,449 | STEP 29 | corner=tr | move=→ | max=1024 | empty=6 | sum=1336 | depth=5
1024| 128|  32|   8
   0|  16|  16|  32
   0|   0|  32|  32
   0|   0|   0|  16
2025-09-06 12:22:34,872 | STEP 30 | corner=tr | move=→ | max=1024 | empty=7 | sum=1344 | depth=5
1024| 128|  32|   8
   0|   0|  32|  32
   0|   0|   0|  64
   8|   0|   0|  16
2025-09-06 12:22:36,535 | STEP 31 | corner=tr | move=↑ | max=1024 | empty=7 | sum=1352 | depth=5
1024| 128|  32|   8
   0|   0|   0|  64
   0|   8|   0|  64
   0|   0|   8|  16
2025-09-06 12:22:38,150 | STEP 32 | corner=tr | move=← | max=1024 | empty=7 | sum=1368 | depth=5
1024| 128|  32|   8
   0|   8|   8| 128
   0|  16|   0|  16
   0|   0|   0|   0
2025-09-06 12:22:39,391 | STEP 33 | corner=tr | move=↑ | max=1024 | empty=8 | sum=1376 | depth=5
1024| 128|  32|   8
  16| 128|   0|   0
  32|   0|   0|   0
   8|   0|   0|   0
2025-09-06 12:23:00,713 | STEP 35 | corner=tr | move=→ | max=1024 | empty=8 | sum=1392 | depth=5
1024| 256|  32|   8
  16|   0|   0|   0
  32|   0|  16|   0
   8|   0|   0|   0
2025-09-06 12:23:02,153 | STEP 36 | corner=tr | move=→ | max=1024 | empty=8 | sum=1392 | depth=5
1024| 256|  32|   8
  16|   0|   0|   0
  32|   0|  16|   0
   8|   0|   0|   0
2025-09-06 12:24:03,554 | STEP 38 | corner=tr | move=→ | max=1024 | empty=8 | sum=1392 | depth=5
1024| 256|  32|   8
  16|   0|   0|   0
  32|   0|  16|   0
   8|   0|   0|   0
2025-09-06 12:24:04,996 | STEP 39 | corner=tr | move=→ | max=1024 | empty=8 | sum=1392 | depth=5
1024| 256|  32|   8
  16|   0|   0|   0
  32|   0|  16|   0
   8|   0|   0|   0
2025-09-06 12:24:06,430 | STEP 40 | corner=tr | move=→ | max=1024 | empty=8 | sum=1392 | depth=5
1024| 256|  32|   8
  16|   0|   0|   0
  32|   0|  16|   0
   8|   0|   0|   0
2025-09-06 12:24:07,874 | STEP 41 | corner=tr | move=→ | max=1024 | empty=8 | sum=1392 | depth=5
1024| 256|  32|   8
  16|   0|   0|   0
  32|   0|  16|   0
   8|   0|   0|   0
2025-09-06 12:24:09,315 | STEP 42 | corner=tr | move=→ | max=1024 | empty=8 | sum=1392 | depth=5
1024| 256|  32|   8
  16|   0|   0|   0
  32|   0|  16|   0
   8|   0|   0|   0
2025-09-06 12:24:10,790 | STEP 43 | corner=tr | move=↑ | max=1024 | empty=7 | sum=1400 | depth=5
1024| 256|  32|   8
   0|   0|   0|  16
   0|   0|  32|  16
   0|   8|   0|   8
2025-09-06 12:24:12,234 | STEP 44 | corner=tr | move=→ | max=1024 | empty=8 | sum=1416 | depth=5
1024| 256|  64|   8
  16|   8|   0|  32
   0|   0|   0|   8
   0|   0|   0|   0
2025-09-06 12:24:13,464 | STEP 45 | corner=tr | move=↑ | max=1024 | empty=7 | sum=1432 | depth=5
1024| 256|  64|   8
   0|  16|   8|  32
   0|   0|   0|   8
   0|   0|  16|   0
2025-09-06 12:24:14,651 | STEP 46 | corner=tr | move=→ | max=1024 | empty=6 | sum=1440 | depth=5
1024| 256|  64|   8
   0|  16|   8|  32
   0|   0|  16|   8
   8|   0|   0|   0
2025-09-06 12:24:15,789 | STEP 47 | corner=tr | move=↑ | max=1024 | empty=5 | sum=1456 | depth=5
1024| 256|  64|   8
   0|  16|   8|  32
   0|   0|  16|   8
  16|   0|   0|   8
2025-09-06 12:24:17,039 | STEP 48 | corner=tr | move=→ | max=1024 | empty=5 | sum=1472 | depth=5
1024| 256|  64|   8
  16|  16|   8|  32
   0|   0|  16|  16
   0|   0|  16|   0
2025-09-06 12:24:18,329 | STEP 49 | corner=tr | move=↑ | max=1024 | empty=6 | sum=1488 | depth=5
1024| 256|  64|   8
   0|  32|   8|  32
   0|   0|   0|  32
   0|  16|   0|  16
2025-09-06 12:24:19,611 | STEP 50 | corner=tr | move=↑ | max=1024 | empty=6 | sum=1496 | depth=5
1024| 256|  64|   8
   0|  32|   8|  64
   0|  16|   0|  16
   0|   0|   8|   0
2025-09-06 12:24:20,889 | STEP 51 | corner=tr | move=← | max=1024 | empty=6 | sum=1512 | depth=5
1024| 256|  64|   8
   0|  32|  16|  64
   0|  16|   0|  16
   0|   0|   0|  16
2025-09-06 12:24:22,140 | STEP 52 | corner=tr | move=↑ | max=1024 | empty=6 | sum=1520 | depth=5
1024| 256|  64|   8
  32|  16|  64|   0
  32|   0|   0|   0
  16|   0|   8|   0
2025-09-06 12:24:23,423 | STEP 53 | corner=tr | move=→ | max=1024 | empty=7 | sum=1528 | depth=5
1024| 256| 128|   8
  64|  16|   8|   0
  16|   0|   0|   8
   0|   0|   0|   0
2025-09-06 12:24:24,626 | STEP 54 | corner=tr | move=← | max=1024 | empty=6 | sum=1536 | depth=5
1024| 256| 128|   8
   0|  64|  16|   8
   0|   0|  16|   8
   0|   0|   0|   8
2025-09-06 12:24:25,702 | STEP 55 | corner=tr | move=→ | max=1024 | empty=5 | sum=1552 | depth=5
1024| 256| 128|   8
  64|  16|   8|   0
  16|   8|   0|   0
   8|   0|   0|  16
2025-09-06 12:24:28,976 | STEP 56 | corner=tr | move=→ | max=1024 | empty=4 | sum=1560 | depth=6
1024| 256| 128|   8
   0|  64|  16|   8
   0|   0|  16|   8
   0|   8|   8|  16
2025-09-06 12:24:31,554 | STEP 57 | corner=tr | move=↑ | max=1024 | empty=4 | sum=1576 | depth=6
1024| 256| 128|   8
   0|  64|  16|   8
   0|   0|  16|   8
  16|   0|  16|  16
2025-09-06 12:24:32,595 | STEP 58 | corner=tr | move=→ | max=1024 | empty=5 | sum=1584 | depth=5
1024| 256| 128|  16
  16|  64|  32|   8
   0|   8|  16|  16
   0|   0|   0|   0
2025-09-06 12:24:33,701 | STEP 59 | corner=tr | move=↑ | max=1024 | empty=5 | sum=1592 | depth=5
1024| 256| 128|  16
  16|  64|  32|   8
   0|   0|   8|  32
   0|   0|   8|   0
2025-09-06 12:24:34,701 | STEP 60 | corner=tr | move=← | max=1024 | empty=5 | sum=1600 | depth=5
1024| 256| 128|  16
  16|  64|  32|   8
   8|   0|  16|  32
   0|   0|   0|   0
2025-09-06 12:24:36,199 | STEP 61 | corner=tr | move=↑ | max=1024 | empty=4 | sum=1616 | depth=6
1024| 256| 128|  16
  16|  64|  32|   8
   8|  16|  32|   0
  16|   0|   0|   0
2025-09-06 12:24:38,287 | STEP 62 | corner=tr | move=→ | max=1024 | empty=4 | sum=1624 | depth=6
1024| 256| 128|  16
  16|  64|  64|   8
   8|  16|   0|   0
  16|   0|   8|   0
2025-09-06 12:24:41,145 | STEP 63 | corner=tr | move=→ | max=1024 | empty=4 | sum=1640 | depth=6
1024| 256| 128|  16
  16|  16| 128|   8
   0|   0|   8|  16
   0|   0|  16|   8
2025-09-06 12:24:43,337 | STEP 64 | corner=tr | move=↑ | max=1024 | empty=4 | sum=1656 | depth=6
1024| 256| 128|  16
   0|  32| 128|   8
   0|  16|   8|  16
   0|   0|  16|   8
2025-09-06 12:24:48,869 | STEP 65 | corner=tr | move=← | max=1024 | empty=4 | sum=1664 | depth=6
1024| 256| 256|  16
   0|  32|   8|   8
   0|  16|  16|  16
   0|   0|   8|   8
2025-09-06 12:24:50,228 | STEP 66 | corner=tr | move=← | max=1024 | empty=7 | sum=1672 | depth=5
1024| 512|  16|   0
  32|  16|   0|   0
  32|  16|   0|   0
  16|   0|   8|   0
2025-09-06 12:24:51,388 | STEP 67 | corner=tr | move=↑ | max=1024 | empty=6 | sum=1680 | depth=5
1024| 512|  16|   0
  32|  16|   0|   0
  32|  16|   8|   0
  16|   8|   0|   0
2025-09-06 12:24:52,753 | STEP 68 | corner=tr | move=↑ | max=1024 | empty=7 | sum=1688 | depth=5
1024| 512|  16|   0
  64|  32|   8|   0
  16|   8|   0|   8
   0|   0|   0|   0
2025-09-06 12:24:53,775 | STEP 69 | corner=tr | move=→ | max=1024 | empty=6 | sum=1696 | depth=5
1024| 512|  16|   8
  64|  32|   8|   0
  16|   8|   0|   0
   8|   0|   0|   0
2025-09-06 12:24:55,046 | STEP 70 | corner=tr | move=→ | max=1024 | empty=5 | sum=1704 | depth=5
1024| 512|  16|   8
   0|  64|  32|   8
   0|   0|  16|   8
   0|   8|   0|   8
2025-09-06 12:24:56,282 | STEP 71 | corner=tr | move=↑ | max=1024 | empty=5 | sum=1720 | depth=5
1024| 512|  16|   8
   0|  64|  32|   8
   0|   0|  16|   8
   0|   0|  16|  16
2025-09-06 12:24:57,591 | STEP 72 | corner=tr | move=← | max=1024 | empty=6 | sum=1736 | depth=5
1024| 512|  16|  16
   0|  64|  32|   8
   0|   0|  32|  16
   0|   0|  16|   0
2025-09-06 12:24:58,752 | STEP 73 | corner=tr | move=← | max=1024 | empty=6 | sum=1744 | depth=5
1024| 512|  32|   0
  64|  32|   8|   0
  32|  16|   0|   0
  16|   0|   8|   0
2025-09-06 12:24:59,958 | STEP 74 | corner=tr | move=↑ | max=1024 | empty=5 | sum=1760 | depth=5
1024| 512|  32|   0
  64|  32|   8|   0
  32|  16|   0|  16
  16|   8|   0|   0
2025-09-06 12:25:02,617 | STEP 75 | corner=tr | move=→ | max=1024 | empty=4 | sum=1768 | depth=6
1024| 512|  32|  16
  64|  32|   8|   0
  32|  16|   0|   0
  16|   8|   0|   8
2025-09-06 12:25:04,814 | STEP 76 | corner=tr | move=↑ | max=1024 | empty=4 | sum=1776 | depth=6
1024| 512|  32|  16
   0|  64|  32|   8
   0|   0|  32|  16
   8|   0|  16|  16
2025-09-06 12:25:05,931 | STEP 77 | corner=tr | move=→ | max=1024 | empty=5 | sum=1792 | depth=5
1024| 512|  64|  16
   8|  64|  32|   8
  16|   0|  16|  32
   0|   0|   0|   0
2025-09-06 12:25:07,112 | STEP 78 | corner=tr | move=↑ | max=1024 | empty=5 | sum=1800 | depth=5
1024| 512|  64|  16
   8|  64|  32|   8
   0|   0|  32|  32
   0|   0|   0|   8
2025-09-06 12:25:08,323 | STEP 79 | corner=tr | move=↑ | max=1024 | empty=5 | sum=1808 | depth=5
1024| 512|  64|  16
   8|  64|  64|   8
   0|   0|   0|  32
   0|   0|   8|   8
2025-09-06 12:25:09,571 | STEP 80 | corner=tr | move=→ | max=1024 | empty=5 | sum=1816 | depth=5
1024| 512| 128|  16
   8|  64|   8|   8
   0|   0|   0|  32
   0|   0|   8|   8
2025-09-06 12:25:10,824 | STEP 81 | corner=tr | move=↑ | max=1024 | empty=6 | sum=1832 | depth=5
1024| 512| 128|  16
   0|   8|  64|  16
  16|   0|   0|  32
   0|   0|   0|  16
2025-09-06 12:25:11,949 | STEP 82 | corner=tr | move=↑ | max=1024 | empty=6 | sum=1840 | depth=5
1024| 512| 128|  32
  16|   8|  64|  32
   0|   0|   0|  16
   0|   0|   0|   8
2025-09-06 12:25:12,922 | STEP 83 | corner=tr | move=← | max=1024 | empty=6 | sum=1856 | depth=5
1024| 512| 128|  64
  16|   8|  64|  16
   0|   0|   0|   8
   0|   0|   0|  16
2025-09-06 12:25:14,035 | STEP 84 | corner=tr | move=→ | max=1024 | empty=5 | sum=1864 | depth=5
1024| 512| 128|  64
  16|   8|  64|  16
   8|   0|   0|   8
  16|   0|   0|   0
2025-09-06 12:25:15,270 | STEP 85 | corner=tr | move=→ | max=1024 | empty=5 | sum=1880 | depth=5
1024| 512| 128|  64
  16|   8|  64|  16
   0|   0|   0|  16
  16|   0|   0|  16
2025-09-06 12:25:16,481 | STEP 86 | corner=tr | move=↑ | max=1024 | empty=5 | sum=1896 | depth=5
1024| 512| 128|  64
  16|   8|  64|  16
   0|   0|  16|  16
   0|   0|   0|  32
2025-09-06 12:25:17,730 | STEP 87 | corner=tr | move=↑ | max=1024 | empty=5 | sum=1912 | depth=5
1024| 512| 128|  64
  16|   8|  64|  32
   0|  16|  16|  32
   0|   0|   0|   0
2025-09-06 12:25:19,005 | STEP 88 | corner=tr | move=← | max=1024 | empty=5 | sum=1928 | depth=5
1024| 512| 128|  64
  16|   8|  64|  64
   0|  16|  16|   0
   0|   0|  16|   0
2025-09-06 12:25:20,160 | STEP 89 | corner=tr | move=↑ | max=1024 | empty=6 | sum=1936 | depth=5
1024| 512| 128|  64
  16|   8| 128|   0
  32|   8|   0|   0
  16|   0|   0|   0
2025-09-06 12:25:21,426 | STEP 90 | corner=tr | move=→ | max=1024 | empty=7 | sum=1952 | depth=5
1024| 512| 256|  64
  16|  16|  16|   0
  32|   0|   0|   0
  16|   0|   0|   0
2025-09-06 12:25:22,626 | STEP 91 | corner=tr | move=↑ | max=1024 | empty=7 | sum=1960 | depth=5
1024| 512| 256|  64
   0|   0|  16|  32
   0|   0|   0|  32
   0|   0|   8|  16
2025-09-06 12:25:23,835 | STEP 92 | corner=tr | move=↑ | max=1024 | empty=7 | sum=1976 | depth=5
1024| 512| 256|  64
   0|   0|  16|  64
   0|   0|   8|  16
   0|   0|   0|  16
2025-09-06 12:25:25,379 | STEP 93 | corner=tr | move=← | max=1024 | empty=8 | sum=1984 | depth=5
1024| 512| 256| 128
   0|   0|  16|  32
   0|   0|   8|   0
   0|   0|   8|   0
2025-09-06 12:25:26,759 | STEP 94 | corner=tr | move=↑ | max=1024 | empty=7 | sum=1992 | depth=5
1024| 512| 256| 128
  16|  32|   0|   0
   8|   0|   0|   0
   8|   0|   8|   0
2025-09-06 12:25:28,073 | STEP 95 | corner=tr | move=← | max=1024 | empty=7 | sum=2000 | depth=5
1024| 512| 256| 128
  16|  32|   8|   0
  16|   0|   0|   0
   0|   8|   0|   0
2025-09-06 12:25:29,357 | STEP 96 | corner=tr | move=→ | max=1024 | empty=6 | sum=2008 | depth=5
1024| 512| 256| 128
  16|  32|   8|   0
  16|   0|   8|   0
   8|   0|   0|   0
2025-09-06 12:25:30,497 | STEP 97 | corner=tr | move=→ | max=1024 | empty=5 | sum=2024 | depth=5
1024| 512| 256| 128
   0|  16|  32|   8
   0|   0|  16|   8
  16|   0|   0|   8
2025-09-06 12:25:32,591 | STEP 98 | corner=tr | move=↑ | max=1024 | empty=4 | sum=2032 | depth=6
1024| 512| 256| 128
   0|  16|  32|   8
   0|   0|  16|   8
   0|   8|  16|   8
2025-09-06 12:25:33,725 | STEP 99 | corner=tr | move=↑ | max=1024 | empty=5 | sum=2040 | depth=5
1024| 512| 256| 128
   0|  16|  32|  16
   0|   8|  32|   8
   0|   0|   0|   8
2025-09-06 12:25:35,083 | STEP 100 | corner=tr | move=→ | max=1024 | empty=6 | sum=2048 | depth=5
1024| 512| 256| 128
   0|  16|  64|  16
   0|   8|   8|  16
   0|   0|   0|   0
2025-09-06 12:25:36,342 | STEP 101 | corner=tr | move=↑ | max=1024 | empty=6 | sum=2064 | depth=5
1024| 512| 256| 128
   0|  16|  64|  16
   0|   0|  16|  16
  16|   0|   0|   0
2025-09-06 12:25:37,539 | STEP 102 | corner=tr | move=↑ | max=1024 | empty=6 | sum=2072 | depth=5
1024| 512| 256| 128
  16|  16|  64|  32
   0|   0|  16|   0
   0|   0|   0|   8
2025-09-06 12:25:38,759 | STEP 103 | corner=tr | move=← | max=1024 | empty=5 | sum=2088 | depth=5
1024| 512| 256| 128
  16|  16|  64|  32
   0|  16|  16|   8
   0|   0|   0|   0
2025-09-06 12:25:39,961 | STEP 104 | corner=tr | move=← | max=1024 | empty=6 | sum=2104 | depth=5
1024| 512| 256| 128
  32|  64|  32|   0
  32|   8|   0|   0
   0|  16|   0|   0
2025-09-06 12:25:41,100 | STEP 105 | corner=tr | move=→ | max=1024 | empty=5 | sum=2120 | depth=5
1024| 512| 256| 128
  32|  64|  32|   0
  32|   8|   0|  16
  16|   0|   0|   0
2025-09-06 12:25:43,914 | STEP 106 | corner=tr | move=→ | max=1024 | empty=4 | sum=2128 | depth=6
1024| 512| 256| 128
   0|  32|  64|  32
   0|  32|   8|  16
   8|   0|   0|  16
2025-09-06 12:25:46,717 | STEP 107 | corner=tr | move=← | max=1024 | empty=3 | sum=2144 | depth=6
1024| 512| 256| 128
   0|  32|  64|  32
   0|  32|   8|  16
   0|  16|   8|  16
2025-09-06 12:25:48,641 | STEP 108 | corner=tr | move=↑ | max=1024 | empty=2 | sum=2152 | depth=6
1024| 512| 256| 128
  32|  64|  32|   8
  32|   8|  16|   0
  16|   8|  16|   0
2025-09-06 12:25:52,018 | STEP 109 | corner=tr | move=→ | max=1024 | empty=4 | sum=2168 | depth=6
1024| 512| 256| 128
  64|  64|  32|   8
  16|  16|  32|  16
   0|   0|   0|   0
2025-09-06 12:25:53,133 | STEP 110 | corner=tr | move=← | max=1024 | empty=5 | sum=2176 | depth=5
1024| 512| 256| 128
   0| 128|  32|   8
   0|  32|  32|  16
   8|   0|   0|   0
2025-09-06 12:25:54,548 | STEP 111 | corner=tr | move=→ | max=1024 | empty=5 | sum=2184 | depth=5
1024| 512| 256| 128
 128|  32|   8|   0
  64|  16|   0|   0
   8|   0|   0|   8
2025-09-06 12:25:55,651 | STEP 112 | corner=tr | move=→ | max=1024 | empty=5 | sum=2192 | depth=5
1024| 512| 256| 128
   0| 128|  32|   8
   0|   0|  64|  16
   0|   8|   0|  16
2025-09-06 12:25:58,126 | STEP 113 | corner=tr | move=→ | max=1024 | empty=4 | sum=2200 | depth=6
1024| 512| 256| 128
   0| 128|  32|   8
   0|   0|  64|  16
   0|   8|   8|  16
2025-09-06 12:25:59,903 | STEP 114 | corner=tr | move=↑ | max=1024 | empty=4 | sum=2208 | depth=6
1024| 512| 256| 128
   0| 128|  32|   8
   0|   0|  64|  16
   8|   0|  16|  16
2025-09-06 12:26:01,780 | STEP 115 | corner=tr | move=→ | max=1024 | empty=4 | sum=2224 | depth=6
1024| 512| 256| 128
   8| 128|  32|   8
   0|   0|  64|  32
  16|   0|  16|   0
2025-09-06 12:26:03,339 | STEP 116 | corner=tr | move=← | max=1024 | empty=4 | sum=2240 | depth=6
1024| 512| 256| 128
   8| 128|  32|   8
   0|  16|  64|  32
   0|   0|   0|  32
2025-09-06 12:26:04,680 | STEP 117 | corner=tr | move=↑ | max=1024 | empty=3 | sum=2256 | depth=6
1024| 512| 256| 128
   8| 128|  32|   8
  16|  64|  32|   0
  32|  16|   0|   0
2025-09-06 12:26:05,956 | STEP 118 | corner=tr | move=→ | max=1024 | empty=3 | sum=2264 | depth=6
1024| 512| 256| 128
   8| 128|  64|   8
  16|  64|   0|   8
  32|  16|   0|   0
2025-09-06 12:26:07,722 | STEP 119 | corner=tr | move=↑ | max=1024 | empty=2 | sum=2280 | depth=6
1024| 512| 256| 128
   8| 128|  64|   8
  16|  16|  64|   8
   0|   0|  32|  16
2025-09-06 12:26:10,587 | STEP 120 | corner=tr | move=→ | max=1024 | empty=3 | sum=2296 | depth=6
1024| 512| 256| 128
   8| 128| 128|  16
  16|  16|  32|  16
   0|   0|  16|   0
2025-09-06 12:26:14,054 | STEP 121 | corner=tr | move=↑ | max=1024 | empty=4 | sum=2312 | depth=6
1024| 512| 256| 128
  16|   8| 256|  16
   0|  32|  32|  16
   0|   0|   0|  16
2025-09-06 12:26:15,500 | STEP 122 | corner=tr | move=← | max=1024 | empty=5 | sum=2320 | depth=5
1024| 512| 512| 128
  16|   8|  32|  32
   0|  32|   0|  16
   0|   8|   0|   0
2025-09-06 12:26:16,875 | STEP 123 | corner=tr | move=← | max=1024 | empty=6 | sum=2336 | depth=5
1024|1024| 128|  16
  16|   8|  64|   0
  32|  16|   0|   0
   8|   0|   0|   0
2025-09-06 12:26:18,286 | STEP 124 | corner=tr | move=↑ | max=2048 | empty=6 | sum=2344 | depth=5
2048| 128|  16|   0
  16|   8|  64|   0
  32|  16|   0|   8
   8|   0|   0|   0
2025-09-06 12:26:19,245 | STEP 125 | corner=tr | move=→ | max=2048 | empty=5 | sum=2352 | depth=5
2048| 128|  16|   8
  16|   8|  64|   0
  32|  16|   8|   0
   8|   0|   0|   0
2025-09-06 12:26:21,902 | STEP 126 | corner=tr | move=→ | max=2048 | empty=4 | sum=2368 | depth=6
2048| 128|  16|   8
  16|  16|   8|  64
   0|  32|  16|   8
   0|   0|   0|   8
2025-09-06 12:26:24,184 | STEP 127 | corner=tr | move=← | max=2048 | empty=4 | sum=2384 | depth=6
2048| 128|  16|   8
   0|  32|   8|  64
   0|  32|  16|   8
  16|   0|   0|   8
2025-09-06 12:26:26,373 | STEP 128 | corner=tr | move=← | max=2048 | empty=3 | sum=2392 | depth=6
2048| 128|  16|   8
  32|   8|  64|   0
  32|  16|   8|   0
  16|   8|   8|   0
2025-09-06 12:26:28,356 | STEP 129 | corner=tr | move=→ | max=2048 | empty=3 | sum=2400 | depth=6
2048| 128|  16|   8
  32|   8|  64|   0
  32|  16|   8|   0
  16|  16|   8|   0
2025-09-06 12:26:30,065 | STEP 130 | corner=tr | move=← | max=2048 | empty=3 | sum=2416 | depth=6
2048| 128|  16|   8
   0|  32|   8|  64
   0|  32|  16|   8
  16|   0|  32|   8
2025-09-06 12:26:31,284 | STEP 131 | corner=tr | move=→ | max=2048 | empty=2 | sum=2432 | depth=6
2048| 128|  16|   8
  32|   8|  64|   0
  32|  16|   8|  16
  16|  32|   8|   0
2025-09-06 12:26:32,589 | STEP 132 | corner=tr | move=↑ | max=2048 | empty=1 | sum=2448 | depth=6
2048| 128|  16|   8
   0|  32|   8|  64
  32|  16|   8|  16
  16|  16|  32|   8
2025-09-06 12:26:34,949 | STEP 133 | corner=tr | move=↑ | max=2048 | empty=2 | sum=2456 | depth=6
2048| 128|  16|   8
  32|  32|  16|  64
  16|  32|  32|  16
   8|   0|   0|   8
2025-09-06 12:26:37,485 | STEP 134 | corner=tr | move=↑ | max=2048 | empty=3 | sum=2472 | depth=6
2048| 128|  32|   8
  32|  64|  32|  64
  16|  16|   0|  16
   8|   0|   0|   8
2025-09-06 12:26:40,091 | STEP 135 | corner=tr | move=← | max=2048 | empty=3 | sum=2480 | depth=6
2048| 128|  64|   8
  32|  64|   0|  64
  16|  16|   0|  16
   8|   0|   8|   8
2025-09-06 12:26:41,169 | STEP 136 | corner=tr | move=↑ | max=2048 | empty=5 | sum=2488 | depth=5
2048| 128|  64|   8
  32| 128|   0|   0
  32|  16|   8|   0
  16|   8|   0|   0
2025-09-06 12:26:42,369 | STEP 137 | corner=tr | move=→ | max=2048 | empty=6 | sum=2496 | depth=5
2048| 256|  64|   8
  64|  16|   8|   0
  16|   8|   0|   0
   0|   0|   0|   8
2025-09-06 12:26:43,638 | STEP 138 | corner=tr | move=↑ | max=2048 | empty=5 | sum=2512 | depth=5
2048| 256|  64|   8
   0|  64|  16|   8
  16|   0|  16|   8
   0|   0|   0|   8
2025-09-06 12:26:44,822 | STEP 139 | corner=tr | move=↑ | max=2048 | empty=7 | sum=2520 | depth=5
2048| 256|  64|  16
  16|  64|  32|  16
   0|   0|   0|   8
   0|   0|   0|   0
2025-09-06 12:26:45,961 | STEP 140 | corner=tr | move=← | max=2048 | empty=7 | sum=2536 | depth=5
2048| 256|  64|  32
  16|  64|  32|   8
   0|   0|   0|   0
   0|   0|   0|  16
2025-09-06 12:26:47,198 | STEP 141 | corner=tr | move=→ | max=2048 | empty=6 | sum=2544 | depth=5
2048| 256|  64|  32
  16|  64|  32|   8
   0|   0|   0|   8
  16|   0|   0|   0
2025-09-06 12:26:48,402 | STEP 142 | corner=tr | move=↑ | max=2048 | empty=5 | sum=2560 | depth=5
2048| 256|  64|  32
  16|  64|  32|   8
  16|   0|   0|   8
   0|   0|   0|  16
2025-09-06 12:26:49,698 | STEP 143 | corner=tr | move=↑ | max=2048 | empty=6 | sum=2576 | depth=5
2048| 256|  64|  32
  32|  64|  32|  16
   0|   0|   0|  16
   0|  16|   0|   0
2025-09-06 12:26:51,193 | STEP 144 | corner=tr | move=← | max=2048 | empty=6 | sum=2592 | depth=5
2048| 256|  64|  32
  32|  64|  32|  32
   0|  16|  16|   0
   0|   0|   0|   0
2025-09-06 12:26:52,694 | STEP 145 | corner=tr | move=↑ | max=2048 | empty=7 | sum=2600 | depth=5
2048| 256|  64|  32
  32|  64|  64|   0
  32|   0|   0|   0
   0|   8|   0|   0
2025-09-06 12:26:54,240 | STEP 146 | corner=tr | move=↑ | max=2048 | empty=8 | sum=2616 | depth=5
2048| 256| 128|  32
  64|  64|   0|   0
   0|   8|   0|   0
   0|   0|   0|  16
2025-09-06 12:26:55,714 | STEP 147 | corner=tr | move=→ | max=2048 | empty=7 | sum=2624 | depth=5
2048| 256| 128|  32
  64|  64|   0|  16
   0|   8|   0|   0
   0|   0|   8|   0
2025-09-06 12:26:57,265 | STEP 148 | corner=tr | move=↑ | max=2048 | empty=7 | sum=2632 | depth=5
2048| 256| 128|  32
   0|   0| 128|  16
   0|   8|   0|   8
   0|   0|   0|   8
2025-09-06 12:26:58,880 | STEP 149 | corner=tr | move=↑ | max=2048 | empty=8 | sum=2648 | depth=5
2048| 256| 256|  32
   0|   8|   0|  16
   0|   0|   0|  16
   0|   0|   0|  16
2025-09-06 12:27:00,539 | STEP 150 | corner=tr | move=↑ | max=2048 | empty=8 | sum=2656 | depth=5
2048| 256| 256|  32
   0|   8|   0|  32
   0|   8|   0|  16
   0|   0|   0|   0
2025-09-06 12:27:02,290 | STEP 151 | corner=tr | move=↑ | max=2048 | empty=9 | sum=2664 | depth=5
2048| 256| 256|  64
   0|  16|   0|  16
   0|   0|   0|   0
   0|   0|   8|   0
2025-09-06 12:27:03,552 | STEP 152 | corner=tr | move=← | max=2048 | empty=8 | sum=2672 | depth=5
2048| 256| 256|  64
   0|  16|   8|  16
   0|   8|   0|   0
   0|   0|   0|   0
2025-09-06 12:27:04,777 | STEP 153 | corner=tr | move=↑ | max=2048 | empty=8 | sum=2680 | depth=5
2048| 512|  64|   0
  16|   8|  16|   8
   8|   0|   0|   0
   0|   0|   0|   0
2025-09-06 12:27:06,092 | STEP 154 | corner=tr | move=→ | max=2048 | empty=7 | sum=2688 | depth=5
2048| 512|  64|   8
  16|   8|  16|   0
   8|   0|   0|   0
   0|   0|   8|   0
2025-09-06 12:27:07,234 | STEP 155 | corner=tr | move=↑ | max=2048 | empty=6 | sum=2696 | depth=5
2048| 512|  64|   8
   8|  16|   8|  16
   0|   0|   0|   8
   0|   0|   0|   8
2025-09-06 12:27:08,349 | STEP 156 | corner=tr | move=↑ | max=2048 | empty=6 | sum=2712 | depth=5
2048| 512|  64|   8
   8|  16|   8|  16
   0|   0|   0|  16
   0|   0|   0|  16
2025-09-06 12:27:09,463 | STEP 157 | corner=tr | move=→ | max=2048 | empty=6 | sum=2720 | depth=5
2048| 512|  64|   8
   8|  16|   8|  32
   0|   8|   0|  16
   0|   0|   0|   0
2025-09-06 12:27:10,618 | STEP 158 | corner=tr | move=↑ | max=2048 | empty=5 | sum=2728 | depth=5
2048| 512|  64|   8
   8|  16|   8|  32
   0|   0|   8|  16
   0|   0|   8|   0
2025-09-06 12:27:11,715 | STEP 159 | corner=tr | move=→ | max=2048 | empty=5 | sum=2744 | depth=5
2048| 512|  64|   8
   8|  16|  16|  32
  16|   0|   8|  16
   0|   0|   0|   0
2025-09-06 12:27:12,921 | STEP 160 | corner=tr | move=→ | max=2048 | empty=5 | sum=2752 | depth=5
2048| 512|  64|   8
   0|   8|  32|  32
   0|  16|   8|  16
   0|   0|   8|   0
2025-09-06 12:27:13,989 | STEP 161 | corner=tr | move=↑ | max=2048 | empty=5 | sum=2760 | depth=5
2048| 512|  64|   8
   0|   0|   8|  64
   8|  16|   8|  16
   0|   0|   0|   8
2025-09-06 12:27:15,176 | STEP 162 | corner=tr | move=← | max=2048 | empty=5 | sum=2776 | depth=5
2048| 512|  64|   8
   8|  16|  16|  64
   0|   0|   0|  16
   0|   0|  16|   8
2025-09-06 12:27:16,277 | STEP 163 | corner=tr | move=→ | max=2048 | empty=5 | sum=2792 | depth=5
2048| 512|  64|   8
   8|  32|  64|  16
  16|   0|   0|   0
  16|   8|   0|   0
2025-09-06 12:27:18,614 | STEP 164 | corner=tr | move=← | max=2048 | empty=4 | sum=2800 | depth=6
2048| 512|  64|   8
   8|  32|  64|  16
   0|   8|   0|  16
   0|   0|  16|   8
2025-09-06 12:27:21,202 | STEP 165 | corner=tr | move=← | max=2048 | empty=3 | sum=2816 | depth=6
2048| 512|  64|   8
   8|  32|  64|  16
   8|  16|  16|   0
  16|   8|   0|   0
2025-09-06 12:27:24,350 | STEP 166 | corner=tr | move=↑ | max=2048 | empty=3 | sum=2824 | depth=6
2048| 512|  64|   8
   8|  32|  64|  16
   8|  32|   0|   0
  16|   8|   0|   8
2025-09-06 12:27:25,587 | STEP 167 | corner=tr | move=← | max=2048 | empty=5 | sum=2840 | depth=5
2048| 512| 128|   8
  16|  64|   0|  16
  16|   8|   0|   8
   0|   0|  16|   0
2025-09-06 12:27:26,730 | STEP 168 | corner=tr | move=↑ | max=2048 | empty=5 | sum=2848 | depth=5
2048| 512| 128|   8
  16|  64|  16|   0
  16|  16|   8|   0
  16|   0|   0|   0
2025-09-06 12:27:27,954 | STEP 169 | corner=tr | move=↑ | max=2048 | empty=5 | sum=2856 | depth=5
2048| 512| 128|   8
  32|  64|  16|   8
  16|  16|   8|   0
   0|   0|   0|   0
2025-09-06 12:27:29,064 | STEP 170 | corner=tr | move=→ | max=2048 | empty=5 | sum=2864 | depth=5
2048| 512| 128|  16
  32|  64|  16|   0
  16|  16|   8|   0
   8|   0|   0|   0
2025-09-06 12:27:30,140 | STEP 171 | corner=tr | move=↑ | max=2048 | empty=5 | sum=2880 | depth=5
2048| 512| 128|  16
  16|  32|  64|  16
   0|   0|  32|   8
   0|   0|   0|   8
2025-09-06 12:27:31,271 | STEP 172 | corner=tr | move=→ | max=2048 | empty=6 | sum=2896 | depth=5
2048| 512| 128|  32
  16|  32|  64|  16
   0|   0|  32|   0
   0|  16|   0|   0
2025-09-06 12:27:32,295 | STEP 173 | corner=tr | move=← | max=2048 | empty=5 | sum=2904 | depth=5
2048| 512| 128|  32
  16|  32|  64|  16
   0|   8|   0|  32
   0|   0|   0|  16
2025-09-06 12:27:34,660 | STEP 174 | corner=tr | move=↑ | max=2048 | empty=4 | sum=2920 | depth=6
2048| 512| 128|  32
  16|  32|  64|  16
   8|  32|   0|   0
  16|   0|  16|   0
2025-09-06 12:27:36,391 | STEP 175 | corner=tr | move=→ | max=2048 | empty=4 | sum=2928 | depth=6
2048| 512| 128|  32
  16|  64|  64|  16
   8|   0|  16|   8
  16|   0|   0|   0
2025-09-06 12:27:38,850 | STEP 176 | corner=tr | move=↑ | max=2048 | empty=4 | sum=2944 | depth=6
2048| 512| 128|  32
   0|  16| 128|  16
   0|   8|  16|   8
   0|   0|  16|  16
2025-09-06 12:27:40,090 | STEP 177 | corner=tr | move=→ | max=2048 | empty=5 | sum=2960 | depth=5
2048| 512| 256|  32
   0|  16|  32|  16
   0|   8|   0|   8
   0|   0|  16|  16
2025-09-06 12:27:41,219 | STEP 178 | corner=tr | move=↑ | max=2048 | empty=6 | sum=2968 | depth=5
2048| 512| 256|  32
   0|  16|  32|  16
   0|   0|   8|  16
   0|   0|   0|  32
2025-09-06 12:27:42,480 | STEP 179 | corner=tr | move=↑ | max=2048 | empty=6 | sum=2984 | depth=5
2048| 512| 256|  32
   0|  16|  32|  32
   0|   0|   8|  32
  16|   0|   0|   0
2025-09-06 12:27:43,714 | STEP 180 | corner=tr | move=→ | max=2048 | empty=6 | sum=3000 | depth=5
2048| 512| 256|  64
  16|  16|  32|  32
   0|   0|   8|   0
   0|   0|  16|   0
2025-09-06 12:27:45,168 | STEP 181 | corner=tr | move=↑ | max=2048 | empty=7 | sum=3008 | depth=5
2048| 512| 256|  64
   0|   0|  32|  64
   8|   0|   0|   8
   0|   0|   0|  16
2025-09-06 12:27:46,498 | STEP 182 | corner=tr | move=↑ | max=2048 | empty=7 | sum=3024 | depth=5
2048| 512| 256| 128
   8|   0|  32|   8
   0|  16|   0|  16
   0|   0|   0|   0
2025-09-06 12:27:47,582 | STEP 183 | corner=tr | move=← | max=2048 | empty=6 | sum=3032 | depth=5
2048| 512| 256| 128
   8|  16|  32|   8
   0|   8|   0|  16
   0|   0|   0|   0
2025-09-06 12:27:48,782 | STEP 184 | corner=tr | move=← | max=2048 | empty=5 | sum=3048 | depth=5
2048| 512| 256| 128
   8|  16|  32|   8
   8|  16|  16|   0
   0|   0|   0|   0
2025-09-06 12:27:49,907 | STEP 185 | corner=tr | move=← | max=2048 | empty=5 | sum=3056 | depth=5
2048| 512| 256| 128
   8|  16|  32|   8
   8|  32|   0|   0
   0|   8|   0|   0
2025-09-06 12:27:52,361 | STEP 186 | corner=tr | move=← | max=2048 | empty=4 | sum=3064 | depth=6
2048| 512| 256| 128
   8|  16|  32|   8
   8|  32|   0|   8
   8|   0|   0|   0
2025-09-06 12:27:53,866 | STEP 187 | corner=tr | move=← | max=2048 | empty=3 | sum=3080 | depth=6
2048| 512| 256| 128
   8|  16|  32|   8
   8|  32|   8|   0
   8|   0|   0|  16
2025-09-06 12:27:55,332 | STEP 188 | corner=tr | move=→ | max=2048 | empty=2 | sum=3088 | depth=6
2048| 512| 256| 128
   8|  16|  32|   8
   8|  32|   8|   8
   8|  16|   0|   0
2025-09-06 12:27:56,675 | STEP 189 | corner=tr | move=↑ | max=2048 | empty=2 | sum=3104 | depth=6
2048| 512| 256| 128
   8|  16|  32|   8
   0|   8|  32|  16
  16|   0|   8|  16
2025-09-06 12:27:58,325 | STEP 190 | corner=tr | move=← | max=2048 | empty=3 | sum=3112 | depth=6
2048| 512| 256| 128
   8|  16|  64|   8
  16|   8|   8|  32
   0|   0|   0|   8
2025-09-06 12:28:00,442 | STEP 191 | corner=tr | move=← | max=2048 | empty=3 | sum=3120 | depth=6
2048| 512| 256| 128
   8|  16|  64|   8
  16|  16|  32|   0
   8|   0|   8|   0
2025-09-06 12:28:02,477 | STEP 192 | corner=tr | move=→ | max=2048 | empty=4 | sum=3136 | depth=6
2048| 512| 256| 128
   8|  16|  64|   8
  32|  32|   0|  16
  16|   0|   0|   0
2025-09-06 12:28:04,542 | STEP 193 | corner=tr | move=↑ | max=2048 | empty=4 | sum=3152 | depth=6
2048| 512| 256| 128
   8|  16|  64|   8
   0|  16|  64|  16
   0|   0|   0|  16
2025-09-06 12:28:05,746 | STEP 194 | corner=tr | move=← | max=2048 | empty=6 | sum=3160 | depth=5
2048| 512| 256| 128
   8|  32| 128|   8
   8|   0|   0|  32
   0|   0|   0|   0
2025-09-06 12:28:06,909 | STEP 195 | corner=tr | move=← | max=2048 | empty=5 | sum=3176 | depth=5
2048| 512| 256| 128
   8|  32| 128|   8
   8|  32|   0|   0
   0|   0|   0|  16
2025-09-06 12:28:09,810 | STEP 196 | corner=tr | move=← | max=2048 | empty=4 | sum=3192 | depth=6
2048| 512| 256| 128
   8|  32| 128|   8
   8|  32|   0|   0
  16|   0|   0|  16
2025-09-06 12:28:11,413 | STEP 197 | corner=tr | move=→ | max=2048 | empty=4 | sum=3208 | depth=6
2048| 512| 256| 128
   8|  32| 128|   8
   8|  32|  16|   0
  32|   0|   0|   0
2025-09-06 12:28:12,602 | STEP 198 | corner=tr | move=↑ | max=2048 | empty=3 | sum=3216 | depth=6
2048| 512| 256| 128
   8|  32| 128|   8
   0|   8|  32|  16
   8|   0|   0|  32
2025-09-06 12:28:13,861 | STEP 199 | corner=tr | move=↑ | max=2048 | empty=3 | sum=3224 | depth=6
2048| 512| 256| 128
  16|  32| 128|   8
   0|   8|  32|  16
   0|   8|   0|  32
2025-09-06 12:28:14,884 | STEP 200 | corner=tr | move=← | max=2048 | empty=3 | sum=3240 | depth=6
2048| 512| 256| 128
  16|  32| 128|   8
   0|  16|  32|  16
   0|   0|  16|  32
2025-09-06 12:28:15,962 | STEP 201 | corner=tr | move=→ | max=2048 | empty=2 | sum=3248 | depth=6
2048| 512| 256| 128
  16|  32| 128|   8
  16|  32|  16|   0
  16|  32|   8|   0
2025-09-06 12:28:16,955 | STEP 202 | corner=tr | move=↑ | max=2048 | empty=1 | sum=3256 | depth=6
2048| 512| 256| 128
  16|  32| 128|   8
   8|  16|  32|  16
   0|  16|  32|   8
2025-09-06 12:28:18,197 | STEP 203 | corner=tr | move=↑ | max=2048 | empty=2 | sum=3264 | depth=6
2048| 512| 256| 128
  16|  32| 128|   8
   8|  32|  64|  16
   0|   0|   8|   8
2025-09-06 12:28:19,360 | STEP 204 | corner=tr | move=↑ | max=2048 | empty=2 | sum=3272 | depth=6
2048| 512| 256| 128
  16|  64| 128|   8
   8|   0|  64|  16
   0|   8|   8|   8
2025-09-06 12:28:20,630 | STEP 205 | corner=tr | move=← | max=2048 | empty=1 | sum=3288 | depth=6
2048| 512| 256| 128
  16|  64| 128|   8
   8|   8|  64|  16
   0|  16|   8|   8
2025-09-06 12:28:22,128 | STEP 206 | corner=tr | move=↑ | max=2048 | empty=2 | sum=3296 | depth=6
2048| 512| 256| 128
  16|  64| 128|   8
  16|  64|  16|   0
  16|  16|   8|   0
2025-09-06 12:28:24,738 | STEP 207 | corner=tr | move=→ | max=2048 | empty=3 | sum=3312 | depth=6
2048| 512| 256| 128
  32| 128| 128|   8
  16|  16|  16|   0
  16|   0|   8|   0
2025-09-06 12:28:26,776 | STEP 208 | corner=tr | move=↑ | max=2048 | empty=4 | sum=3320 | depth=6
2048| 512| 256| 128
   0|  32| 256|   8
   0|   8|  16|  32
   0|   0|  16|   8
2025-09-06 12:28:28,074 | STEP 209 | corner=tr | move=← | max=2048 | empty=5 | sum=3328 | depth=5
2048| 512| 512| 128
   0|  32|  32|   8
   0|   8|   0|  32
   0|   8|   0|   8
2025-09-06 12:28:29,079 | STEP 210 | corner=tr | move=→ | max=2048 | empty=7 | sum=3344 | depth=5
2048|1024| 128|  16
  64|   8|   0|   0
   8|  32|   0|   0
  16|   0|   0|   0
2025-09-06 12:28:30,313 | STEP 211 | corner=tr | move=← | max=2048 | empty=6 | sum=3352 | depth=5
2048|1024| 128|  16
   0|   0|  64|   8
   8|   0|   8|  32
   0|   0|   0|  16
2025-09-06 12:28:31,561 | STEP 212 | corner=tr | move=← | max=2048 | empty=6 | sum=3360 | depth=5
2048|1024| 128|  16
  64|   8|   0|   0
  16|  32|   0|   0
  16|   0|   0|   8
2025-09-06 12:28:32,813 | STEP 213 | corner=tr | move=← | max=2048 | empty=5 | sum=3368 | depth=5
2048|1024| 128|  16
  64|   8|   0|   0
  16|  32|   0|   0
  16|   8|   0|   8
2025-09-06 12:28:34,023 | STEP 214 | corner=tr | move=→ | max=2048 | empty=5 | sum=3376 | depth=5
2048|1024| 128|  16
  64|   8|   0|   0
  16|  32|   0|   8
  16|  16|   0|   0
2025-09-06 12:28:35,128 | STEP 215 | corner=tr | move=↑ | max=2048 | empty=5 | sum=3392 | depth=5
2048|1024| 128|  16
   0|   0|  64|   8
   0|  16|  32|   8
   0|   0|  16|  32
2025-09-06 12:28:36,346 | STEP 216 | corner=tr | move=→ | max=2048 | empty=5 | sum=3400 | depth=5
2048|1024| 128|  16
   0|  16|  64|  16
   0|   8|  32|  32
   0|   0|  16|   0
2025-09-06 12:28:37,534 | STEP 217 | corner=tr | move=↑ | max=2048 | empty=5 | sum=3408 | depth=5
2048|1024| 128|  16
   0|  16|  64|  16
   0|   0|   8|  64
   0|   8|   0|  16
2025-09-06 12:28:38,766 | STEP 218 | corner=tr | move=← | max=2048 | empty=5 | sum=3416 | depth=5
2048|1024| 128|  32
   8|  16|  64|  64
   0|   8|   8|  16
   0|   0|   0|   0
2025-09-06 12:28:40,045 | STEP 219 | corner=tr | move=↑ | max=2048 | empty=6 | sum=3424 | depth=5
2048|1024| 128|  32
   8|  16| 128|   0
  16|  16|   8|   0
   0|   0|   0|   0
2025-09-06 12:28:41,240 | STEP 220 | corner=tr | move=← | max=2048 | empty=7 | sum=3440 | depth=5
2048|1024| 256|  32
   8|  32|   8|   0
  16|  16|   0|   0
   0|   0|   0|   0
2025-09-06 12:28:42,461 | STEP 221 | corner=tr | move=→ | max=2048 | empty=7 | sum=3456 | depth=5
2048|1024| 256|  32
   8|  32|   8|   0
  32|   0|   0|   0
   0|  16|   0|   0
2025-09-06 12:28:43,634 | STEP 222 | corner=tr | move=↑ | max=2048 | empty=6 | sum=3464 | depth=5
2048|1024| 256|  32
   0|   8|  32|   8
   0|   0|   0|  32
   0|   8|   0|  16
2025-09-06 12:28:44,787 | STEP 223 | corner=tr | move=↑ | max=2048 | empty=6 | sum=3472 | depth=5
2048|1024| 256|  32
   0|  16|  32|   8
   0|   0|   0|  32
   8|   0|   0|  16
2025-09-06 12:28:45,950 | STEP 224 | corner=tr | move=↑ | max=2048 | empty=5 | sum=3488 | depth=5
2048|1024| 256|  32
   8|  16|  32|   8
   0|   0|   0|  32
   0|   0|  16|  16
2025-09-06 12:28:47,666 | STEP 225 | corner=tr | move=← | max=2048 | empty=4 | sum=3496 | depth=6
2048|1024| 256|  32
   8|  16|  32|   8
   0|   0|  16|  32
   8|   0|   0|  16
2025-09-06 12:28:48,806 | STEP 226 | corner=tr | move=→ | max=2048 | empty=3 | sum=3504 | depth=6
2048|1024| 256|  32
   8|  16|  32|   8
  16|  32|   8|   0
   8|  16|   0|   0
2025-09-06 12:28:51,150 | STEP 227 | corner=tr | move=↑ | max=2048 | empty=2 | sum=3512 | depth=6
2048|1024| 256|  32
   8|  16|  32|   8
   0|  16|  32|   8
   8|   0|   8|  16
2025-09-06 12:28:52,411 | STEP 228 | corner=tr | move=↑ | max=2048 | empty=5 | sum=3520 | depth=5
2048|1024| 256|  32
  16|  32|  64|  16
   8|   0|   8|  16
   0|   0|   0|   0
2025-09-06 12:28:53,618 | STEP 229 | corner=tr | move=← | max=2048 | empty=5 | sum=3528 | depth=5
2048|1024| 256|  32
  16|  32|  64|  32
   8|   0|   8|   0
   0|   0|   0|   8
2025-09-06 12:28:54,751 | STEP 230 | corner=tr | move=→ | max=2048 | empty=5 | sum=3536 | depth=5
2048|1024| 256|  32
  16|  32|  64|  32
  16|   8|   0|   0
   8|   0|   0|   0
2025-09-06 12:28:57,581 | STEP 231 | corner=tr | move=← | max=2048 | empty=4 | sum=3544 | depth=6
2048|1024| 256|  32
  16|  32|  64|  32
   0|   0|  16|   8
   0|   0|   8|   8
2025-09-06 12:29:00,034 | STEP 232 | corner=tr | move=← | max=2048 | empty=4 | sum=3560 | depth=6
2048|1024| 256|  32
  16|  32|  64|  32
  16|   8|   0|  16
  16|   0|   0|   0
2025-09-06 12:29:01,607 | STEP 233 | corner=tr | move=→ | max=2048 | empty=3 | sum=3568 | depth=6
2048|1024| 256|  32
  16|  32|  64|  32
  16|   8|  16|   8
  16|   0|   0|   0
2025-09-06 12:29:03,259 | STEP 234 | corner=tr | move=← | max=2048 | empty=2 | sum=3576 | depth=6
2048|1024| 256|  32
  16|  32|  64|  32
  16|   8|  16|   8
   0|   8|   0|  16
2025-09-06 12:29:04,457 | STEP 235 | corner=tr | move=↑ | max=2048 | empty=1 | sum=3584 | depth=6
2048|1024| 256|  32
  16|  32|  64|  32
  16|   8|  16|   8
   8|  16|   8|   0
2025-09-06 12:29:06,707 | STEP 236 | corner=tr | move=← | max=2048 | empty=2 | sum=3600 | depth=6
2048|1024| 256|  64
  32|  32|  64|   8
   8|   8|  16|   0
  16|  16|   8|   0
2025-09-06 12:29:09,726 | STEP 237 | corner=tr | move=↑ | max=2048 | empty=4 | sum=3616 | depth=6
2048|1024| 256|  64
  64|  64|   8|   0
  16|  16|   0|   0
  32|   8|  16|   0
2025-09-06 12:29:12,851 | STEP 238 | corner=tr | move=↑ | max=2048 | empty=3 | sum=3632 | depth=6
2048|1024| 256|  64
  64|  64|   8|   0
  16|  16|  16|  16
  32|   8|   0|   0
2025-09-06 12:29:14,357 | STEP 239 | corner=tr | move=↑ | max=2048 | empty=2 | sum=3648 | depth=6
2048|1024| 256|  64
  64|  64|   8|  16
  16|  16|  16|   0
  32|   8|  16|   0
2025-09-06 12:29:16,512 | STEP 240 | corner=tr | move=→ | max=2048 | empty=2 | sum=3656 | depth=6
2048|1024| 256|  64
  64|  64|   8|  16
  16|  16|  32|   0
  32|   8|   8|   0
2025-09-06 12:29:18,417 | STEP 241 | corner=tr | move=→ | max=2048 | empty=4 | sum=3672 | depth=6
2048|1024| 256|  64
   0| 128|   8|  16
   0|   0|  32|  32
   0|  16|  32|  16
2025-09-06 12:29:19,817 | STEP 242 | corner=tr | move=→ | max=2048 | empty=4 | sum=3680 | depth=6
2048|1024| 256|  64
   0| 128|   8|  16
   8|   0|   0|  64
   0|  16|  32|  16
2025-09-06 12:29:21,464 | STEP 243 | corner=tr | move=↑ | max=2048 | empty=3 | sum=3688 | depth=6
2048|1024| 256|  64
   0| 128|   8|  16
   0|   8|   8|  64
   0|  16|  32|  16
2025-09-06 12:29:23,384 | STEP 244 | corner=tr | move=→ | max=2048 | empty=3 | sum=3704 | depth=6
2048|1024| 256|  64
   0| 128|  16|  16
  16|   8|  32|  64
   0|  16|   0|  16
2025-09-06 12:29:25,128 | STEP 245 | corner=tr | move=← | max=2048 | empty=4 | sum=3712 | depth=6
2048|1024| 256|  64
   8|   0| 128|  32
  16|   8|  32|  64
   0|   0|   0|  32
2025-09-06 12:29:26,264 | STEP 246 | corner=tr | move=↑ | max=2048 | empty=3 | sum=3728 | depth=6
2048|1024| 256|  64
   8| 128|  32|  16
  16|   8|  32|  64
  32|   0|   0|   0
2025-09-06 12:29:27,274 | STEP 247 | corner=tr | move=← | max=2048 | empty=3 | sum=3744 | depth=6
2048|1024| 256|  64
   8| 128|  64|  16
  16|   8|   0|  64
  32|  16|   0|   0
2025-09-06 12:29:28,460 | STEP 248 | corner=tr | move=↑ | max=2048 | empty=2 | sum=3760 | depth=6
2048|1024| 256|  64
   8| 128|  64|  16
  16|   8|  64|  16
  32|  16|   0|   0
2025-09-06 12:29:30,613 | STEP 249 | corner=tr | move=↑ | max=2048 | empty=3 | sum=3776 | depth=6
2048|1024| 256|  64
   8| 128| 128|  32
  16|   8|   0|   0
  32|  16|   0|  16
2025-09-06 12:29:32,394 | STEP 250 | corner=tr | move=→ | max=2048 | empty=2 | sum=3784 | depth=6
2048|1024| 256|  64
   8| 128| 128|  32
  16|   8|   8|  16
  32|  16|   0|   0
2025-09-06 12:29:35,087 | STEP 251 | corner=tr | move=→ | max=2048 | empty=3 | sum=3792 | depth=6
2048|1024| 256|  64
   0|   8| 256|  32
   8|  16|  16|  16
   0|   0|  32|  16
2025-09-06 12:29:37,883 | STEP 252 | corner=tr | move=↑ | max=2048 | empty=3 | sum=3800 | depth=6
2048|1024| 256|  64
   8|   8| 256|  32
   0|   8|  16|  32
   0|   0|  32|  16
2025-09-06 12:29:39,070 | STEP 253 | corner=tr | move=→ | max=2048 | empty=5 | sum=3816 | depth=5
2048|1024| 512|  64
   8|  16|  16|  64
   0|   0|  32|  16
  16|   0|   0|   0
2025-09-06 12:29:40,207 | STEP 254 | corner=tr | move=↑ | max=2048 | empty=5 | sum=3832 | depth=5
2048|1024| 512|  64
   0|   8|  32|  64
   0|  16|  32|  16
   0|   0|   0|  16
2025-09-06 12:29:41,435 | STEP 255 | corner=tr | move=← | max=2048 | empty=7 | sum=3840 | depth=5
2048|1024| 512| 128
   8|   8|  64|  32
   0|  16|   0|   0
   0|   0|   0|   0
2025-09-06 12:29:42,815 | STEP 256 | corner=tr | move=→ | max=2048 | empty=7 | sum=3856 | depth=5
2048|1024| 512| 128
  16|  64|  32|   0
  16|  16|   0|   0
   0|   0|   0|   0
2025-09-06 12:29:43,997 | STEP 257 | corner=tr | move=↑ | max=2048 | empty=7 | sum=3872 | depth=5
2048|1024| 512| 128
   0|  16|  64|  32
   0|   0|   0|  32
   0|   0|   0|  16
2025-09-06 12:29:45,324 | STEP 258 | corner=tr | move=→ | max=2048 | empty=7 | sum=3888 | depth=5
2048|1024| 512| 128
  16|  16|  64|  64
   0|   0|   0|  16
   0|   0|   0|   0
2025-09-06 12:29:46,729 | STEP 259 | corner=tr | move=→ | max=2048 | empty=8 | sum=3896 | depth=5
2048|1024| 512| 128
   0|   0|  32| 128
   0|   0|   0|  16
   0|   8|   0|   0
2025-09-06 12:29:48,177 | STEP 260 | corner=tr | move=↑ | max=2048 | empty=7 | sum=3904 | depth=5
2048|1024| 512| 128
   0|   0|  32| 128
   0|   0|   0|  16
   0|   8|   0|   8
2025-09-06 12:29:49,785 | STEP 261 | corner=tr | move=→ | max=2048 | empty=7 | sum=3912 | depth=5
2048|1024| 512| 256
   0|   8|  32|  16
   0|   0|   0|   8
   0|   8|   0|   0
2025-09-06 12:29:51,051 | STEP 262 | corner=tr | move=↑ | max=2048 | empty=6 | sum=3928 | depth=5
2048|1024| 512| 256
   0|   8|  32|  16
   0|   0|   0|   8
  16|   0|   0|   8
2025-09-06 12:29:52,180 | STEP 263 | corner=tr | move=↑ | max=2048 | empty=6 | sum=3936 | depth=5
2048|1024| 512| 256
  16|   8|  32|  16
   0|   0|   0|  16
   0|   0|   0|   8
2025-09-06 12:29:53,428 | STEP 264 | corner=tr | move=→ | max=2048 | empty=6 | sum=3952 | depth=5
2048|1024| 512| 256
  16|   8|  32|  32
   0|   0|   0|   8
  16|   0|   0|   0
2025-09-06 12:29:54,603 | STEP 265 | corner=tr | move=← | max=2048 | empty=6 | sum=3968 | depth=5
2048|1024| 512| 256
   0|  16|   8|  64
  16|   0|   0|   8
   0|   0|   0|  16
2025-09-06 12:29:55,741 | STEP 266 | corner=tr | move=→ | max=2048 | empty=5 | sum=3976 | depth=5
2048|1024| 512| 256
  16|   8|  64|   0
  16|   8|   0|   0
  16|   0|   0|   8
2025-09-06 12:29:57,249 | STEP 267 | corner=tr | move=← | max=2048 | empty=4 | sum=3984 | depth=6
2048|1024| 512| 256
   0|  16|   8|  64
   0|   8|  16|   8
   0|   0|  16|   8
2025-09-06 12:29:58,742 | STEP 268 | corner=tr | move=→ | max=2048 | empty=3 | sum=3992 | depth=6
2048|1024| 512| 256
  16|   8|  64|   0
   8|  16|   8|   8
  16|   8|   0|   0
2025-09-06 12:30:00,692 | STEP 269 | corner=tr | move=→ | max=2048 | empty=3 | sum=4000 | depth=6
2048|1024| 512| 256
   0|  16|   8|  64
   0|   8|  16|  16
   0|   8|  16|   8
2025-09-06 12:30:02,430 | STEP 270 | corner=tr | move=→ | max=2048 | empty=3 | sum=4016 | depth=6
2048|1024| 512| 256
  16|  16|   8|  64
   0|   0|   8|  32
   0|   8|  16|   8
2025-09-06 12:30:03,840 | STEP 271 | corner=tr | move=→ | max=2048 | empty=3 | sum=4032 | depth=6
2048|1024| 512| 256
   0|  32|   8|  64
  16|   0|   8|  32
   0|   8|  16|   8
2025-09-06 12:30:05,317 | STEP 272 | corner=tr | move=↑ | max=2048 | empty=2 | sum=4048 | depth=6
2048|1024| 512| 256
   0|  32|   8|  64
  16|  16|   8|  32
   0|   8|  16|   8
2025-09-06 12:30:07,351 | STEP 273 | corner=tr | move=→ | max=2048 | empty=2 | sum=4064 | depth=6
2048|1024| 512| 256
  16|  32|  16|  64
   0|  16|  16|  32
  16|   8|   0|   8
2025-09-06 12:30:09,490 | STEP 274 | corner=tr | move=← | max=2048 | empty=3 | sum=4080 | depth=6
2048|1024| 512| 256
  16|  32|  16|  64
   0|  16|  32|  32
   0|   0|  16|  16
2025-09-06 12:30:11,601 | STEP 275 | corner=tr | move=← | max=2048 | empty=4 | sum=4088 | depth=6
2048|1024| 512| 256
  16|  32|  16|  64
  16|  64|   0|   8
  32|   0|   0|   0
2025-09-06 12:30:13,028 | STEP 276 | corner=tr | move=↑ | max=2048 | empty=3 | sum=4104 | depth=6
2048|1024| 512| 256
  16|  32|  16|  64
  16|  64|   8|   0
  32|   0|   0|  16
2025-09-06 12:30:14,544 | STEP 277 | corner=tr | move=↑ | max=2048 | empty=3 | sum=4120 | depth=6
2048|1024| 512| 256
  32|  32|  16|  64
  32|  64|   8|  16
   0|  16|   0|   0
2025-09-06 12:30:16,073 | STEP 278 | corner=tr | move=↑ | max=2048 | empty=3 | sum=4128 | depth=6
2048|1024| 512| 256
  64|  32|  16|  64
   0|  64|   8|  16
   0|  16|   8|   0
2025-09-06 12:30:18,731 | STEP 279 | corner=tr | move=→ | max=2048 | empty=3 | sum=4144 | depth=6
2048|1024| 512| 256
  64|  32|  16|  64
   0|  64|  16|  16
   0|  16|   0|  16
2025-09-06 12:30:20,647 | STEP 280 | corner=tr | move=→ | max=2048 | empty=4 | sum=4160 | depth=6
2048|1024| 512| 256
  64|  32|  16|  64
  16|   0|  64|  32
   0|   0|   0|  32
2025-09-06 12:30:22,195 | STEP 281 | corner=tr | move=↑ | max=2048 | empty=3 | sum=4176 | depth=6
2048|1024| 512| 256
  64|  32|  16|  64
   0|  16|  64|  32
  16|   0|   0|  32
2025-09-06 12:30:24,180 | STEP 282 | corner=tr | move=↑ | max=2048 | empty=3 | sum=4192 | depth=6
2048|1024| 512| 256
  64|  32|  16|  64
  16|  16|  64|  64
   0|  16|   0|   0
2025-09-06 12:30:25,640 | STEP 283 | corner=tr | move=→ | max=2048 | empty=4 | sum=4200 | depth=6
2048|1024| 512| 256
  64|  32|  16| 128
  16|  32|  64|   0
   8|   0|   0|   0
2025-09-06 12:30:27,322 | STEP 284 | corner=tr | move=→ | max=2048 | empty=3 | sum=4216 | depth=6
2048|1024| 512| 256
  64|  32|  16| 128
  16|  16|  32|  64
   0|   0|   0|   8
2025-09-06 12:30:29,630 | STEP 285 | corner=tr | move=→ | max=2048 | empty=3 | sum=4224 | depth=6
2048|1024| 512| 256
  64|  32|  16| 128
   0|  32|  32|  64
   0|   0|   8|   8
2025-09-06 12:30:31,336 | STEP 286 | corner=tr | move=→ | max=2048 | empty=4 | sum=4232 | depth=6
2048|1024| 512| 256
  64|  32|  16| 128
   8|   0|  64|  64
   0|   0|   0|  16
2025-09-06 12:30:34,293 | STEP 287 | corner=tr | move=↑ | max=2048 | empty=4 | sum=4240 | depth=6
2048|1024| 512| 256
  64|  32|  16| 128
   0|   8|   8| 128
   0|   0|   0|  16
2025-09-06 12:30:37,867 | STEP 288 | corner=tr | move=↑ | max=2048 | empty=4 | sum=4248 | depth=6
2048|1024| 512| 256
  64|  32|  16| 256
   8|   8|   8|  16
   0|   0|   0|   0
2025-09-06 12:30:44,925 | STEP 289 | corner=tr | move=← | max=2048 | empty=4 | sum=4256 | depth=6
2048|1024| 512| 512
  64|  32|  16|  16
   8|   8|   8|   8
   0|   0|   0|   0
2025-09-06 12:30:46,671 | STEP 290 | corner=tr | move=← | max=2048 | empty=7 | sum=4264 | depth=5
2048|1024|1024|   0
  64|  32|  32|   0
  16|  16|   8|   0
   0|   0|   0|   0
2025-09-06 12:30:48,832 | STEP 291 | corner=tr | move=↑ | max=2048 | empty=9 | sum=4272 | depth=5
2048|2048|   0|   0
  64|  64|   0|   0
  32|   8|   8|   0
   0|   0|   0|   0
2025-09-06 12:30:50,438 | STEP 292 | corner=tr | move=← | max=2048 | empty=8 | sum=4288 | depth=5
2048|2048|   8|   0
  64|  64|   0|   0
  32|   8|   0|   0
   0|   0|  16|   0
2025-09-06 12:30:52,337 | STEP 293 | corner=tr | move=↑ | max=4096 | empty=9 | sum=4296 | depth=5
4096|   8|   0|   0
 128|   0|   0|   0
  32|   8|   0|   0
  16|   0|   0|   8
2025-09-06 12:30:53,892 | STEP 294 | corner=tr | move=↑ | max=4096 | empty=9 | sum=4304 | depth=5
4096|  16|   0|   8
 128|   0|   0|   0
  32|   0|   8|   0
  16|   0|   0|   0
2025-09-06 12:30:55,663 | STEP 295 | corner=tr | move=↑ | max=4096 | empty=8 | sum=4320 | depth=5
4096|  16|   8|   8
 128|   0|   0|   0
  32|   0|   0|   0
  16|  16|   0|   0
2025-09-06 12:30:56,993 | STEP 296 | corner=tr | move=← | max=4096 | empty=8 | sum=4336 | depth=5
4096|  32|   8|   8
 128|  16|   0|   0
  32|   0|   0|   0
  16|   0|   0|   0
2025-09-06 12:30:58,384 | STEP 297 | corner=tr | move=↑ | max=4096 | empty=8 | sum=4344 | depth=5
4096|  32|  16|   0
 128|  16|   0|   0
  32|   0|   0|   0
  16|   0|   0|   8
2025-09-06 12:30:59,599 | STEP 298 | corner=tr | move=↑ | max=4096 | empty=7 | sum=4360 | depth=5
4096|  32|  16|   8
 128|  16|   0|   0
  32|  16|   0|   0
  16|   0|   0|   0
2025-09-06 12:31:00,756 | STEP 299 | corner=tr | move=↑ | max=4096 | empty=7 | sum=4368 | depth=5
4096|  32|  16|   8
 128|  32|   0|   0
  32|   8|   0|   0
  16|   0|   0|   0
2025-09-06 12:31:02,156 | STEP 300 | corner=tr | move=→ | max=4096 | empty=7 | sum=4384 | depth=5
4096|  64|  16|   8
 128|   8|   0|   0
  32|   0|   0|   0
  16|   0|   0|  16
2025-09-06 12:31:03,539 | STEP 301 | corner=tr | move=→ | max=4096 | empty=7 | sum=4392 | depth=5
4096|  64|  16|   8
   0|   0| 128|   8
   8|   0|   0|  32
   0|   0|   0|  32
2025-09-06 12:31:04,877 | STEP 302 | corner=tr | move=→ | max=4096 | empty=6 | sum=4400 | depth=5
4096|  64|  16|   8
   0|   0| 128|   8
   8|   0|   8|  32
   0|   0|   0|  32
2025-09-06 12:31:06,130 | STEP 303 | corner=tr | move=→ | max=4096 | empty=6 | sum=4408 | depth=5
4096|  64|  16|   8
   8|   0| 128|   8
   0|   0|  16|  32
   0|   0|   0|  32
2025-09-06 12:31:07,259 | STEP 304 | corner=tr | move=← | max=4096 | empty=5 | sum=4416 | depth=5
4096|  64|  16|   8
   0|   8| 128|   8
   0|   8|  16|  32
   0|   0|   0|  32
2025-09-06 12:31:09,241 | STEP 305 | corner=tr | move=→ | max=4096 | empty=4 | sum=4432 | depth=6
4096|  64|  16|   8
   8| 128|   8|   0
   8|  16|  32|   0
  32|   0|  16|   0
2025-09-06 12:31:10,860 | STEP 306 | corner=tr | move=↑ | max=4096 | empty=3 | sum=4440 | depth=6
4096|  64|  16|   8
   0|   8| 128|   8
   0|   8|  16|  32
   0|   8|  32|  16
2025-09-06 12:31:14,520 | STEP 307 | corner=tr | move=← | max=4096 | empty=4 | sum=4456 | depth=6
4096|  64|  16|  16
   0|  16| 128|  32
   0|   8|  16|  16
  16|   0|  32|   0
2025-09-06 12:31:15,709 | STEP 308 | corner=tr | move=↑ | max=4096 | empty=5 | sum=4464 | depth=5
4096|  64|  32|   0
  16| 128|  32|   0
   8|  32|   0|   8
  16|  32|   0|   0
2025-09-06 12:31:17,044 | STEP 309 | corner=tr | move=↑ | max=4096 | empty=6 | sum=4472 | depth=5
4096|  64|  64|   8
  16| 128|   0|   8
   8|  64|   0|   0
  16|   0|   0|   0
2025-09-06 12:31:18,309 | STEP 310 | corner=tr | move=↑ | max=4096 | empty=6 | sum=4480 | depth=5
4096|  64|  64|  16
  16| 128|   0|   0
   8|  64|   0|   8
  16|   0|   0|   0
2025-09-06 12:31:19,545 | STEP 311 | corner=tr | move=↑ | max=4096 | empty=5 | sum=4496 | depth=5
4096|  64|  64|  16
  16| 128|   0|   8
   8|  64|   0|   0
  16|   0|  16|   0
2025-09-06 12:31:21,453 | STEP 312 | corner=tr | move=← | max=4096 | empty=4 | sum=4512 | depth=6
4096|  64|  64|  16
  16| 128|  16|   8
   8|  64|   0|  16
  16|   0|   0|   0
2025-09-06 12:31:24,134 | STEP 313 | corner=tr | move=↑ | max=4096 | empty=4 | sum=4528 | depth=6
4096| 128|  16|   0
  16| 128|  16|   8
   8|  64|  16|  16
  16|   0|   0|   0
2025-09-06 12:31:25,344 | STEP 314 | corner=tr | move=→ | max=4096 | empty=5 | sum=4544 | depth=5
4096| 256|  32|   8
  16|  64|  16|  16
   8|   0|  16|   0
  16|   0|   0|   0
2025-09-06 12:31:26,428 | STEP 315 | corner=tr | move=← | max=4096 | empty=5 | sum=4552 | depth=5
4096| 256|  32|   8
   8|  16|  64|  32
   0|   0|   8|  16
   0|   0|   0|  16
2025-09-06 12:31:29,576 | STEP 316 | corner=tr | move=↑ | max=4096 | empty=4 | sum=4568 | depth=6
4096| 256|  32|   8
   8|  16|  64|  32
   8|  16|  16|   0
  16|   0|   0|   0
2025-09-06 12:31:30,764 | STEP 317 | corner=tr | move=↑ | max=4096 | empty=5 | sum=4576 | depth=5
4096| 256|  32|   8
  16|  32|  64|  32
  16|   0|  16|   0
   0|   0|   0|   8
2025-09-06 12:31:31,987 | STEP 318 | corner=tr | move=↑ | max=4096 | empty=5 | sum=4592 | depth=5
4096| 256|  32|   8
  32|  32|  64|  32
   0|   0|  16|   8
   0|   0|  16|   0
2025-09-06 12:31:33,203 | STEP 319 | corner=tr | move=↑ | max=4096 | empty=5 | sum=4600 | depth=5
4096| 256|  32|   8
  32|  32|  64|  32
   0|   0|  32|   8
   0|   8|   0|   0
2025-09-06 12:31:35,277 | STEP 320 | corner=tr | move=← | max=4096 | empty=4 | sum=4616 | depth=6
4096| 256|  32|   8
  32|  32|  64|  32
   0|   8|  32|   8
   0|   0|   0|  16
2025-09-06 12:31:38,127 | STEP 321 | corner=tr | move=↑ | max=4096 | empty=4 | sum=4632 | depth=6
4096| 256|  32|   8
  64|  64|  32|   0
   8|  32|   8|   0
  16|   0|  16|   0
2025-09-06 12:31:41,263 | STEP 322 | corner=tr | move=→ | max=4096 | empty=4 | sum=4648 | depth=6
4096| 256|  64|   8
  64|  64|   8|   0
   8|  32|  16|   0
  16|   0|  16|   0
2025-09-06 12:31:42,556 | STEP 323 | corner=tr | move=↑ | max=4096 | empty=5 | sum=4656 | depth=5
4096| 256|  64|   8
   0|   0| 128|   8
   0|   8|  32|  16
   8|   0|   0|  32
2025-09-06 12:31:43,811 | STEP 324 | corner=tr | move=↑ | max=4096 | empty=5 | sum=4664 | depth=5
4096| 256|  64|  16
   8|   8| 128|  16
   0|   0|  32|  32
   0|   0|   8|   0
2025-09-06 12:31:45,053 | STEP 325 | corner=tr | move=→ | max=4096 | empty=5 | sum=4672 | depth=5
4096| 256|  64|  32
   8|   8| 128|  32
   0|   0|  32|   0
   0|   0|   8|   8
2025-09-06 12:31:46,255 | STEP 326 | corner=tr | move=↑ | max=4096 | empty=6 | sum=4680 | depth=5
4096| 256|  64|  32
   0|  16| 128|  32
   0|   0|   0|  32
   8|   0|   0|  16
2025-09-06 12:31:47,510 | STEP 327 | corner=tr | move=← | max=4096 | empty=6 | sum=4696 | depth=5
4096| 256|  64|  64
   8|  16| 128|  32
  16|   0|   0|  16
   0|   0|   0|   0
2025-09-06 12:31:48,738 | STEP 328 | corner=tr | move=→ | max=4096 | empty=7 | sum=4712 | depth=5
4096| 256| 128|  16
   8|  16| 128|  32
  32|   0|   0|   0
   0|   0|   0|   0
2025-09-06 12:31:50,082 | STEP 329 | corner=tr | move=→ | max=4096 | empty=6 | sum=4720 | depth=5
4096| 256| 128|  16
   8|  16| 128|  32
   0|   0|   0|  32
   8|   0|   0|   0
2025-09-06 12:31:51,372 | STEP 330 | corner=tr | move=→ | max=4096 | empty=5 | sum=4728 | depth=5
4096| 256| 128|  16
   8|  16| 128|  32
   0|   0|   0|  32
   8|   0|   0|   8
2025-09-06 12:31:52,651 | STEP 331 | corner=tr | move=→ | max=4096 | empty=5 | sum=4744 | depth=5
4096| 256| 128|  16
   8|  16| 128|  32
   0|   0|   0|  32
  16|   0|   0|  16
2025-09-06 12:31:53,842 | STEP 332 | corner=tr | move=← | max=4096 | empty=5 | sum=4752 | depth=5
4096| 256| 128|  16
   8|  16| 128|  32
   0|   8|   0|  32
   0|   0|   0|  32
2025-09-06 12:31:56,668 | STEP 333 | corner=tr | move=← | max=4096 | empty=4 | sum=4768 | depth=6
4096| 256| 128|  16
   8|  16| 128|  32
   8|  32|   0|   0
  32|   0|  16|   0
2025-09-06 12:31:58,430 | STEP 334 | corner=tr | move=→ | max=4096 | empty=3 | sum=4776 | depth=6
4096| 256| 128|  16
   8|  16| 128|  32
   8|  32|   8|   0
  32|  16|   0|   0
2025-09-06 12:31:59,842 | STEP 335 | corner=tr | move=↑ | max=4096 | empty=2 | sum=4792 | depth=6
4096| 256| 128|  16
   8|  16| 128|  32
   0|   8|  32|   8
   0|  16|  32|  16
2025-09-06 12:32:02,760 | STEP 336 | corner=tr | move=← | max=4096 | empty=3 | sum=4808 | depth=6
4096| 256| 256|  16
   8|  16|  64|  32
  16|   8|   0|   8
   0|  16|   0|  16
2025-09-06 12:32:03,947 | STEP 337 | corner=tr | move=↑ | max=4096 | empty=5 | sum=4824 | depth=5
4096| 512|  16|   0
   8|  16|  64|  32
  16|  16|  16|   0
  32|   0|   0|   0
2025-09-06 12:32:05,098 | STEP 338 | corner=tr | move=→ | max=4096 | empty=5 | sum=4832 | depth=5
4096| 512|  16|  32
   8|  32|  64|   0
  16|   0|  16|   8
  32|   0|   0|   0
2025-09-06 12:32:06,240 | STEP 339 | corner=tr | move=↑ | max=4096 | empty=5 | sum=4848 | depth=5
4096| 512|  16|  32
   0|   8|  32|  64
  16|   0|  32|   8
   0|   0|   0|  32
2025-09-06 12:32:07,505 | STEP 340 | corner=tr | move=← | max=4096 | empty=5 | sum=4856 | depth=5
4096| 512|  16|  32
  16|   8|  64|  64
   0|   8|   0|   8
   0|   0|   0|  32
2025-09-06 12:32:08,745 | STEP 341 | corner=tr | move=→ | max=4096 | empty=6 | sum=4872 | depth=5
4096| 512|  16|  32
  16|   8| 128|   0
  16|   0|   0|   0
  32|   0|   0|  16
2025-09-06 12:32:09,787 | STEP 342 | corner=tr | move=↑ | max=4096 | empty=5 | sum=4880 | depth=5
4096| 512|  16|  32
   0|  16|   8| 128
   0|   0|   0|  16
   0|   8|  32|  16
2025-09-06 12:32:10,982 | STEP 343 | corner=tr | move=↑ | max=4096 | empty=5 | sum=4888 | depth=5
4096| 512|  16|  32
   0|  16|   8| 128
   8|   8|  32|  32
   0|   0|   0|   0
2025-09-06 12:32:13,053 | STEP 344 | corner=tr | move=→ | max=4096 | empty=4 | sum=4904 | depth=6
4096| 512|  16|  32
   8|  16|   8| 128
   0|   8|  32|  32
   0|   0|  16|   0
2025-09-06 12:32:15,074 | STEP 345 | corner=tr | move=↑ | max=4096 | empty=4 | sum=4920 | depth=6
4096| 512|  16|  32
   8|  16|   8| 128
   0|  16|   8|  64
   0|   0|   0|  16
2025-09-06 12:32:16,216 | STEP 346 | corner=tr | move=→ | max=4096 | empty=5 | sum=4936 | depth=5
4096| 512|  16|  32
   8|  32|  16| 128
   0|  16|   0|  64
   0|   0|   0|  16
2025-09-06 12:32:18,115 | STEP 347 | corner=tr | move=↑ | max=4096 | empty=4 | sum=4944 | depth=6
4096| 512|  16|  32
   8|  32|  16| 128
   0|   0|  16|  64
   0|   8|   0|  16
2025-09-06 12:32:20,837 | STEP 348 | corner=tr | move=← | max=4096 | empty=4 | sum=4960 | depth=6
4096| 512|  32|  32
   8|  32|  16| 128
   0|   8|  16|  64
   0|   0|   0|  16
2025-09-06 12:32:22,700 | STEP 349 | corner=tr | move=→ | max=4096 | empty=4 | sum=4968 | depth=6
4096| 512|  64|   8
   8|  32|  16| 128
   8|  16|  64|   0
  16|   0|   0|   0
2025-09-06 12:32:24,372 | STEP 350 | corner=tr | move=↑ | max=4096 | empty=3 | sum=4984 | depth=6
4096| 512|  64|   8
   8|  32|  16| 128
   0|   8|  16|  64
   0|   0|  16|  16
2025-09-06 12:32:26,162 | STEP 351 | corner=tr | move=→ | max=4096 | empty=3 | sum=4992 | depth=6
4096| 512|  64|   8
   8|  32|  32| 128
   0|   8|  16|  64
   8|   0|   0|  16
2025-09-06 12:32:27,865 | STEP 352 | corner=tr | move=↑ | max=4096 | empty=3 | sum=5008 | depth=6
4096| 512|  64|   8
   0|   8|  64| 128
   0|   8|  16|  64
  16|   0|   8|  16
2025-09-06 12:32:30,070 | STEP 353 | corner=tr | move=← | max=4096 | empty=4 | sum=5024 | depth=6
4096| 512| 128|   8
  16|  16|  16| 128
   0|   0|   8|  64
   0|   0|  16|  16
2025-09-06 12:32:31,085 | STEP 354 | corner=tr | move=↑ | max=4096 | empty=5 | sum=5032 | depth=5
4096| 512| 128|   8
  32|  16| 128|   0
   8|  64|   8|   0
  32|   0|   0|   0
2025-09-06 12:32:32,043 | STEP 355 | corner=tr | move=→ | max=4096 | empty=5 | sum=5040 | depth=5
4096| 512| 256|   8
  32|  16|   8|   0
   8|  64|   0|   0
  32|   8|   0|   0
2025-09-06 12:32:33,876 | STEP 356 | corner=tr | move=↑ | max=4096 | empty=4 | sum=5056 | depth=6
4096| 512| 256|   8
   0|  32|  16|   8
   0|   0|   8|  64
  16|   0|  32|   8
2025-09-06 12:32:36,072 | STEP 357 | corner=tr | move=← | max=4096 | empty=4 | sum=5064 | depth=6
4096| 512| 256|  16
  16|  32|  16|  64
   0|   0|   8|   8
   0|   0|  32|   8
2025-09-06 12:32:38,440 | STEP 358 | corner=tr | move=→ | max=4096 | empty=4 | sum=5072 | depth=6
4096| 512| 256|  16
  16|  32|  16|  64
  16|   8|   0|   0
  32|   8|   0|   0
2025-09-06 12:32:40,712 | STEP 359 | corner=tr | move=↑ | max=4096 | empty=3 | sum=5088 | depth=6
4096| 512| 256|  16
  16|  32|  16|  64
   0|  16|  16|   8
   0|   0|  32|   8
2025-09-06 12:32:43,941 | STEP 360 | corner=tr | move=↑ | max=4096 | empty=4 | sum=5104 | depth=6
4096| 512| 256|  16
  16|  32|  32|  64
   0|  16|  32|  16
   0|   0|   0|  16
2025-09-06 12:32:45,146 | STEP 361 | corner=tr | move=↑ | max=4096 | empty=5 | sum=5120 | depth=5
4096| 512| 256|  16
  16|  32|  64|  64
   0|  16|   0|  32
   0|  16|   0|   0
2025-09-06 12:32:46,340 | STEP 362 | corner=tr | move=↑ | max=4096 | empty=5 | sum=5128 | depth=5
4096| 512| 256|  16
  16|  32|  64|  64
   0|  32|   0|  32
   0|   8|   0|   0
2025-09-06 12:32:47,471 | STEP 363 | corner=tr | move=→ | max=4096 | empty=5 | sum=5136 | depth=5
4096| 512| 256|  16
  16|  64|  64|  64
   0|   8|   8|  32
   0|   0|   0|   0
2025-09-06 12:32:48,426 | STEP 364 | corner=tr | move=← | max=4096 | empty=6 | sum=5144 | depth=5
4096| 512| 256|  16
   0|  16|  64| 128
   0|   8|  16|  32
   0|   0|   0|   0
2025-09-06 12:32:49,449 | STEP 365 | corner=tr | move=→ | max=4096 | empty=5 | sum=5160 | depth=5
4096| 512| 256|  16
  16|  64| 128|  16
   8|  16|  32|   0
   0|   0|   0|   0
2025-09-06 12:32:51,910 | STEP 366 | corner=tr | move=↑ | max=4096 | empty=4 | sum=5168 | depth=6
4096| 512| 256|  16
  16|  64| 128|  16
   0|   8|  16|  32
   8|   0|   0|   0
2025-09-06 12:32:54,948 | STEP 367 | corner=tr | move=↑ | max=4096 | empty=4 | sum=5176 | depth=6
4096| 512| 256|  32
  16|  64| 128|  32
   8|   8|  16|   0
   8|   0|   0|   0
2025-09-06 12:32:56,068 | STEP 368 | corner=tr | move=← | max=4096 | empty=5 | sum=5184 | depth=5
4096| 512| 256|  64
  16|  64| 128|   0
  16|   8|  16|   0
   0|   0|   8|   0
2025-09-06 12:32:58,399 | STEP 369 | corner=tr | move=→ | max=4096 | empty=4 | sum=5192 | depth=6
4096| 512| 256|  64
  16|  64| 128|   0
  16|   8|  16|   0
   8|   0|   0|   8
2025-09-06 12:33:00,459 | STEP 370 | corner=tr | move=→ | max=4096 | empty=4 | sum=5200 | depth=6
4096| 512| 256|  64
   0|  16|  64| 128
   0|  16|   8|  16
   8|   0|   0|  16
2025-09-06 12:33:02,418 | STEP 371 | corner=tr | move=↑ | max=4096 | empty=3 | sum=5216 | depth=6
4096| 512| 256|  64
   0|  16|  64| 128
   0|  16|   8|  16
   0|  16|   8|  16
2025-09-06 12:33:03,537 | STEP 372 | corner=tr | move=← | max=4096 | empty=5 | sum=5224 | depth=5
4096| 512| 256|  64
   0|  32|  64| 128
   0|  16|  16|  32
   0|   0|   8|   0
2025-09-06 12:33:04,690 | STEP 373 | corner=tr | move=→ | max=4096 | empty=5 | sum=5240 | depth=5
4096| 512| 256|  64
  32|  64| 128|  16
  32|  32|   0|   0
   8|   0|   0|   0
2025-09-06 12:33:05,723 | STEP 374 | corner=tr | move=← | max=4096 | empty=5 | sum=5248 | depth=5
4096| 512| 256|  64
  32|  64| 128|  16
   0|   8|   0|  64
   0|   0|   0|   8
2025-09-06 12:33:07,855 | STEP 375 | corner=tr | move=↑ | max=4096 | empty=4 | sum=5264 | depth=6
4096| 512| 256|  64
  32|  64| 128|  16
   8|  64|  16|   0
   8|   0|   0|   0
2025-09-06 12:33:09,021 | STEP 376 | corner=tr | move=→ | max=4096 | empty=5 | sum=5272 | depth=5
4096| 512| 256|  64
  32| 128| 128|  16
  16|   0|  16|   8
   0|   0|   0|   0
2025-09-06 12:33:10,246 | STEP 377 | corner=tr | move=→ | max=4096 | empty=6 | sum=5288 | depth=5
4096| 512| 256|  64
   0|  32| 256|  16
   0|   0|  32|   8
  16|   0|   0|   0
2025-09-06 12:33:11,375 | STEP 378 | corner=tr | move=→ | max=4096 | empty=5 | sum=5296 | depth=5
4096| 512| 256|  64
   0|  32| 256|  16
   0|   0|  32|   8
   8|   0|   0|  16
2025-09-06 12:33:13,424 | STEP 379 | corner=tr | move=→ | max=4096 | empty=4 | sum=5312 | depth=6
4096| 512| 256|  64
   0|  32| 256|  16
  16|   0|  32|   8
   0|   0|   8|  16
2025-09-06 12:33:15,651 | STEP 380 | corner=tr | move=↑ | max=4096 | empty=3 | sum=5320 | depth=6
4096| 512| 256|  64
   0|  32| 256|  16
   0|  16|  32|   8
   8|   0|   8|  16
2025-09-06 12:33:18,716 | STEP 381 | corner=tr | move=← | max=4096 | empty=3 | sum=5336 | depth=6
4096| 512| 512|  64
   8|  32|  32|  16
  16|  16|   8|   8
   0|   0|   0|  16
2025-09-06 12:33:19,974 | STEP 382 | corner=tr | move=← | max=4096 | empty=6 | sum=5352 | depth=5
4096|1024|  64|   0
   8|  64|  16|   0
  32|  16|   0|   0
  16|   0|  16|   0
2025-09-06 12:33:21,209 | STEP 383 | corner=tr | move=← | max=4096 | empty=6 | sum=5368 | depth=5
4096|1024|  64|   0
   8|  64|  16|   0
  32|  16|   0|   0
  32|   0|  16|   0
2025-09-06 12:33:22,327 | STEP 384 | corner=tr | move=↑ | max=4096 | empty=5 | sum=5376 | depth=5
4096|1024|  64|   0
   8|  64|  16|   0
  32|  16|   0|   8
  32|  16|   0|   0
2025-09-06 12:33:23,457 | STEP 385 | corner=tr | move=→ | max=4096 | empty=6 | sum=5384 | depth=5
4096|1024|  64|   8
   8|  64|  16|   0
  64|  32|   0|   0
   0|   0|   8|   0
2025-09-06 12:33:24,564 | STEP 386 | corner=tr | move=→ | max=4096 | empty=5 | sum=5400 | depth=5
4096|1024|  64|   8
   0|   8|  64|  16
   0|   0|  64|  32
   0|  16|   0|   8
2025-09-06 12:33:26,591 | STEP 387 | corner=tr | move=→ | max=4096 | empty=4 | sum=5408 | depth=6
4096|1024|  64|   8
   0|   8|  64|  16
   8|   0|  64|  32
   0|   0|  16|   8
2025-09-06 12:33:29,128 | STEP 388 | corner=tr | move=→ | max=4096 | empty=4 | sum=5408 | depth=6
4096|1024|  64|   8
   0|   8|  64|  16
   8|   0|  64|  32
   0|   0|  16|   8
2025-09-06 12:33:30,248 | STEP 389 | corner=tr | move=↑ | max=4096 | empty=5 | sum=5424 | depth=5
4096|1024| 128|   8
   0|  16|  64|  16
   0|   0|  16|  32
   0|   8|   0|  16
2025-09-06 12:33:31,948 | STEP 390 | corner=tr | move=→ | max=4096 | empty=4 | sum=5440 | depth=6
4096|1024| 128|   8
   0|  16|  64|  16
   0|   8|  16|  32
   0|  16|   0|  16
2025-09-06 12:33:33,694 | STEP 391 | corner=tr | move=← | max=4096 | empty=4 | sum=5456 | depth=6
4096|1024| 128|   8
   0|  16|  64|  16
  16|   8|  16|  32
   0|   0|   0|  32
2025-09-06 12:33:35,903 | STEP 392 | corner=tr | move=↑ | max=4096 | empty=3 | sum=5464 | depth=6
4096|1024| 128|   8
  16|  64|  16|   0
  16|   8|  16|  32
  32|   0|   0|   8
2025-09-06 12:33:39,913 | STEP 393 | corner=tr | move=→ | max=4096 | empty=4 | sum=5472 | depth=6
4096|1024| 128|   8
  32|  64|  32|  32
  32|   8|   0|   8
   0|   8|   0|   0
2025-09-06 12:33:41,180 | STEP 394 | corner=tr | move=→ | max=4096 | empty=5 | sum=5480 | depth=5
4096|1024| 128|   8
   0|  32|  64|  64
   0|   0|  32|  16
   0|   8|   0|   8
2025-09-06 12:33:42,445 | STEP 395 | corner=tr | move=→ | max=4096 | empty=6 | sum=5496 | depth=5
4096|1024| 128|   8
  16|   0|  32| 128
   0|   0|  32|  16
   0|   0|   0|  16
2025-09-06 12:33:43,530 | STEP 396 | corner=tr | move=← | max=4096 | empty=5 | sum=5504 | depth=5
4096|1024| 128|   8
   0|  16|  32| 128
   0|   8|  32|  16
   0|   0|   0|  16
2025-09-06 12:33:46,162 | STEP 397 | corner=tr | move=↑ | max=4096 | empty=4 | sum=5520 | depth=6
4096|1024| 128|   8
  16|  32| 128|   0
   8|  32|  16|   0
  16|  16|   0|   0
2025-09-06 12:33:47,252 | STEP 398 | corner=tr | move=→ | max=4096 | empty=5 | sum=5536 | depth=5
4096|1024| 256|   8
  16|  64|  16|  16
   8|  16|   0|   0
  16|   0|   0|   0
2025-09-06 12:33:48,468 | STEP 399 | corner=tr | move=→ | max=4096 | empty=5 | sum=5544 | depth=5
4096|1024| 256|   8
   0|  16|  64|  32
   0|   0|   8|  16
   0|   8|   0|  16
2025-09-06 12:33:50,685 | STEP 400 | corner=tr | move=↑ | max=4096 | empty=4 | sum=5552 | depth=6
4096|1024| 256|   8
   8|  16|  64|  32
   0|   0|   8|  16
   0|   0|   8|  16
2025-09-06 12:33:51,885 | STEP 401 | corner=tr | move=↑ | max=4096 | empty=5 | sum=5568 | depth=5
4096|1024| 256|   8
   8|  16|  64|  32
   0|   0|  16|  32
   0|  16|   0|   0
2025-09-06 12:33:53,215 | STEP 402 | corner=tr | move=→ | max=4096 | empty=6 | sum=5584 | depth=5
4096|1024| 256|   8
   8|  32|  64|  64
   0|   0|  16|   0
   0|   0|  16|   0
2025-09-06 12:33:54,466 | STEP 403 | corner=tr | move=↑ | max=4096 | empty=6 | sum=5592 | depth=5
4096|1024| 256|   8
   0|   8|  32| 128
   8|   0|   0|  16
   0|   0|   0|  16
2025-09-06 12:33:55,699 | STEP 404 | corner=tr | move=→ | max=4096 | empty=6 | sum=5608 | depth=5
4096|1024| 256|   8
   8|   8|  32| 128
   0|   0|   0|  32
   0|   0|  16|   0
2025-09-06 12:33:56,973 | STEP 405 | corner=tr | move=→ | max=4096 | empty=6 | sum=5624 | depth=5
4096|1024| 256|   8
   0|  16|  32| 128
   0|   0|   0|  32
   0|   0|  16|  16
2025-09-06 12:33:58,188 | STEP 406 | corner=tr | move=→ | max=4096 | empty=6 | sum=5632 | depth=5
4096|1024| 256|   8
   0|  16|  32| 128
   0|   0|   0|  32
   0|   8|   0|  32
2025-09-06 12:33:59,368 | STEP 407 | corner=tr | move=→ | max=4096 | empty=5 | sum=5640 | depth=5
4096|1024| 256|   8
   0|  16|  32| 128
   0|   0|   0|  32
   8|   0|   8|  32
2025-09-06 12:34:00,401 | STEP 408 | corner=tr | move=← | max=4096 | empty=5 | sum=5648 | depth=5
4096|1024| 256|   8
   0|  16|  32| 128
   0|   0|   0|  32
   0|   8|  16|  32
2025-09-06 12:34:01,626 | STEP 409 | corner=tr | move=→ | max=4096 | empty=4 | sum=5656 | depth=6
4096|1024| 256|   8
  16|  32| 128|   0
  32|   8|   0|   0
   8|  16|  32|   0
2025-09-06 12:34:03,190 | STEP 410 | corner=tr | move=↑ | max=4096 | empty=3 | sum=5664 | depth=6
4096|1024| 256|   8
   0|  16|  32| 128
   8|   0|  32|   8
   0|   8|  16|  32
2025-09-06 12:34:04,430 | STEP 411 | corner=tr | move=← | max=4096 | empty=3 | sum=5680 | depth=6
4096|1024| 256|   8
   8|  16|  64| 128
   0|   8|  16|   8
   0|   0|  16|  32
2025-09-06 12:34:05,758 | STEP 412 | corner=tr | move=↑ | max=4096 | empty=2 | sum=5696 | depth=6
4096|1024| 256|   8
   8|  16|  64| 128
   8|  16|   8|  16
  16|  32|   0|   0
2025-09-06 12:34:07,645 | STEP 413 | corner=tr | move=← | max=4096 | empty=3 | sum=5712 | depth=6
4096|1024| 256|   8
  16|  32|  64| 128
  16|  32|   8|  16
   0|   0|  16|   0
2025-09-06 12:34:09,345 | STEP 414 | corner=tr | move=← | max=4096 | empty=2 | sum=5728 | depth=6
4096|1024| 256|   8
  16|  32|  64| 128
  16|  32|   8|  16
  16|  16|   0|   0
2025-09-06 12:34:11,506 | STEP 415 | corner=tr | move=← | max=4096 | empty=2 | sum=5736 | depth=6
4096|1024| 256|   8
  16|  32|  64| 128
  16|  32|   8|  16
  32|   0|   8|   0
2025-09-06 12:34:12,749 | STEP 416 | corner=tr | move=→ | max=4096 | empty=1 | sum=5752 | depth=6
4096|1024| 256|   8
  16|  32|  64| 128
  16|  32|   8|  16
  32|   8|  16|   0
2025-09-06 12:34:13,923 | STEP 417 | corner=tr | move=↑ | max=4096 | empty=0 | sum=5760 | depth=6
4096|1024| 256|   8
  16|  32|  64| 128
  16|  32|   8|  16
   8|  32|   8|  16
2025-09-06 12:34:15,632 | STEP 418 | corner=tr | move=→ | max=4096 | empty=3 | sum=5776 | depth=6
4096|1024| 256|   8
  32|  64|  64| 128
   8|  32|  16|  32
  16|   0|   0|   0
2025-09-06 12:34:17,836 | STEP 419 | corner=tr | move=↑ | max=4096 | empty=3 | sum=5792 | depth=6
4096|1024| 256|   8
   0|  32| 128| 128
   8|  32|  16|  32
   0|  16|   0|  16
2025-09-06 12:34:20,020 | STEP 420 | corner=tr | move=← | max=4096 | empty=3 | sum=5800 | depth=6
4096|1024| 256|   8
   8|  64| 128| 128
   0|  16|  16|  32
   0|   0|   8|  16
2025-09-06 12:34:23,043 | STEP 421 | corner=tr | move=↑ | max=4096 | empty=4 | sum=5816 | depth=6
4096|1024| 256|   8
   8|  64| 256|   0
  32|  32|   0|   0
   8|  16|  16|   0
2025-09-06 12:34:25,392 | STEP 422 | corner=tr | move=→ | max=4096 | empty=4 | sum=5832 | depth=6
4096|1024| 512|   8
   8|  64|  16|   0
  32|  32|   0|  16
   8|  16|   0|   0
2025-09-06 12:34:27,493 | STEP 423 | corner=tr | move=↑ | max=4096 | empty=4 | sum=5848 | depth=6
4096|1024| 512|   8
   0|   8|  64|  16
  16|   0|  64|  16
   0|   0|   8|  16
2025-09-06 12:34:28,590 | STEP 424 | corner=tr | move=← | max=4096 | empty=5 | sum=5856 | depth=5
4096|1024| 512|   8
  16|   8| 128|  32
   0|   0|   8|  16
   8|   0|   0|   0
2025-09-06 12:34:30,820 | STEP 425 | corner=tr | move=→ | max=4096 | empty=4 | sum=5864 | depth=6
4096|1024| 512|   8
  16|   8| 128|  32
   8|  16|   0|   8
   8|   0|   0|   0
2025-09-06 12:34:32,874 | STEP 426 | corner=tr | move=↑ | max=4096 | empty=3 | sum=5880 | depth=6
4096|1024| 512|   8
  16|   8| 128|  32
   0|   8|  16|   8
  16|   0|   0|   8
2025-09-06 12:34:34,100 | STEP 427 | corner=tr | move=↑ | max=4096 | empty=5 | sum=5896 | depth=5
4096|1024| 512|   8
  32|  16| 128|  32
   0|   0|  16|  16
   0|   0|   0|  16
2025-09-06 12:34:35,269 | STEP 428 | corner=tr | move=↑ | max=4096 | empty=5 | sum=5912 | depth=5
4096|1024| 512|   8
  32|  16| 128|  32
   0|   0|  16|  32
   0|   0|  16|   0
2025-09-06 12:34:36,441 | STEP 429 | corner=tr | move=← | max=4096 | empty=6 | sum=5920 | depth=5
4096|1024| 512|   8
  32|  16| 128|  64
   0|   0|  32|   0
   8|   0|   0|   0
2025-09-06 12:34:37,579 | STEP 430 | corner=tr | move=← | max=4096 | empty=5 | sum=5936 | depth=5
4096|1024| 512|   8
  32|  16| 128|  64
  32|   0|  16|   0
   8|   0|   0|   0
2025-09-06 12:34:39,243 | STEP 431 | corner=tr | move=→ | max=4096 | empty=4 | sum=5952 | depth=6
4096|1024| 512|   8
  32|  16| 128|  64
  32|  16|   0|   0
   8|  16|   0|   0
2025-09-06 12:34:41,184 | STEP 432 | corner=tr | move=↑ | max=4096 | empty=3 | sum=5960 | depth=6
4096|1024| 512|   8
  32|  16| 128|  64
   0|   0|  32|  16
   0|   8|   8|  16
2025-09-06 12:34:42,477 | STEP 433 | corner=tr | move=→ | max=4096 | empty=3 | sum=5976 | depth=6
4096|1024| 512|   8
  32|  16| 128|  64
   0|   8|  32|  32
   0|  16|   8|   0
2025-09-06 12:34:44,355 | STEP 434 | corner=tr | move=← | max=4096 | empty=3 | sum=5984 | depth=6
4096|1024| 512|   8
  32|  16| 128|  64
   8|   0|   8|  64
   0|   0|  16|   8
2025-09-06 12:34:45,680 | STEP 435 | corner=tr | move=↑ | max=4096 | empty=3 | sum=6000 | depth=6
4096|1024| 512|   8
  32|  16| 128|  64
  16|  64|  16|   0
  16|   8|   0|   0
2025-09-06 12:34:47,036 | STEP 436 | corner=tr | move=↑ | max=4096 | empty=3 | sum=6016 | depth=6
4096|1024| 512|   8
  32|  16| 128|  64
  32|  64|  16|   0
   0|   8|   0|  16
2025-09-06 12:34:48,438 | STEP 437 | corner=tr | move=↑ | max=4096 | empty=3 | sum=6032 | depth=6
4096|1024| 512|   8
  64|  16| 128|  64
   0|  64|  16|  16
   0|   8|   0|  16
2025-09-06 12:34:49,830 | STEP 438 | corner=tr | move=← | max=4096 | empty=3 | sum=6040 | depth=6
4096|1024| 512|   8
  64|  16| 128|  64
   0|  64|  16|  32
   0|   8|   0|   8
2025-09-06 12:34:51,751 | STEP 439 | corner=tr | move=→ | max=4096 | empty=3 | sum=6056 | depth=6
4096|1024| 512|   8
  64|  16| 128|  64
  64|  16|  32|   0
  16|   0|  16|   0
2025-09-06 12:34:53,405 | STEP 440 | corner=tr | move=↑ | max=4096 | empty=3 | sum=6072 | depth=6
4096|1024| 512|   8
  64|  16| 128|  64
   0|  64|  16|  32
   0|  16|   0|  32
2025-09-06 12:34:55,405 | STEP 441 | corner=tr | move=→ | max=4096 | empty=3 | sum=6088 | depth=6
4096|1024| 512|   8
  64|  16| 128|  64
   0|  64|  16|  64
   0|  16|  16|   0
2025-09-06 12:34:56,840 | STEP 442 | corner=tr | move=↑ | max=4096 | empty=3 | sum=6096 | depth=6
4096|1024| 512|   8
  64|  16| 128|  64
   0|  64|  16|  64
   8|   0|   0|  32
2025-09-06 12:34:58,574 | STEP 443 | corner=tr | move=→ | max=4096 | empty=3 | sum=6112 | depth=6
4096|1024| 512|   8
  64|  16| 128| 128
   8|  64|  16|  32
   0|   0|  16|   0
2025-09-06 12:35:00,090 | STEP 444 | corner=tr | move=→ | max=4096 | empty=3 | sum=6120 | depth=6
4096|1024| 512|   8
   0|  64|  16| 256
   8|  64|  16|  32
   0|   8|   0|  16
2025-09-06 12:35:01,209 | STEP 445 | corner=tr | move=↑ | max=4096 | empty=2 | sum=6136 | depth=6
4096|1024| 512|   8
   0|  64|  16| 256
   8|  64|  16|  32
  16|   0|   8|  16
2025-09-06 12:35:02,681 | STEP 446 | corner=tr | move=→ | max=4096 | empty=3 | sum=6152 | depth=6
4096|1024| 512|   8
   8| 128|  32| 256
  16|   0|   8|  32
  16|   0|   0|  16
2025-09-06 12:35:04,068 | STEP 447 | corner=tr | move=← | max=4096 | empty=3 | sum=6168 | depth=6
4096|1024| 512|   8
   8| 128|  32| 256
   0|  16|   8|  32
   0|  16|   0|  32
2025-09-06 12:35:05,187 | STEP 448 | corner=tr | move=↑ | max=4096 | empty=2 | sum=6184 | depth=6
4096|1024| 512|   8
   8| 128|  32| 256
  16|   8|  32|   0
  16|  32|   0|  16
2025-09-06 12:35:06,429 | STEP 449 | corner=tr | move=↑ | max=4096 | empty=3 | sum=6200 | depth=6
4096|1024| 512|   8
   8| 128|  64| 256
  32|   8|   0|  16
   0|  32|   0|  16
2025-09-06 12:35:07,443 | STEP 450 | corner=tr | move=→ | max=4096 | empty=3 | sum=6216 | depth=6
4096|1024| 512|   8
   8| 128|  64| 256
  32|   8|   0|  32
  16|  32|   0|   0
2025-09-06 12:35:08,647 | STEP 451 | corner=tr | move=↑ | max=4096 | empty=2 | sum=6224 | depth=6
4096|1024| 512|   8
   8| 128|  64| 256
   8|  32|   8|  32
   0|   0|  16|  32
2025-09-06 12:35:09,880 | STEP 452 | corner=tr | move=↑ | max=4096 | empty=3 | sum=6240 | depth=6
4096|1024| 512|   8
  16| 128|  64| 256
  16|  32|   8|  64
   0|   0|  16|   0
2025-09-06 12:35:11,379 | STEP 453 | corner=tr | move=← | max=4096 | empty=3 | sum=6256 | depth=6
4096|1024| 512|   8
  32| 128|  64| 256
   0|  32|   8|  64
  16|   0|  16|   0
2025-09-06 12:35:12,993 | STEP 454 | corner=tr | move=← | max=4096 | empty=3 | sum=6272 | depth=6
4096|1024| 512|   8
  32| 128|  64| 256
  32|   8|  64|   0
  32|   0|   0|  16
2025-09-06 12:35:14,264 | STEP 455 | corner=tr | move=↑ | max=4096 | empty=2 | sum=6288 | depth=6
4096|1024| 512|   8
  32| 128|  64| 256
  32|   8|  64|  16
  32|  16|   0|   0
2025-09-06 12:35:16,144 | STEP 456 | corner=tr | move=→ | max=4096 | empty=3 | sum=6304 | depth=6
4096|1024| 512|   8
  64| 128| 128| 256
  32|   8|  16|  16
   0|  16|   0|   0
2025-09-06 12:35:18,430 | STEP 457 | corner=tr | move=→ | max=4096 | empty=4 | sum=6312 | depth=6
4096|1024| 512|   8
   0|  64| 256| 256
   0|  32|   8|  32
   0|   0|   8|  16
2025-09-06 12:35:20,458 | STEP 458 | corner=tr | move=← | max=4096 | empty=4 | sum=6320 | depth=6
4096|1024| 512|   8
   8|   0|  64| 512
   0|  32|   8|  32
   0|   0|   8|  16
2025-09-06 12:35:22,247 | STEP 459 | corner=tr | move=← | max=4096 | empty=3 | sum=6328 | depth=6
4096|1024| 512|   8
   8|  64| 512|   0
  32|   8|  32|   0
   8|  16|   0|   8
2025-09-06 12:35:23,322 | STEP 460 | corner=tr | move=↑ | max=4096 | empty=2 | sum=6344 | depth=6
4096|1024| 512|   8
   8|  64| 512|   0
  32|   8|  32|  16
   8|  16|   8|   0
2025-09-06 12:35:25,304 | STEP 461 | corner=tr | move=← | max=4096 | empty=2 | sum=6360 | depth=6
4096|1024|1024|   8
   8|  64|  32|  16
  32|   8|   8|   0
   8|  16|  16|   0
2025-09-06 12:35:26,846 | STEP 462 | corner=tr | move=↑ | max=4096 | empty=4 | sum=6376 | depth=6
4096|2048|   8|   0
   8|  64|  32|  16
  32|  16|   0|   0
   8|  32|  16|   0
2025-09-06 12:35:28,681 | STEP 463 | corner=tr | move=↑ | max=4096 | empty=3 | sum=6392 | depth=6
4096|2048|   8|  16
   8|  64|  32|   0
  32|  16|  16|  16
   8|  32|   0|   0
2025-09-06 12:35:30,434 | STEP 464 | corner=tr | move=← | max=4096 | empty=3 | sum=6400 | depth=6
4096|2048|   8|  32
   8|  64|  32|   8
  32|  16|  16|   0
   8|  32|   0|   0
2025-09-06 12:35:32,012 | STEP 465 | corner=tr | move=→ | max=4096 | empty=3 | sum=6408 | depth=6
4096|2048|   8|  32
   8|  64|  32|   8
  32|  32|   8|   0
   8|  32|   0|   0
2025-09-06 12:35:33,663 | STEP 466 | corner=tr | move=→ | max=4096 | empty=3 | sum=6416 | depth=6
4096|2048|   8|  32
   8|  64|  32|   8
   0|   0|  64|   8
   8|   0|   8|  32
2025-09-06 12:35:34,799 | STEP 467 | corner=tr | move=↑ | max=4096 | empty=3 | sum=6424 | depth=6
4096|2048|   8|  32
   8|  64|  32|   8
   0|   0|  64|   8
   0|   8|  16|  32
2025-09-06 12:35:35,828 | STEP 468 | corner=tr | move=← | max=4096 | empty=3 | sum=6440 | depth=6
4096|2048|   8|  32
   8|  64|  32|  16
  16|   8|  64|  32
   0|   0|  16|   0
2025-09-06 12:35:36,823 | STEP 469 | corner=tr | move=← | max=4096 | empty=2 | sum=6448 | depth=6
4096|2048|   8|  32
   8|  64|  32|  16
  16|   8|  64|  32
  16|   0|   8|   0
2025-09-06 12:35:37,773 | STEP 470 | corner=tr | move=↑ | max=4096 | empty=1 | sum=6464 | depth=6
4096|2048|   8|  32
   8|  64|  32|  16
  16|   8|  64|  32
  16|   8|   0|  16
2025-09-06 12:35:39,029 | STEP 471 | corner=tr | move=→ | max=4096 | empty=2 | sum=6480 | depth=6
4096|2048|   8|  32
   8|  64|  32|  16
  32|  16|  64|  32
   0|  16|   0|  16
2025-09-06 12:35:40,023 | STEP 472 | corner=tr | move=← | max=4096 | empty=2 | sum=6488 | depth=6
4096|2048|   8|  32
   8|  64|  32|  16
  32|  16|  64|  32
   0|   8|   0|  32
2025-09-06 12:35:40,912 | STEP 473 | corner=tr | move=→ | max=4096 | empty=1 | sum=6504 | depth=6
4096|2048|   8|  32
   8|  64|  32|  16
  32|  16|  64|  32
   8|  32|   0|  16
2025-09-06 12:35:42,092 | STEP 474 | corner=tr | move=? | max=4096 | empty=0 | sum=6520 | depth=6
4096|2048|   8|  32
   8|  64|  32|  16
  32|  16|  64|  32
  16|   8|  32|  16
2025-09-06 12:35:42,092 | GAME OVER | Final score: max=4096, sum=6520
