2025-09-06 12:07:22,064 | Starting Advanced 2048 Bot...
2025-09-06 12:07:22,473 | STEP 1 | corner=tr | move=↑ | max=8 | empty=14 | sum=16 | depth=4
   0|   0|   0|   0
   8|   0|   0|   8
   0|   0|   0|   0
   0|   0|   0|   0
2025-09-06 12:07:23,724 | STEP 2 | corner=tr | move=↑ | max=8 | empty=14 | sum=16 | depth=4
   0|   0|   0|   0
   8|   0|   0|   8
   0|   0|   0|   0
   0|   0|   0|   0
2025-09-06 12:07:24,975 | STEP 3 | corner=tr | move=↑ | max=8 | empty=14 | sum=16 | depth=4
   0|   0|   0|   0
   8|   0|   0|   8
   0|   0|   0|   0
   0|   0|   0|   0
2025-09-06 12:07:26,226 | STEP 4 | corner=tr | move=↑ | max=8 | empty=14 | sum=16 | depth=4
   0|   0|   0|   0
   8|   0|   0|   8
   0|   0|   0|   0
   0|   0|   0|   0
2025-09-06 12:07:27,450 | STEP 5 | corner=tr | move=→ | max=8 | empty=13 | sum=24 | depth=4
   8|   0|   0|   8
   0|   0|   0|   0
   0|   0|   0|   0
   8|   0|   0|   0
2025-09-06 12:07:28,548 | STEP 6 | corner=tr | move=← | max=16 | empty=13 | sum=32 | depth=4
   0|   0|   8|  16
   0|   0|   0|   0
   0|   0|   0|   0
   0|   0|   0|   8
2025-09-06 12:07:29,620 | STEP 7 | corner=tr | move=↑ | max=16 | empty=12 | sum=40 | depth=4
   8|  16|   0|   0
   8|   0|   0|   0
   0|   0|   0|   0
   8|   0|   0|   0
2025-09-06 12:07:30,795 | STEP 8 | corner=tr | move=← | max=16 | empty=12 | sum=48 | depth=4
  16|  16|   0|   0
   8|   0|   0|   0
   0|   8|   0|   0
   0|   0|   0|   0
2025-09-06 12:07:31,952 | STEP 9 | corner=tr | move=← | max=32 | empty=12 | sum=56 | depth=4
  32|   0|   0|   0
   8|   0|   0|   0
   8|   0|   0|   0
   0|   8|   0|   0
2025-09-06 12:07:33,055 | STEP 10 | corner=tr | move=↑ | max=32 | empty=11 | sum=64 | depth=4
  32|   0|   0|   0
   8|   0|   0|   0
   8|   8|   0|   0
   8|   0|   0|   0
2025-09-06 12:07:34,108 | STEP 11 | corner=tr | move=→ | max=32 | empty=11 | sum=72 | depth=4
  32|   8|   8|   0
  16|   0|   0|   0
   8|   0|   0|   0
   0|   0|   0|   0
2025-09-06 12:07:35,222 | STEP 12 | corner=tr | move=↑ | max=32 | empty=11 | sum=80 | depth=4
   8|   0|  32|  16
   0|   0|   0|  16
   0|   0|   0|   8
   0|   0|   0|   0
2025-09-06 12:07:36,292 | STEP 13 | corner=tr | move=→ | max=32 | empty=11 | sum=88 | depth=4
   8|   0|  32|  32
   0|   0|   8|   8
   0|   0|   0|   0
   0|   0|   0|   0
2025-09-06 12:07:37,427 | STEP 14 | corner=tr | move=↑ | max=64 | empty=12 | sum=96 | depth=4
   0|   0|   8|  64
   0|   0|   0|  16
   0|   0|   0|   0
   8|   0|   0|   0
2025-09-06 12:07:38,582 | STEP 15 | corner=tr | move=← | max=64 | empty=11 | sum=104 | depth=4
   8|   0|   8|  64
   0|   0|   0|  16
   0|   0|   0|   0
   0|   0|   8|   0
2025-09-06 12:07:39,986 | STEP 16 | corner=tr | move=← | max=64 | empty=11 | sum=112 | depth=4
  16|  64|   0|   8
  16|   0|   0|   0
   0|   0|   0|   0
   8|   0|   0|   0
2025-09-06 12:07:41,071 | STEP 17 | corner=tr | move=← | max=64 | empty=10 | sum=120 | depth=4
  16|  64|   8|   0
  16|   0|   8|   0
   0|   0|   0|   0
   8|   0|   0|   0
2025-09-06 12:07:42,153 | STEP 18 | corner=tr | move=← | max=64 | empty=9 | sum=128 | depth=4
  16|  64|   8|   0
  16|   8|   0|   0
   0|   8|   0|   0
   8|   0|   0|   0
2025-09-06 12:07:43,216 | STEP 19 | corner=tr | move=← | max=64 | empty=8 | sum=136 | depth=4
  16|  64|   8|   8
  16|   8|   0|   0
   8|   0|   0|   0
   8|   0|   0|   0
2025-09-06 12:07:44,296 | STEP 20 | corner=tr | move=↑ | max=64 | empty=8 | sum=144 | depth=4
  16|  64|  16|   0
  16|   8|   0|   0
   8|   0|   0|   0
   8|   8|   0|   0
2025-09-06 12:07:45,394 | STEP 21 | corner=tr | move=← | max=64 | empty=10 | sum=160 | depth=4
  32|  64|  16|   0
  16|  16|   0|   0
   0|  16|   0|   0
   0|   0|   0|   0
2025-09-06 12:08:09,462 | STEP 23 | corner=tr | move=↑ | max=64 | empty=10 | sum=176 | depth=4
  32|  64|  16|   0
  32|   0|   0|   0
  16|   0|   0|   0
   0|   0|   0|  16
2025-09-06 12:08:10,555 | STEP 24 | corner=tr | move=↑ | max=64 | empty=10 | sum=176 | depth=4
  32|  64|  16|   0
  32|   0|   0|   0
  16|   0|   0|   0
   0|   0|   0|  16
2025-09-06 12:08:11,656 | STEP 25 | corner=tr | move=↑ | max=64 | empty=10 | sum=176 | depth=4
  32|  64|  16|   0
  32|   0|   0|   0
  16|   0|   0|   0
   0|   0|   0|  16
2025-09-06 12:08:12,760 | STEP 26 | corner=tr | move=↑ | max=64 | empty=10 | sum=176 | depth=4
  32|  64|  16|   0
  32|   0|   0|   0
  16|   0|   0|   0
   0|   0|   0|  16
2025-09-06 12:08:13,854 | STEP 27 | corner=tr | move=↑ | max=64 | empty=10 | sum=176 | depth=4
  32|  64|  16|   0
  32|   0|   0|   0
  16|   0|   0|   0
   0|   0|   0|  16
2025-09-06 12:08:15,279 | STEP 28 | corner=tr | move=← | max=64 | empty=10 | sum=192 | depth=4
  64|  64|  16|  16
  16|   0|   0|   0
   0|   0|   0|   0
   0|   0|   0|  16
2025-09-06 12:08:16,617 | STEP 29 | corner=tr | move=↑ | max=128 | empty=11 | sum=200 | depth=4
 128|  32|   0|   0
  16|   0|   0|   0
   0|   0|   0|   0
  16|   8|   0|   0
2025-09-06 12:08:36,283 | STEP 31 | corner=tr | move=↑ | max=128 | empty=11 | sum=216 | depth=4
 128|  32|   0|   0
  32|   8|   0|   0
   0|   0|  16|   0
   0|   0|   0|   0
2025-09-06 12:08:37,366 | STEP 32 | corner=tr | move=↑ | max=128 | empty=11 | sum=216 | depth=4
 128|  32|   0|   0
  32|   8|   0|   0
   0|   0|  16|   0
   0|   0|   0|   0
2025-09-06 12:08:38,471 | STEP 33 | corner=tr | move=↑ | max=128 | empty=11 | sum=216 | depth=4
 128|  32|   0|   0
  32|   8|   0|   0
   0|   0|  16|   0
   0|   0|   0|   0
2025-09-06 12:08:39,555 | STEP 34 | corner=tr | move=↑ | max=128 | empty=11 | sum=216 | depth=4
 128|  32|   0|   0
  32|   8|   0|   0
   0|   0|  16|   0
   0|   0|   0|   0
2025-09-06 12:08:40,518 | STEP 35 | corner=tr | move=→ | max=128 | empty=10 | sum=224 | depth=4
 128|  32|  16|   0
  32|   8|   0|   0
   8|   0|   0|   0
   0|   0|   0|   0
2025-09-06 12:08:41,584 | STEP 36 | corner=tr | move=← | max=128 | empty=9 | sum=240 | depth=4
   0| 128|  32|  16
   0|   0|  32|   8
   0|   0|   0|   8
  16|   0|   0|   0
2025-09-06 12:08:42,612 | STEP 37 | corner=tr | move=↑ | max=128 | empty=8 | sum=256 | depth=4
 128|  32|  16|   0
  32|   8|   0|   0
   8|   0|   0|   0
  16|   0|   0|  16
2025-09-06 12:08:43,641 | STEP 38 | corner=tr | move=← | max=128 | empty=7 | sum=264 | depth=4
 128|  32|  16|  16
  32|   8|   0|   0
   8|   0|   0|   0
  16|   8|   0|   0
2025-09-06 12:08:44,692 | STEP 39 | corner=tr | move=← | max=128 | empty=7 | sum=272 | depth=4
 128|  32|  32|   0
  32|   8|   0|   0
   8|   0|   0|   0
  16|   8|   0|   8
2025-09-06 12:08:46,000 | STEP 40 | corner=tr | move=↑ | max=128 | empty=8 | sum=280 | depth=4
 128|  64|   0|   8
  32|   8|   0|   0
   8|   0|   0|   0
  16|  16|   0|   0
2025-09-06 12:08:46,986 | STEP 41 | corner=tr | move=↑ | max=128 | empty=7 | sum=288 | depth=4
 128|  64|   0|   8
  32|   8|   0|   0
   8|  16|   0|   0
  16|   0|   8|   0
2025-09-06 12:08:47,928 | STEP 42 | corner=tr | move=← | max=128 | empty=6 | sum=296 | depth=4
 128|  64|   8|   8
  32|   8|   0|   0
   8|  16|   0|   0
  16|   8|   0|   0
2025-09-06 12:09:08,640 | STEP 44 | corner=tr | move=↑ | max=128 | empty=6 | sum=312 | depth=4
 128|  64|  16|   0
  32|   8|   0|   0
   8|  16|   0|  16
  16|   8|   0|   0
2025-09-06 12:09:09,602 | STEP 45 | corner=tr | move=↑ | max=128 | empty=6 | sum=312 | depth=4
 128|  64|  16|   0
  32|   8|   0|   0
   8|  16|   0|  16
  16|   8|   0|   0
2025-09-06 12:09:10,589 | STEP 46 | corner=tr | move=↑ | max=128 | empty=6 | sum=312 | depth=4
 128|  64|  16|   0
  32|   8|   0|   0
   8|  16|   0|  16
  16|   8|   0|   0
2025-09-06 12:09:11,557 | STEP 47 | corner=tr | move=← | max=128 | empty=5 | sum=328 | depth=4
 128|  64|  16|  16
  32|   8|   0|   0
   8|  16|   0|  16
  16|   8|   0|   0
2025-09-06 12:09:12,507 | STEP 48 | corner=tr | move=← | max=128 | empty=6 | sum=336 | depth=4
 128|  64|  32|   0
  32|   8|   8|   0
   8|  32|   0|   0
  16|   8|   0|   0
2025-09-06 12:09:13,723 | STEP 49 | corner=tr | move=↑ | max=128 | empty=6 | sum=344 | depth=4
 128|  64|  32|   0
  32|  16|   0|   8
   8|  32|   0|   0
  16|   8|   0|   0
2025-09-06 12:09:14,672 | STEP 50 | corner=tr | move=→ | max=128 | empty=5 | sum=352 | depth=4
 128|  64|  32|   8
  32|  16|   0|   0
   8|  32|   0|   8
  16|   8|   0|   0
2025-09-06 12:09:17,884 | STEP 51 | corner=tr | move=↑ | max=128 | empty=4 | sum=360 | depth=6
 128|  64|  32|   8
   0|   0|  32|  16
   0|   8|  32|   8
   8|   0|  16|   8
2025-09-06 12:09:19,225 | STEP 52 | corner=tr | move=← | max=128 | empty=5 | sum=368 | depth=4
 128|  64|  64|   8
   8|   8|  32|  16
   0|   8|  16|  16
   0|   0|   0|   0
2025-09-06 12:09:20,581 | STEP 53 | corner=tr | move=↑ | max=128 | empty=7 | sum=376 | depth=4
 128| 128|   8|   0
  16|  32|  16|   8
   8|  32|   0|   0
   0|   0|   0|   0
2025-09-06 12:09:21,946 | STEP 54 | corner=tr | move=← | max=128 | empty=7 | sum=384 | depth=4
 128| 128|   8|   8
  16|  64|  16|   0
   8|   0|   0|   8
   0|   0|   0|   0
2025-09-06 12:09:23,309 | STEP 55 | corner=tr | move=↑ | max=128 | empty=9 | sum=264 | depth=4
 128|  16|   0|   0
  16|  64|  16|   0
  16|   0|   0|   0
   0|   0|   8|   0
2025-09-06 12:09:24,330 | STEP 56 | corner=tr | move=← | max=128 | empty=9 | sum=272 | depth=4
 128|  16|  16|   8
  32|  64|   8|   0
   0|   0|   0|   0
   0|   0|   0|   0
2025-09-06 12:09:25,378 | STEP 57 | corner=tr | move=← | max=128 | empty=9 | sum=288 | depth=4
 128|  32|   8|   0
  32|  64|   8|   0
   0|   0|   0|   0
   0|  16|   0|   0
2025-09-06 12:09:26,400 | STEP 58 | corner=tr | move=← | max=128 | empty=8 | sum=296 | depth=4
 128|  32|   8|   0
  32|  64|   8|   0
   0|   0|   0|   0
  16|   0|   8|   0
2025-09-06 12:09:27,419 | STEP 59 | corner=tr | move=← | max=128 | empty=7 | sum=304 | depth=4
 128|  32|   8|   0
  32|  64|   8|   0
   0|   0|   0|   0
  16|   8|   0|   8
2025-09-06 12:09:28,445 | STEP 60 | corner=tr | move=← | max=128 | empty=7 | sum=312 | depth=4
 128|  32|   8|   8
  32|  64|   8|   0
   0|   0|   0|   0
  16|  16|   0|   0
2025-09-06 12:09:29,457 | STEP 61 | corner=tr | move=↑ | max=128 | empty=8 | sum=328 | depth=4
 128|  32|  16|   0
  32|  64|   8|   0
   0|   0|  16|   0
  32|   0|   0|   0
2025-09-06 12:09:30,778 | STEP 62 | corner=tr | move=← | max=128 | empty=8 | sum=344 | depth=4
 128|  32|  16|   0
  64|  64|   8|   0
   0|   0|  16|   0
   0|  16|   0|   0
2025-09-06 12:09:31,775 | STEP 63 | corner=tr | move=↑ | max=128 | empty=8 | sum=352 | depth=4
 128|  32|  16|   0
 128|   8|   0|   0
  16|   0|   0|   0
  16|   8|   0|   0
2025-09-06 12:09:32,814 | STEP 64 | corner=tr | move=↑ | max=128 | empty=9 | sum=368 | depth=4
 128|  32|  16|   0
 128|  16|   0|   0
  32|  16|   0|   0
   0|   0|   0|   0
2025-09-06 12:09:33,889 | STEP 65 | corner=tr | move=↑ | max=128 | empty=9 | sum=384 | depth=4
 128|  32|  16|   0
 128|  32|   0|   0
  32|   0|   0|  16
   0|   0|   0|   0
2025-09-06 12:09:34,958 | STEP 66 | corner=tr | move=← | max=128 | empty=9 | sum=392 | depth=4
 128|  64|  16|  16
 128|   0|   0|   0
  32|   0|   0|   0
   8|   0|   0|   0
2025-09-06 12:09:36,014 | STEP 67 | corner=tr | move=← | max=128 | empty=9 | sum=400 | depth=4
 128|  64|  32|   0
 128|   0|   0|   0
  32|   0|   8|   0
   8|   0|   0|   0
2025-09-06 12:09:36,988 | STEP 68 | corner=tr | move=↑ | max=128 | empty=8 | sum=416 | depth=4
 128|  64|  32|   0
 128|   0|   0|   0
  32|   8|  16|   0
   8|   0|   0|   0
2025-09-06 12:09:38,020 | STEP 69 | corner=tr | move=↑ | max=128 | empty=7 | sum=424 | depth=4
 128|  64|  32|   0
 128|   8|  16|   0
  32|   0|   0|   0
   8|   8|   0|   0
2025-09-06 12:09:39,038 | STEP 70 | corner=tr | move=↑ | max=128 | empty=7 | sum=432 | depth=4
 128|  64|  32|   0
 128|  16|  16|   0
  32|   8|   0|   0
   8|   0|   0|   0
2025-09-06 12:09:40,067 | STEP 71 | corner=tr | move=↑ | max=128 | empty=7 | sum=432 | depth=4
 128|  64|  32|   0
 128|  16|  16|   0
  32|   8|   0|   0
   8|   0|   0|   0
2025-09-06 12:09:41,087 | STEP 72 | corner=tr | move=↑ | max=128 | empty=7 | sum=432 | depth=4
 128|  64|  32|   0
 128|  16|  16|   0
  32|   8|   0|   0
   8|   0|   0|   0
2025-09-06 12:09:42,110 | STEP 73 | corner=tr | move=↑ | max=128 | empty=7 | sum=432 | depth=4
 128|  64|  32|   0
 128|  16|  16|   0
  32|   8|   0|   0
   8|   0|   0|   0
2025-09-06 12:09:43,131 | STEP 74 | corner=tr | move=↑ | max=128 | empty=7 | sum=432 | depth=4
 128|  64|  32|   0
 128|  16|  16|   0
  32|   8|   0|   0
   8|   0|   0|   0
2025-09-06 12:09:44,153 | STEP 75 | corner=tr | move=↑ | max=128 | empty=7 | sum=432 | depth=4
 128|  64|  32|   0
 128|  16|  16|   0
  32|   8|   0|   0
   8|   0|   0|   0
2025-09-06 12:09:45,177 | STEP 76 | corner=tr | move=↑ | max=128 | empty=7 | sum=432 | depth=4
 128|  64|  32|   0
 128|  16|  16|   0
  32|   8|   0|   0
   8|   0|   0|   0
2025-09-06 12:09:46,190 | STEP 77 | corner=tr | move=↑ | max=128 | empty=7 | sum=432 | depth=4
 128|  64|  32|   0
 128|  16|  16|   0
  32|   8|   0|   0
   8|   0|   0|   0
2025-09-06 12:09:47,203 | STEP 78 | corner=tr | move=↑ | max=128 | empty=7 | sum=432 | depth=4
 128|  64|  32|   0
 128|  16|  16|   0
  32|   8|   0|   0
   8|   0|   0|   0
2025-09-06 12:09:48,222 | STEP 79 | corner=tr | move=↑ | max=128 | empty=7 | sum=432 | depth=4
 128|  64|  32|   0
 128|  16|  16|   0
  32|   8|   0|   0
   8|   0|   0|   0
2025-09-06 12:09:49,231 | STEP 80 | corner=tr | move=↑ | max=128 | empty=7 | sum=432 | depth=4
 128|  64|  32|   0
 128|  16|  16|   0
  32|   8|   0|   0
   8|   0|   0|   0
2025-09-06 12:09:50,252 | STEP 81 | corner=tr | move=↑ | max=128 | empty=7 | sum=432 | depth=4
 128|  64|  32|   0
 128|  16|  16|   0
  32|   8|   0|   0
   8|   0|   0|   0
2025-09-06 12:09:51,257 | STEP 82 | corner=tr | move=↑ | max=128 | empty=7 | sum=432 | depth=4
 128|  64|  32|   0
 128|  16|  16|   0
  32|   8|   0|   0
   8|   0|   0|   0
2025-09-06 12:09:52,280 | STEP 83 | corner=tr | move=↑ | max=128 | empty=7 | sum=432 | depth=4
 128|  64|  32|   0
 128|  16|  16|   0
  32|   8|   0|   0
   8|   0|   0|   0
2025-09-06 12:09:53,299 | STEP 84 | corner=tr | move=↑ | max=128 | empty=7 | sum=432 | depth=4
 128|  64|  32|   0
 128|  16|  16|   0
  32|   8|   0|   0
   8|   0|   0|   0
2025-09-06 12:09:54,322 | STEP 85 | corner=tr | move=↑ | max=128 | empty=7 | sum=432 | depth=4
 128|  64|  32|   0
 128|  16|  16|   0
  32|   8|   0|   0
   8|   0|   0|   0
2025-09-06 12:09:55,337 | STEP 86 | corner=tr | move=↑ | max=128 | empty=7 | sum=432 | depth=4
 128|  64|  32|   0
 128|  16|  16|   0
  32|   8|   0|   0
   8|   0|   0|   0
2025-09-06 12:09:56,366 | STEP 87 | corner=tr | move=↑ | max=128 | empty=7 | sum=432 | depth=4
 128|  64|  32|   0
 128|  16|  16|   0
  32|   8|   0|   0
   8|   0|   0|   0
2025-09-06 12:09:57,389 | STEP 88 | corner=tr | move=↑ | max=128 | empty=7 | sum=432 | depth=4
 128|  64|  32|   0
 128|  16|  16|   0
  32|   8|   0|   0
   8|   0|   0|   0
2025-09-06 12:09:58,410 | STEP 89 | corner=tr | move=← | max=128 | empty=7 | sum=440 | depth=4
 128|  64|  32|   0
 128|  32|   0|   0
  32|   8|   8|   0
   8|   0|   0|   0
2025-09-06 12:09:59,375 | STEP 90 | corner=tr | move=↑ | max=128 | empty=7 | sum=448 | depth=4
 128|  64|  32|   8
 128|  32|   0|   0
  32|  16|   0|   0
   8|   0|   0|   0
2025-09-06 12:10:00,338 | STEP 91 | corner=tr | move=↑ | max=128 | empty=7 | sum=448 | depth=4
 128|  64|  32|   8
 128|  32|   0|   0
  32|  16|   0|   0
   8|   0|   0|   0
2025-09-06 12:10:01,301 | STEP 92 | corner=tr | move=↑ | max=128 | empty=7 | sum=448 | depth=4
 128|  64|  32|   8
 128|  32|   0|   0
  32|  16|   0|   0
   8|   0|   0|   0
2025-09-06 12:10:02,256 | STEP 93 | corner=tr | move=↑ | max=128 | empty=7 | sum=448 | depth=4
 128|  64|  32|   8
 128|  32|   0|   0
  32|  16|   0|   0
   8|   0|   0|   0
2025-09-06 12:10:03,224 | STEP 94 | corner=tr | move=↑ | max=128 | empty=7 | sum=448 | depth=4
 128|  64|  32|   8
 128|  32|   0|   0
  32|  16|   0|   0
   8|   0|   0|   0
2025-09-06 12:10:04,175 | STEP 95 | corner=tr | move=↑ | max=128 | empty=7 | sum=448 | depth=4
 128|  64|  32|   8
 128|  32|   0|   0
  32|  16|   0|   0
   8|   0|   0|   0
2025-09-06 12:10:05,152 | STEP 96 | corner=tr | move=↑ | max=128 | empty=7 | sum=448 | depth=4
 128|  64|  32|   8
 128|  32|   0|   0
  32|  16|   0|   0
   8|   0|   0|   0
2025-09-06 12:10:06,118 | STEP 97 | corner=tr | move=↑ | max=128 | empty=7 | sum=448 | depth=4
 128|  64|  32|   8
 128|  32|   0|   0
  32|  16|   0|   0
   8|   0|   0|   0
2025-09-06 12:10:07,090 | STEP 98 | corner=tr | move=↑ | max=128 | empty=7 | sum=448 | depth=4
 128|  64|  32|   8
 128|  32|   0|   0
  32|  16|   0|   0
   8|   0|   0|   0
2025-09-06 12:10:08,048 | STEP 99 | corner=tr | move=↑ | max=128 | empty=7 | sum=448 | depth=4
 128|  64|  32|   8
 128|  32|   0|   0
  32|  16|   0|   0
   8|   0|   0|   0
