2025-09-06 13:08:29,290 | Starting Advanced 2048 Bot...
2025-09-06 13:08:29,676 | STEP 1 | corner=tr | move=→ | max=8 | empty=14 | sum=16 | depth=4
   0|   0|   0|   8
   0|   8|   0|   0
   0|   0|   0|   0
   0|   0|   0|   0
2025-09-06 13:08:31,039 | STEP 2 | corner=tr | move=→ | max=8 | empty=14 | sum=16 | depth=4
   0|   0|   0|   8
   0|   8|   0|   0
   0|   0|   0|   0
   0|   0|   0|   0
2025-09-06 13:08:32,263 | STEP 3 | corner=tr | move=→ | max=8 | empty=14 | sum=16 | depth=4
   0|   0|   0|   8
   0|   8|   0|   0
   0|   0|   0|   0
   0|   0|   0|   0
2025-09-06 13:08:33,502 | STEP 4 | corner=tr | move=→ | max=8 | empty=14 | sum=16 | depth=4
   0|   0|   0|   8
   0|   8|   0|   0
   0|   0|   0|   0
   0|   0|   0|   0
2025-09-06 13:08:34,596 | STEP 5 | corner=tr | move=↑ | max=8 | empty=13 | sum=24 | depth=4
   0|   0|   0|   8
   0|   0|   0|   8
   0|   0|   0|   0
   0|   0|   0|   8
2025-09-06 13:08:35,695 | STEP 6 | corner=tr | move=↑ | max=16 | empty=13 | sum=32 | depth=4
   0|   0|   0|  16
   0|   0|   0|   8
   0|   0|   0|   8
   0|   0|   0|   0
2025-09-06 13:08:37,142 | STEP 7 | corner=tr | move=↑ | max=16 | empty=13 | sum=40 | depth=4
   0|   0|   0|  16
   8|   0|   0|  16
   0|   0|   0|   0
   0|   0|   0|   0
2025-09-06 13:08:38,315 | STEP 8 | corner=tr | move=← | max=32 | empty=13 | sum=48 | depth=4
   8|   0|   0|  32
   0|   0|   0|   0
   0|   0|   0|   8
   0|   0|   0|   0
2025-09-06 13:08:39,459 | STEP 9 | corner=tr | move=← | max=32 | empty=12 | sum=56 | depth=4
   8|  32|   0|   0
   0|   0|   0|   8
   8|   0|   0|   0
   0|   0|   0|   0
2025-09-06 13:08:40,596 | STEP 10 | corner=tr | move=← | max=32 | empty=11 | sum=64 | depth=4
   8|  32|   0|   0
   8|   0|   0|   0
   8|   0|   0|   8
   0|   0|   0|   0
2025-09-06 13:08:41,724 | STEP 11 | corner=tr | move=↑ | max=32 | empty=11 | sum=72 | depth=4
   8|  32|   0|   0
   8|   0|   0|   0
  16|   0|   0|   0
   0|   8|   0|   0
2025-09-06 13:08:43,177 | STEP 12 | corner=tr | move=↑ | max=32 | empty=11 | sum=80 | depth=4
  16|  32|   0|   0
  16|   8|   8|   0
   0|   0|   0|   0
   0|   0|   0|   0
2025-09-06 13:08:44,633 | STEP 13 | corner=tr | move=↑ | max=32 | empty=11 | sum=88 | depth=4
  32|  32|   8|   0
   0|   8|   0|   0
   0|   0|   0|   0
   0|   0|   8|   0
2025-09-06 13:08:45,798 | STEP 14 | corner=tr | move=↑ | max=32 | empty=11 | sum=96 | depth=4
  32|  32|  16|   0
   0|   8|   0|   0
   0|   0|   0|   0
   0|   0|   8|   0
2025-09-06 13:08:46,927 | STEP 15 | corner=tr | move=↑ | max=32 | empty=10 | sum=104 | depth=4
  32|  32|  16|   0
   0|   8|   8|   0
   0|   0|   0|   0
   8|   0|   0|   0
2025-09-06 13:08:48,015 | STEP 16 | corner=tr | move=↑ | max=32 | empty=9 | sum=112 | depth=4
  32|  32|  16|   0
   8|   8|   8|   0
   0|   0|   0|   0
   0|   0|   0|   8
2025-09-06 13:08:49,065 | STEP 17 | corner=tr | move=↑ | max=32 | empty=8 | sum=120 | depth=4
  32|  32|  16|   8
   8|   8|   8|   0
   0|   8|   0|   0
   0|   0|   0|   0
2025-09-06 13:08:50,064 | STEP 18 | corner=tr | move=← | max=32 | empty=8 | sum=128 | depth=4
  32|  32|  16|   8
   8|  16|   8|   0
   0|   8|   0|   0
   0|   0|   0|   0
2025-09-06 13:08:51,391 | STEP 19 | corner=tr | move=← | max=64 | empty=8 | sum=136 | depth=4
  64|  16|   8|   0
   8|  16|   8|   0
   8|   8|   0|   0
   0|   0|   0|   0
2025-09-06 13:08:52,377 | STEP 20 | corner=tr | move=↑ | max=64 | empty=8 | sum=144 | depth=4
  64|  16|   8|   0
   8|  16|   8|   0
  16|   0|   0|   0
   8|   0|   0|   0
2025-09-06 13:09:50,612 | STEP 22 | corner=tr | move=↑ | max=64 | empty=9 | sum=160 | depth=4
  64|  32|  16|   0
   8|   0|   0|   0
  16|   0|   0|   0
   8|   0|   0|  16
2025-09-06 13:09:51,661 | STEP 23 | corner=tr | move=↑ | max=64 | empty=9 | sum=160 | depth=4
  64|  32|  16|   0
   8|   0|   0|   0
  16|   0|   0|   0
   8|   0|   0|  16
2025-09-06 13:09:52,703 | STEP 24 | corner=tr | move=↑ | max=64 | empty=9 | sum=160 | depth=4
  64|  32|  16|   0
   8|   0|   0|   0
  16|   0|   0|   0
   8|   0|   0|  16
2025-09-06 13:09:53,780 | STEP 25 | corner=tr | move=← | max=64 | empty=8 | sum=168 | depth=4
  64|  32|  16|  16
   8|   0|   0|   0
  16|   0|   0|   0
   8|   0|   0|   8
2025-09-06 13:09:55,169 | STEP 26 | corner=tr | move=← | max=64 | empty=9 | sum=184 | depth=4
  64|  32|  32|   0
   8|   0|   0|   0
  16|   0|  16|   0
  16|   0|   0|   0
2025-09-06 13:09:56,536 | STEP 27 | corner=tr | move=← | max=64 | empty=10 | sum=192 | depth=4
  64|  64|   0|   0
   8|   0|   0|   0
  32|   0|   0|   0
  16|   8|   0|   0
2025-09-06 13:09:57,603 | STEP 28 | corner=tr | move=← | max=128 | empty=10 | sum=208 | depth=4
 128|   0|   0|  16
   8|   0|   0|   0
  32|   0|   0|   0
  16|   8|   0|   0
2025-09-06 13:09:58,613 | STEP 29 | corner=tr | move=↑ | max=128 | empty=9 | sum=224 | depth=4
 128|  16|   0|   0
   8|   0|   0|   0
  32|  16|   0|   0
  16|   8|   0|   0
2025-09-06 13:09:59,667 | STEP 30 | corner=tr | move=↑ | max=128 | empty=9 | sum=232 | depth=4
 128|  32|   0|   0
   8|   8|   0|   8
  32|   0|   0|   0
  16|   0|   0|   0
2025-09-06 13:10:00,699 | STEP 31 | corner=tr | move=↑ | max=128 | empty=8 | sum=240 | depth=4
 128|  32|   0|   8
   8|   8|   0|   0
  32|   8|   0|   0
  16|   0|   0|   0
2025-09-06 13:10:01,719 | STEP 32 | corner=tr | move=← | max=128 | empty=8 | sum=256 | depth=4
 128|  32|   0|   8
   8|  16|  16|   0
  32|   0|   0|   0
  16|   0|   0|   0
2025-09-06 13:10:02,730 | STEP 33 | corner=tr | move=↑ | max=128 | empty=8 | sum=272 | depth=4
 128|  32|   8|   0
   8|  32|   0|  16
  32|   0|   0|   0
  16|   0|   0|   0
2025-09-06 13:10:03,724 | STEP 34 | corner=tr | move=→ | max=128 | empty=8 | sum=280 | depth=4
 128|  64|   8|  16
   8|   8|   0|   0
  32|   0|   0|   0
  16|   0|   0|   0
2025-09-06 13:10:04,771 | STEP 35 | corner=tr | move=↑ | max=128 | empty=8 | sum=296 | depth=4
 128|  64|   8|  16
   0|   0|  16|  16
   0|   0|   0|  32
   0|   0|   0|  16
2025-09-06 13:10:05,787 | STEP 36 | corner=tr | move=↑ | max=128 | empty=8 | sum=304 | depth=4
 128|  64|   8|  32
   0|   0|  16|  32
   0|   0|   0|  16
   0|   8|   0|   0
2025-09-06 13:10:06,791 | STEP 37 | corner=tr | move=→ | max=128 | empty=8 | sum=312 | depth=4
 128|  64|   8|  64
   8|   8|  16|  16
   0|   0|   0|   0
   0|   0|   0|   0
2025-09-06 13:10:07,841 | STEP 38 | corner=tr | move=↑ | max=128 | empty=9 | sum=328 | depth=4
 128|  64|   8|  64
   0|   0|  16|  32
   0|   0|   0|   0
   0|   0|  16|   0
2025-09-06 13:10:08,856 | STEP 39 | corner=tr | move=→ | max=128 | empty=9 | sum=344 | depth=4
 128|  64|   8|  64
   0|   0|  32|  32
   0|   0|  16|   0
   0|   0|   0|   0
2025-09-06 13:10:09,913 | STEP 40 | corner=tr | move=→ | max=128 | empty=9 | sum=360 | depth=4
 128|  64|   8|  64
   0|   0|   0|  64
   0|   0|   0|  16
   0|   0|  16|   0
2025-09-06 13:10:10,918 | STEP 41 | corner=tr | move=← | max=128 | empty=8 | sum=368 | depth=4
 128|  64|   8|  64
   0|   0|   8|  64
   0|   0|   0|  16
   0|   0|   0|  16
2025-09-06 13:10:12,221 | STEP 42 | corner=tr | move=↑ | max=128 | empty=7 | sum=376 | depth=4
 128|  64|   8|  64
   8|  64|   0|   0
  16|   0|   8|   0
  16|   0|   0|   0
2025-09-06 13:10:13,283 | STEP 43 | corner=tr | move=↑ | max=128 | empty=9 | sum=384 | depth=4
 128| 128|  16|  64
   8|   0|   0|   0
  32|   0|   8|   0
   0|   0|   0|   0
2025-09-06 13:10:14,301 | STEP 44 | corner=tr | move=← | max=128 | empty=8 | sum=400 | depth=4
 128| 128|  16|  64
   8|   0|   8|   0
  32|   0|  16|   0
   0|   0|   0|   0
2025-09-06 13:10:15,623 | STEP 45 | corner=tr | move=↑ | max=256 | empty=9 | sum=416 | depth=4
 256|  16|  64|   0
  16|   0|   0|   0
  32|  16|   0|   0
   0|  16|   0|   0
2025-09-06 13:10:16,688 | STEP 46 | corner=tr | move=↑ | max=256 | empty=9 | sum=432 | depth=4
 256|  32|  64|   0
  16|  16|   0|   0
  32|   0|   0|   0
   0|   0|   0|  16
2025-09-06 13:10:17,720 | STEP 47 | corner=tr | move=↑ | max=256 | empty=8 | sum=440 | depth=4
 256|  32|  64|  16
  16|  16|   0|   0
  32|   0|   0|   8
   0|   0|   0|   0
2025-09-06 13:10:18,684 | STEP 48 | corner=tr | move=→ | max=256 | empty=7 | sum=456 | depth=4
 256|  32|  64|  16
  16|  16|   0|   8
  32|   0|   0|   0
  16|   0|   0|   0
2025-09-06 13:10:19,670 | STEP 49 | corner=tr | move=↑ | max=256 | empty=7 | sum=464 | depth=4
 256|  32|  64|  16
   0|   0|  32|   8
   0|   0|   0|  32
   8|   0|   0|  16
2025-09-06 13:10:20,598 | STEP 50 | corner=tr | move=← | max=256 | empty=6 | sum=472 | depth=4
 256|  32|  64|  16
   8|   0|  32|   8
   0|   0|   8|  32
   0|   0|   0|  16
2025-09-06 13:10:21,863 | STEP 51 | corner=tr | move=↑ | max=256 | empty=5 | sum=488 | depth=4
 256|  32|  64|  16
   8|  32|   8|   0
   8|  32|   0|  16
  16|   0|   0|   0
2025-09-06 13:10:22,866 | STEP 52 | corner=tr | move=← | max=256 | empty=7 | sum=496 | depth=4
 256|  64|  64|  32
  16|  32|   8|   0
  16|   0|   0|   0
   8|   0|   0|   0
2025-09-06 13:10:23,860 | STEP 53 | corner=tr | move=↑ | max=256 | empty=7 | sum=512 | depth=4
 256| 128|  32|   0
  16|  32|   8|   0
  16|   0|  16|   0
   8|   0|   0|   0
2025-09-06 13:10:25,136 | STEP 54 | corner=tr | move=↑ | max=256 | empty=7 | sum=528 | depth=4
 256| 128|  32|   0
  32|  32|   8|   0
   8|   0|  16|   0
   0|  16|   0|   0
2025-09-06 13:10:26,124 | STEP 55 | corner=tr | move=↑ | max=256 | empty=6 | sum=536 | depth=4
 256| 128|  32|   0
  32|  32|   8|   0
   8|  16|  16|   8
   0|   0|   0|   0
2025-09-06 13:10:27,097 | STEP 56 | corner=tr | move=→ | max=256 | empty=5 | sum=552 | depth=4
 256| 128|  32|   8
  32|  32|   8|   0
   8|  16|  16|  16
   0|   0|   0|   0
2025-09-06 13:10:28,044 | STEP 57 | corner=tr | move=↑ | max=256 | empty=6 | sum=568 | depth=4
 256| 128|  32|   8
   0|   0|  64|   8
  16|   8|  16|  32
   0|   0|   0|   0
2025-09-06 13:10:28,993 | STEP 58 | corner=tr | move=→ | max=256 | empty=6 | sum=584 | depth=4
 256| 128|  32|  16
  16|   8|  64|  32
   0|  16|  16|   0
   0|   0|   0|   0
2025-09-06 13:10:29,942 | STEP 59 | corner=tr | move=↑ | max=256 | empty=6 | sum=600 | depth=4
 256| 128|  32|  16
  16|   8|  64|  32
   0|   0|   0|  32
   0|   0|   0|  16
2025-09-06 13:10:30,926 | STEP 60 | corner=tr | move=→ | max=256 | empty=6 | sum=616 | depth=4
 256| 128|  32|  16
  16|   8|  64|  64
   0|   0|   0|  16
  16|   0|   0|   0
2025-09-06 13:10:31,903 | STEP 61 | corner=tr | move=← | max=256 | empty=6 | sum=632 | depth=4
 256| 128|  32|  16
  16|  16|   8| 128
   0|   0|   0|  16
   0|   0|   0|  16
2025-09-06 13:10:32,903 | STEP 62 | corner=tr | move=↑ | max=256 | empty=6 | sum=648 | depth=4
 256| 128|  32|  16
  32|   8| 128|   0
  16|   0|   0|  16
  16|   0|   0|   0
2025-09-06 13:10:33,912 | STEP 63 | corner=tr | move=← | max=256 | empty=7 | sum=664 | depth=4
 256| 128|  32|  32
  32|   8| 128|   0
  32|   0|  16|   0
   0|   0|   0|   0
2025-09-06 13:10:34,896 | STEP 64 | corner=tr | move=← | max=256 | empty=7 | sum=672 | depth=4
 256| 128|  64|   0
  32|   8| 128|   0
  32|  16|   0|   0
   0|   0|   8|   0
2025-09-06 13:10:35,874 | STEP 65 | corner=tr | move=← | max=256 | empty=6 | sum=680 | depth=4
 256| 128|  64|   0
  32|   8| 128|   0
  32|  16|   0|   0
   8|   8|   0|   0
2025-09-06 13:10:36,816 | STEP 66 | corner=tr | move=↑ | max=256 | empty=6 | sum=688 | depth=4
 256| 128|  64|   0
  32|   8| 128|   0
  32|  16|   0|   0
  16|   8|   0|   0
2025-09-06 13:10:38,080 | STEP 67 | corner=tr | move=← | max=256 | empty=6 | sum=696 | depth=4
 256| 128|  64|   0
  64|   8| 128|   0
  16|  16|   0|   8
   0|   8|   0|   0
2025-09-06 13:10:39,054 | STEP 68 | corner=tr | move=← | max=256 | empty=6 | sum=704 | depth=4
 256| 128|  64|   0
  64|   8| 128|   0
  32|   8|   0|   0
   8|   0|   0|   8
2025-09-06 13:10:40,021 | STEP 69 | corner=tr | move=↑ | max=256 | empty=6 | sum=712 | depth=4
 256| 128|  64|   0
  64|   8| 128|   0
  32|   8|   0|   8
  16|   0|   0|   0
2025-09-06 13:10:40,987 | STEP 70 | corner=tr | move=← | max=256 | empty=6 | sum=728 | depth=4
 256| 128|  64|   8
  64|  16| 128|   0
  32|   0|   0|   0
  16|   0|   0|  16
2025-09-06 13:10:41,926 | STEP 71 | corner=tr | move=↑ | max=256 | empty=6 | sum=736 | depth=4
 256| 128|  64|   8
  64|  16| 128|   0
  32|   0|   0|   0
  32|   8|   0|   0
2025-09-06 13:10:42,885 | STEP 72 | corner=tr | move=↑ | max=256 | empty=6 | sum=752 | depth=4
 256| 128|  64|   8
  64|  16| 128|   0
  64|   8|   0|   0
   0|  16|   0|   0
2025-09-06 13:10:43,836 | STEP 73 | corner=tr | move=→ | max=256 | empty=6 | sum=760 | depth=4
 256| 128|  64|   8
 128|  16| 128|   0
   8|   8|   0|   0
   0|  16|   0|   0
2025-09-06 13:10:44,793 | STEP 74 | corner=tr | move=↑ | max=256 | empty=6 | sum=776 | depth=4
 256| 128|  64|   8
  16| 128|  16| 128
   0|   0|   0|  16
   0|   0|   0|  16
2025-09-06 13:10:45,813 | STEP 75 | corner=tr | move=↑ | max=256 | empty=7 | sum=784 | depth=4
 256| 256|  64|   8
  16|   0|  16| 128
   0|   0|   0|  32
   0|   8|   0|   0
2025-09-06 13:10:46,761 | STEP 76 | corner=tr | move=← | max=256 | empty=6 | sum=800 | depth=4
 256| 256|  64|   8
  16|   8|  16| 128
   0|  16|   0|  32
   0|   0|   0|   0
2025-09-06 13:10:47,727 | STEP 77 | corner=tr | move=↑ | max=512 | empty=6 | sum=808 | depth=4
 512|  64|   8|   0
  16|   8|  16| 128
  16|  32|   0|   8
   0|   0|   0|   0
2025-09-06 13:10:48,968 | STEP 78 | corner=tr | move=↑ | max=512 | empty=6 | sum=824 | depth=4
 512|  64|   8| 128
  32|   8|  16|   8
   0|  32|  16|   0
   0|   0|   0|   0
2025-09-06 13:10:49,906 | STEP 79 | corner=tr | move=→ | max=512 | empty=6 | sum=840 | depth=4
 512|  64|   8| 128
  32|   8|  32|   8
   0|  32|   0|  16
   0|   0|   0|   0
2025-09-06 13:10:51,132 | STEP 80 | corner=tr | move=↑ | max=512 | empty=5 | sum=856 | depth=4
 512|  64|   8| 128
  32|   8|  32|   8
   0|   0|  32|  16
   0|  16|   0|   0
2025-09-06 13:10:52,064 | STEP 81 | corner=tr | move=→ | max=512 | empty=5 | sum=864 | depth=4
 512|  64|   8| 128
  32|   8|  64|   8
   8|  16|   0|  16
   0|   0|   0|   0
2025-09-06 13:10:53,004 | STEP 82 | corner=tr | move=← | max=512 | empty=5 | sum=872 | depth=4
 512|  64|   8| 128
  32|   8|  64|   8
   0|   0|   8|  32
   8|   0|   0|   0
2025-09-06 13:10:54,409 | STEP 83 | corner=tr | move=→ | max=512 | empty=4 | sum=888 | depth=6
 512|  64|   8| 128
  32|   8|  64|   8
   8|  32|  16|   0
   8|   0|   0|   0
2025-09-06 13:10:55,726 | STEP 84 | corner=tr | move=↑ | max=512 | empty=3 | sum=904 | depth=6
 512|  64|   8| 128
  32|   8|  64|   8
   0|   8|  32|  16
   0|  16|   0|   8
2025-09-06 13:10:57,151 | STEP 85 | corner=tr | move=↑ | max=512 | empty=3 | sum=920 | depth=6
 512|  64|   8| 128
  32|  16|  64|   8
   0|  16|  32|  16
   0|  16|   0|   8
2025-09-06 13:10:59,831 | STEP 86 | corner=tr | move=← | max=512 | empty=3 | sum=936 | depth=6
 512|  64|   8| 128
  32|  32|  64|   8
  16|  16|  32|  16
   0|   0|   0|   8
2025-09-06 13:11:02,889 | STEP 87 | corner=tr | move=↑ | max=512 | empty=4 | sum=952 | depth=6
 512|  64|   8| 128
  64|  64|   8|   0
  32|  32|  16|  16
   8|   0|   0|   0
2025-09-06 13:11:03,857 | STEP 88 | corner=tr | move=↑ | max=512 | empty=5 | sum=968 | depth=4
 512| 128|  16| 128
  64|  32|  16|  16
  32|   0|   0|   0
   8|   0|   0|  16
2025-09-06 13:11:04,831 | STEP 89 | corner=tr | move=→ | max=512 | empty=6 | sum=984 | depth=4
 512| 128|  32| 128
  64|  32|   0|  32
  32|   0|   0|   0
   8|  16|   0|   0
2025-09-06 13:11:05,815 | STEP 90 | corner=tr | move=→ | max=512 | empty=6 | sum=1000 | depth=4
 512| 128|  32| 128
   0|   0|  64|  64
   0|   0|   0|  32
   0|  16|   8|  16
2025-09-06 13:11:06,764 | STEP 91 | corner=tr | move=↑ | max=512 | empty=6 | sum=1008 | depth=4
 512| 128|  32| 128
   0|   0|   0| 128
   0|   0|   8|  32
   0|  16|   8|  16
2025-09-06 13:11:08,058 | STEP 92 | corner=tr | move=→ | max=512 | empty=7 | sum=1016 | depth=4
 512| 128|  32| 256
   0|  16|  16|  32
   8|   0|   0|  16
   0|   0|   0|   0
2025-09-06 13:11:09,056 | STEP 93 | corner=tr | move=↑ | max=512 | empty=7 | sum=1024 | depth=4
 512| 128|  32| 256
   0|   0|  32|  32
   0|   0|   8|  16
   8|   0|   0|   0
2025-09-06 13:11:10,016 | STEP 94 | corner=tr | move=← | max=512 | empty=7 | sum=1032 | depth=4
 512| 128|  64| 256
   8|   0|   8|  32
   0|   0|   0|  16
   0|   0|   0|   8
2025-09-06 13:11:11,007 | STEP 95 | corner=tr | move=← | max=512 | empty=7 | sum=1048 | depth=4
 512| 128|  64| 256
  16|  32|   0|   0
  16|   0|   0|   0
   8|   0|  16|   0
2025-09-06 13:11:11,955 | STEP 96 | corner=tr | move=↑ | max=512 | empty=6 | sum=1056 | depth=4
 512| 128|  64| 256
  16|  32|   8|   0
  16|   0|   0|   0
   8|  16|   0|   0
2025-09-06 13:11:12,937 | STEP 97 | corner=tr | move=→ | max=512 | empty=6 | sum=1064 | depth=4
 512| 128|  64| 256
  32|  32|   8|   0
   8|  16|   8|   0
   0|   0|   0|   0
2025-09-06 13:11:13,931 | STEP 98 | corner=tr | move=↑ | max=512 | empty=6 | sum=1072 | depth=4
 512| 128|  64| 256
   8|   0|  64|   8
   0|   8|  16|   8
   0|   0|   0|   0
2025-09-06 13:11:15,009 | STEP 99 | corner=tr | move=← | max=512 | empty=7 | sum=1080 | depth=4
 512| 128| 128| 256
   8|   8|  16|  16
   0|   0|   0|   0
   0|   8|   0|   0
2025-09-06 13:11:16,113 | STEP 100 | corner=tr | move=← | max=512 | empty=9 | sum=1088 | depth=4
 512| 256| 256|   0
  16|  32|   0|   0
   8|   0|   0|   0
   8|   0|   0|   0
2025-09-06 13:11:17,474 | STEP 101 | corner=tr | move=← | max=512 | empty=9 | sum=1104 | depth=4
 512| 512|   0|   0
  16|  32|   0|   0
   8|   0|   0|   0
   8|   0|  16|   0
2025-09-06 13:11:19,530 | STEP 102 | corner=tr | move=↑ | max=1024 | empty=9 | sum=1112 | depth=5
1024|   0|   0|   0
  16|  32|   0|   0
   8|   0|   0|   8
   8|  16|   0|   0
2025-09-06 13:11:21,367 | STEP 103 | corner=tr | move=↑ | max=1024 | empty=9 | sum=1128 | depth=5
1024|  32|   0|   8
  16|  16|   0|   0
  16|   0|   0|   0
   0|  16|   0|   0
2025-09-06 13:11:23,143 | STEP 104 | corner=tr | move=↑ | max=1024 | empty=10 | sum=1136 | depth=5
1024|  32|   0|   8
  32|  32|   0|   0
   0|   0|   8|   0
   0|   0|   0|   0
2025-09-06 13:11:24,664 | STEP 105 | corner=tr | move=← | max=1024 | empty=10 | sum=1152 | depth=5
1024|  64|   8|   8
  32|  16|   0|   0
   0|   0|   0|   0
   0|   0|   0|   0
2025-09-06 13:11:26,502 | STEP 106 | corner=tr | move=← | max=1024 | empty=10 | sum=1168 | depth=5
1024|  64|  16|   0
  32|  16|  16|   0
   0|   0|   0|   0
   0|   0|   0|   0
2025-09-06 13:11:28,289 | STEP 107 | corner=tr | move=← | max=1024 | empty=10 | sum=1184 | depth=5
1024|  64|  16|   0
  32|  32|   0|   0
   0|   0|   0|   0
   0|   0|   0|  16
2025-09-06 13:11:29,671 | STEP 108 | corner=tr | move=↑ | max=1024 | empty=10 | sum=1192 | depth=5
1024|  64|  16|   0
  64|   8|   0|   0
   0|   0|   0|   0
  16|   0|   0|   0
2025-09-06 13:11:31,257 | STEP 109 | corner=tr | move=↑ | max=1024 | empty=9 | sum=1208 | depth=5
1024|  64|  16|   0
  64|   8|   0|   0
  16|   0|   0|   0
   0|   0|  16|   0
2025-09-06 13:11:32,656 | STEP 110 | corner=tr | move=← | max=1024 | empty=9 | sum=1224 | depth=5
1024|  64|  32|   0
  64|   8|   0|   0
  16|  16|   0|   0
   0|   0|   0|   0
2025-09-06 13:11:34,142 | STEP 111 | corner=tr | move=← | max=1024 | empty=9 | sum=1240 | depth=5
1024|  64|  32|   0
  64|   8|   0|   0
  32|   0|   0|   0
   0|  16|   0|   0
2025-09-06 13:11:35,226 | STEP 112 | corner=tr | move=→ | max=1024 | empty=8 | sum=1256 | depth=5
1024|  64|  32|   0
  64|   8|   0|   0
  32|  16|   0|   0
  16|   0|   0|   0
2025-09-06 13:11:36,432 | STEP 113 | corner=tr | move=← | max=1024 | empty=7 | sum=1264 | depth=5
   0|1024|  64|  32
   0|   8|  64|   8
   0|   0|  32|  16
   0|   0|   0|  16
2025-09-06 13:11:37,524 | STEP 114 | corner=tr | move=↑ | max=1024 | empty=6 | sum=1272 | depth=5
1024|  64|  32|   0
   8|  64|   8|   0
  32|  16|   0|   0
  16|   8|   0|   0
2025-09-06 13:11:38,653 | STEP 115 | corner=tr | move=↑ | max=1024 | empty=6 | sum=1288 | depth=5
1024| 128|  32|   0
   8|  16|   8|   0
  32|   8|   0|  16
  16|   0|   0|   0
2025-09-06 13:11:39,852 | STEP 116 | corner=tr | move=→ | max=1024 | empty=5 | sum=1304 | depth=5
1024| 128|  32|  16
   8|  16|   8|   0
  32|   8|   0|   0
  16|   0|   0|  16
2025-09-06 13:11:41,016 | STEP 117 | corner=tr | move=↑ | max=1024 | empty=5 | sum=1320 | depth=5
1024| 128|  32|  16
   0|   8|  16|   8
   0|   0|  32|   8
   0|  16|   0|  32
2025-09-06 13:11:42,281 | STEP 118 | corner=tr | move=↑ | max=1024 | empty=5 | sum=1336 | depth=5
1024| 128|  32|  16
   0|   8|  16|  16
   0|  16|  32|  32
   0|   0|   0|  16
2025-09-06 13:11:43,471 | STEP 119 | corner=tr | move=↑ | max=1024 | empty=5 | sum=1352 | depth=5
1024| 128|  32|  32
  16|   8|  16|  32
   0|  16|  32|  16
   0|   0|   0|   0
2025-09-06 13:11:44,679 | STEP 120 | corner=tr | move=← | max=1024 | empty=5 | sum=1368 | depth=5
1024| 128|  32|  64
  16|   8|  16|  16
   0|  16|  32|   0
  16|   0|   0|   0
2025-09-06 13:11:45,877 | STEP 121 | corner=tr | move=↑ | max=1024 | empty=5 | sum=1376 | depth=5
1024| 128|  32|  64
  16|   8|  32|   0
  16|  32|   0|   0
  16|   0|   8|   0
2025-09-06 13:11:47,185 | STEP 122 | corner=tr | move=← | max=1024 | empty=6 | sum=1392 | depth=5
1024| 128|  64|  64
  32|   8|   8|   0
  16|  32|   0|   0
   0|  16|   0|   0
2025-09-06 13:11:48,656 | STEP 123 | corner=tr | move=← | max=1024 | empty=7 | sum=1400 | depth=5
1024| 128| 128|   0
  32|  16|   0|   0
  16|  32|   8|   0
  16|   0|   0|   0
2025-09-06 13:11:50,191 | STEP 124 | corner=tr | move=← | max=1024 | empty=7 | sum=1416 | depth=5
1024| 256|   0|   0
  32|  16|  16|   0
  16|  32|   8|   0
  16|   0|   0|   0
2025-09-06 13:11:51,742 | STEP 125 | corner=tr | move=↑ | max=1024 | empty=7 | sum=1432 | depth=5
1024| 256|   0|   0
  32|  32|   0|   0
  16|  32|   8|   0
  16|   0|   0|  16
2025-09-06 13:11:53,241 | STEP 126 | corner=tr | move=→ | max=1024 | empty=8 | sum=1440 | depth=5
1024| 256|   8|  16
  32|  64|   0|   0
  32|   0|   0|   8
   0|   0|   0|   0
2025-09-06 13:11:54,608 | STEP 127 | corner=tr | move=→ | max=1024 | empty=7 | sum=1448 | depth=5
1024| 256|   8|  16
   0|   0|  32|  64
   0|   0|  32|   8
   0|   0|   8|   0
2025-09-06 13:11:55,781 | STEP 128 | corner=tr | move=↑ | max=1024 | empty=6 | sum=1456 | depth=5
1024| 256|   8|  16
   0|   0|  32|  64
   0|   8|  32|   8
   0|   0|   0|   8
2025-09-06 13:11:57,216 | STEP 129 | corner=tr | move=→ | max=1024 | empty=7 | sum=1464 | depth=5
1024| 256|   8|  16
   0|   8|  64|  64
   0|   8|   0|  16
   0|   0|   0|   0
2025-09-06 13:11:58,393 | STEP 130 | corner=tr | move=← | max=1024 | empty=7 | sum=1480 | depth=5
1024| 256|   8|  16
   0|   0|   8| 128
   0|  16|   8|  16
   0|   0|   0|   0
2025-09-06 13:11:59,648 | STEP 131 | corner=tr | move=→ | max=1024 | empty=6 | sum=1488 | depth=5
1024| 256|   8|  16
   8| 128|   0|   0
  16|   8|  16|   0
   0|   8|   0|   0
2025-09-06 13:12:00,880 | STEP 132 | corner=tr | move=↑ | max=1024 | empty=5 | sum=1496 | depth=5
1024| 256|   8|  16
   0|   0|   8| 128
   0|  16|   8|  16
   8|   0|   0|   8
2025-09-06 13:12:02,111 | STEP 133 | corner=tr | move=← | max=1024 | empty=5 | sum=1504 | depth=5
1024| 256|  16|  16
   8|  16|   8| 128
   0|   0|   0|  16
   0|   8|   0|   8
2025-09-06 13:12:03,359 | STEP 134 | corner=tr | move=↑ | max=1024 | empty=6 | sum=1512 | depth=5
1024| 256|  32|   0
   8|  16|   8| 128
  16|   0|   0|   0
  16|   0|   8|   0
2025-09-06 13:12:04,567 | STEP 135 | corner=tr | move=→ | max=1024 | empty=7 | sum=1528 | depth=5
1024| 256|  32| 128
   8|  16|  16|  16
  32|   0|   0|   0
   0|   0|   0|   0
2025-09-06 13:12:05,757 | STEP 136 | corner=tr | move=← | max=1024 | empty=7 | sum=1536 | depth=5
1024| 256|  32| 128
   0|   8|  16|  32
   0|   0|   8|  32
   0|   0|   0|   0
2025-09-06 13:12:06,934 | STEP 137 | corner=tr | move=↑ | max=1024 | empty=6 | sum=1552 | depth=5
1024| 256|  32| 128
   8|  16|  32|  16
   8|  32|   0|   0
   0|   0|   0|   0
2025-09-06 13:12:08,317 | STEP 138 | corner=tr | move=→ | max=1024 | empty=7 | sum=1560 | depth=5
1024| 256|  64| 128
  16|  16|   0|  16
   0|  32|   0|   0
   0|   0|   8|   0
2025-09-06 13:12:09,668 | STEP 139 | corner=tr | move=→ | max=1024 | empty=7 | sum=1576 | depth=5
1024| 256|  64| 128
   0|   0|  16|  32
  16|   0|   0|  32
   0|   0|   0|   8
2025-09-06 13:12:10,814 | STEP 140 | corner=tr | move=↑ | max=1024 | empty=6 | sum=1592 | depth=5
1024| 256|  64| 128
   0|   0|  16|  32
   0|   0|  16|  32
   0|   0|  16|   8
2025-09-06 13:12:12,209 | STEP 141 | corner=tr | move=↑ | max=1024 | empty=7 | sum=1608 | depth=5
1024| 256|  64| 128
   0|   0|  32|  64
  16|   0|  16|   8
   0|   0|   0|   0
2025-09-06 13:12:13,381 | STEP 142 | corner=tr | move=← | max=1024 | empty=6 | sum=1624 | depth=5
1024| 256|  64| 128
  16|   0|  32|  64
   0|   0|  16|   8
   0|  16|   0|   0
2025-09-06 13:12:14,509 | STEP 143 | corner=tr | move=↑ | max=1024 | empty=5 | sum=1632 | depth=5
1024| 256|  64| 128
  16|  32|  64|   8
  16|   8|   0|   0
  16|   0|   0|   0
2025-09-06 13:12:15,844 | STEP 144 | corner=tr | move=← | max=1024 | empty=6 | sum=1648 | depth=5
1024| 256| 128| 128
  32|  32|   0|   8
  16|   8|   0|   0
   0|  16|   0|   0
2025-09-06 13:12:17,446 | STEP 145 | corner=tr | move=↑ | max=1024 | empty=7 | sum=1664 | depth=5
1024| 256| 256|   0
  64|   8|   0|   0
  16|   8|   0|   0
  16|  16|   0|   0
2025-09-06 13:12:19,028 | STEP 146 | corner=tr | move=← | max=1024 | empty=8 | sum=1680 | depth=5
1024| 256| 256|  16
  64|  16|   0|   0
  32|  16|   0|   0
   0|   0|   0|   0
2025-09-06 13:12:20,649 | STEP 147 | corner=tr | move=← | max=1024 | empty=8 | sum=1696 | depth=5
1024| 512|  16|   0
  64|  16|   0|   0
  32|  16|   0|  16
   0|   0|   0|   0
2025-09-06 13:12:22,214 | STEP 148 | corner=tr | move=↑ | max=1024 | empty=8 | sum=1712 | depth=5
1024| 512|  16|   0
  64|  16|   0|  16
  32|  32|   0|   0
   0|   0|   0|   0
2025-09-06 13:12:23,701 | STEP 149 | corner=tr | move=↑ | max=1024 | empty=7 | sum=1728 | depth=5
1024| 512|  16|  16
  64|  16|   0|   0
  32|  32|   0|   0
   0|   0|   0|  16
2025-09-06 13:12:24,965 | STEP 150 | corner=tr | move=→ | max=1024 | empty=7 | sum=1736 | depth=5
1024| 512|  16|  32
  64|  16|   8|   0
  32|  32|   0|   0
   0|   0|   0|   0
2025-09-06 13:12:26,131 | STEP 151 | corner=tr | move=← | max=1024 | empty=7 | sum=1752 | depth=5
1024| 512|  16|  32
   0|  64|  16|   8
   0|   0|  16|  64
   0|   0|   0|   0
2025-09-06 13:12:27,655 | STEP 152 | corner=tr | move=→ | max=1024 | empty=6 | sum=1760 | depth=5
1024| 512|  16|  32
  64|  16|   8|   0
  16|  64|   0|   0
   0|   0|   8|   0
2025-09-06 13:12:28,722 | STEP 153 | corner=tr | move=↑ | max=1024 | empty=5 | sum=1768 | depth=5
1024| 512|  16|  32
   0|  64|  16|   8
   0|   8|  16|  64
   0|   0|   0|   8
2025-09-06 13:12:29,760 | STEP 154 | corner=tr | move=← | max=1024 | empty=5 | sum=1784 | depth=5
1024| 512|  32|  32
   0|  64|  16|   8
   0|   8|   0|  64
   0|  16|   0|   8
2025-09-06 13:12:30,701 | STEP 155 | corner=tr | move=→ | max=1024 | empty=5 | sum=1800 | depth=5
1024| 512|  64|  16
  64|  16|   8|   0
   8|  64|   0|   0
  16|   8|   0|   0
2025-09-06 13:12:32,301 | STEP 156 | corner=tr | move=→ | max=1024 | empty=4 | sum=1816 | depth=6
1024| 512|  64|  16
   0|  64|  16|   8
   0|   0|   8|  64
   0|  16|  16|   8
2025-09-06 13:12:33,513 | STEP 157 | corner=tr | move=← | max=1024 | empty=4 | sum=1832 | depth=6
1024| 512|  64|  16
   0|  64|  16|   8
   0|   0|   8|  64
   0|  16|  32|   8
2025-09-06 13:12:35,244 | STEP 158 | corner=tr | move=→ | max=1024 | empty=3 | sum=1840 | depth=6
1024| 512|  64|  16
  64|  16|   8|   8
   8|  64|   0|   0
  16|  32|   8|   0
2025-09-06 13:12:37,704 | STEP 159 | corner=tr | move=→ | max=1024 | empty=3 | sum=1856 | depth=6
1024| 512|  64|  16
   0|  64|  16|  16
   0|   0|   8|  64
  16|  16|  32|   8
2025-09-06 13:12:40,362 | STEP 160 | corner=tr | move=→ | max=1024 | empty=4 | sum=1864 | depth=6
1024| 512|  64|  16
   0|   0|  64|  32
   8|   0|   8|  64
   0|  32|  32|   8
2025-09-06 13:12:41,514 | STEP 161 | corner=tr | move=→ | max=1024 | empty=5 | sum=1880 | depth=5
1024| 512|  64|  16
   0|   0|  64|  32
   0|   0|  16|  64
  16|   0|  64|   8
2025-09-06 13:12:43,467 | STEP 162 | corner=tr | move=↑ | max=1024 | empty=4 | sum=1896 | depth=6
1024| 512|  64|  16
   0|  16|  64|  32
   0|   0|  16|  64
   0|  16|  64|   8
2025-09-06 13:12:44,527 | STEP 163 | corner=tr | move=← | max=1024 | empty=5 | sum=1904 | depth=5
1024| 512| 128|  16
   0|  32|  16|  32
   0|   8|  64|  64
   0|   0|   0|   8
2025-09-06 13:12:45,814 | STEP 164 | corner=tr | move=↑ | max=1024 | empty=5 | sum=1920 | depth=5
1024| 512| 128|  16
  32|  16|  32|   0
   8| 128|  16|   0
   8|   0|   0|   0
2025-09-06 13:12:46,951 | STEP 165 | corner=tr | move=→ | max=1024 | empty=5 | sum=1936 | depth=5
1024| 512| 128|  16
  32|  16|  32|   0
  16| 128|  16|   0
   0|   0|  16|   0
2025-09-06 13:12:49,434 | STEP 166 | corner=tr | move=→ | max=1024 | empty=4 | sum=1952 | depth=6
1024| 512| 128|  16
   0|  32|  16|  32
  16|  16| 128|  16
   0|   0|   0|  16
2025-09-06 13:12:51,745 | STEP 167 | corner=tr | move=→ | max=1024 | empty=4 | sum=1960 | depth=6
1024| 512| 128|  16
   0|  32|  16|  32
   0|  32| 128|  16
   0|   8|   0|  16
2025-09-06 13:12:53,264 | STEP 168 | corner=tr | move=↑ | max=1024 | empty=3 | sum=1976 | depth=6
1024| 512| 128|  16
  16|  32|  16|  32
   0|  32| 128|  16
   0|   0|   8|  16
2025-09-06 13:12:55,277 | STEP 169 | corner=tr | move=↑ | max=1024 | empty=4 | sum=1992 | depth=6
1024| 512| 128|  16
  16|  64|  16|  32
  16|   0| 128|  32
   0|   0|   8|   0
2025-09-06 13:12:56,278 | STEP 170 | corner=tr | move=→ | max=1024 | empty=5 | sum=2008 | depth=5
1024| 512| 128|  16
  32|  64|  16|  64
   0|   0| 128|  16
   0|   0|   8|   0
2025-09-06 13:12:57,544 | STEP 171 | corner=tr | move=→ | max=1024 | empty=4 | sum=2024 | depth=6
1024| 512| 128|  16
  32|  64|  16|  64
   0|   0| 128|  16
   0|  16|   0|   8
2025-09-06 13:12:58,561 | STEP 172 | corner=tr | move=← | max=1024 | empty=3 | sum=2032 | depth=6
1024| 512| 128|  16
  32|  64|  16|  64
   8|   0| 128|  16
   0|   0|  16|   8
2025-09-06 13:12:59,517 | STEP 173 | corner=tr | move=→ | max=1024 | empty=2 | sum=2048 | depth=6
1024| 512| 128|  16
  32|  64|  16|  64
   8| 128|  16|   0
  16|   8|   0|  16
2025-09-06 13:13:00,459 | STEP 174 | corner=tr | move=↑ | max=1024 | empty=1 | sum=2064 | depth=6
1024| 512| 128|  16
  32|  64|  16|  64
   0|   8| 128|  16
  16|  16|   8|  16
2025-09-06 13:13:01,411 | STEP 175 | corner=tr | move=← | max=1024 | empty=1 | sum=2072 | depth=6
1024| 512| 128|  16
  32|  64|  16|  64
  16|   8| 128|  32
   0|  16|   8|   8
2025-09-06 13:13:02,360 | STEP 176 | corner=tr | move=↑ | max=1024 | empty=1 | sum=2080 | depth=6
1024| 512| 128|  16
  32|  64|  16|  64
  16|   8| 128|  32
  16|  16|   8|   0
2025-09-06 13:13:03,309 | STEP 177 | corner=tr | move=↑ | max=1024 | empty=1 | sum=2088 | depth=6
1024| 512| 128|  16
  32|  64|  16|  64
  32|   8| 128|  32
   8|  16|   8|   0
2025-09-06 13:13:04,780 | STEP 178 | corner=tr | move=→ | max=1024 | empty=1 | sum=2096 | depth=6
1024| 512| 128|  16
  64|  64|  16|  64
   8|   8| 128|  32
   0|  16|   8|   8
2025-09-06 13:13:06,117 | STEP 179 | corner=tr | move=→ | max=1024 | empty=3 | sum=2104 | depth=6
1024| 512| 128|  16
   0| 128|  16|  64
   0|  16| 128|  32
   0|   8|  16|  16
2025-09-06 13:13:07,720 | STEP 180 | corner=tr | move=↑ | max=1024 | empty=3 | sum=2120 | depth=6
1024| 512| 128|  16
   0| 128|  16|  64
   0|  16| 128|  32
  16|   0|   8|  32
2025-09-06 13:13:09,266 | STEP 181 | corner=tr | move=↑ | max=1024 | empty=3 | sum=2136 | depth=6
1024| 512| 128|  16
  16| 128|  16|  64
   0|  16| 128|  64
   0|  16|   8|   0
2025-09-06 13:13:10,638 | STEP 182 | corner=tr | move=← | max=1024 | empty=4 | sum=2152 | depth=6
1024| 512| 128|  16
  16| 128|  16| 128
   0|  32| 128|   0
   0|  16|   8|   0
2025-09-06 13:13:11,835 | STEP 183 | corner=tr | move=→ | max=1024 | empty=3 | sum=2160 | depth=6
1024| 512| 128|  16
  16| 128|  16| 128
  32| 128|   8|   0
  16|   8|   0|   0
2025-09-06 13:13:13,086 | STEP 184 | corner=tr | move=← | max=1024 | empty=2 | sum=2176 | depth=6
1024| 512| 128|  16
  16| 128|  16| 128
   0|  32| 128|   8
   0|  16|  16|   8
2025-09-06 13:13:14,587 | STEP 185 | corner=tr | move=← | max=1024 | empty=2 | sum=2184 | depth=6
1024| 512| 128|  16
  16| 128|  16| 128
  32| 128|   8|   0
  32|   8|   8|   0
2025-09-06 13:13:16,129 | STEP 186 | corner=tr | move=→ | max=1024 | empty=2 | sum=2192 | depth=6
1024| 512| 128|  16
  16| 128|  16| 128
  32| 128|   8|   0
  32|  16|   8|   0
2025-09-06 13:13:17,072 | STEP 187 | corner=tr | move=↑ | max=1024 | empty=1 | sum=2200 | depth=6
1024| 512| 128|  16
  16| 128|  16| 128
   8|  32| 128|   8
   0|  32|  16|   8
2025-09-06 13:13:17,974 | STEP 188 | corner=tr | move=← | max=1024 | empty=2 | sum=2208 | depth=6
1024| 512| 128|  16
  16| 128|  16| 128
   8|  64| 128|  16
   0|   0|  16|   8
2025-09-06 13:13:18,873 | STEP 189 | corner=tr | move=→ | max=1024 | empty=1 | sum=2224 | depth=6
1024| 512| 128|  16
  16| 128|  16| 128
   8|  64| 128|  16
  16|   8|   0|  16
2025-09-06 13:13:19,786 | STEP 190 | corner=tr | move=↑ | max=1024 | empty=0 | sum=2232 | depth=6
1024| 512| 128|  16
  16| 128|  16| 128
   8|  64| 128|  16
   8|  16|   8|  16
2025-09-06 13:13:20,805 | STEP 191 | corner=tr | move=↑ | max=1024 | empty=1 | sum=2240 | depth=6
1024| 512| 128|  16
  16| 128|  16| 128
  16|  64| 128|  32
   0|  16|   8|   8
2025-09-06 13:13:21,768 | STEP 192 | corner=tr | move=← | max=1024 | empty=1 | sum=2256 | depth=6
1024| 512| 128|  16
  32| 128|  16| 128
  16|  64| 128|  32
   0|  16|   8|   8
2025-09-06 13:13:22,723 | STEP 193 | corner=tr | move=↑ | max=1024 | empty=1 | sum=2272 | depth=6
1024| 512| 128|  16
  32| 128|  16| 128
  16|  64| 128|  32
  16|  16|   0|  16
2025-09-06 13:13:23,710 | STEP 194 | corner=tr | move=→ | max=1024 | empty=1 | sum=2288 | depth=6
1024| 512| 128|  16
  32| 128|  16| 128
  32|  64| 128|  32
  16|  16|   0|  16
2025-09-06 13:13:24,761 | STEP 195 | corner=tr | move=→ | max=1024 | empty=1 | sum=2304 | depth=6
1024| 512| 128|  16
  32| 128|  16| 128
  32|  64| 128|  32
  16|   0|  16|  32
2025-09-06 13:13:25,786 | STEP 196 | corner=tr | move=← | max=1024 | empty=1 | sum=2320 | depth=6
1024| 512| 128|  16
  32| 128|  16| 128
  32|  64| 128|  32
  16|   0|  32|  32
2025-09-06 13:13:26,798 | STEP 197 | corner=tr | move=↑ | max=1024 | empty=1 | sum=2328 | depth=6
1024| 512| 128|  16
  32| 128|  16| 128
  32|  64| 128|  32
  16|  64|   8|   0
2025-09-06 13:13:28,040 | STEP 198 | corner=tr | move=↑ | max=1024 | empty=2 | sum=2336 | depth=6
1024| 512| 128|  16
  64| 128|  16| 128
  16| 128| 128|  32
   0|   8|   8|   0
2025-09-06 13:13:29,262 | STEP 199 | corner=tr | move=← | max=1024 | empty=2 | sum=2352 | depth=6
1024| 512| 128|  16
  64| 256|  16| 128
  16|   8| 128|  32
   0|  16|   8|   0
2025-09-06 13:13:30,235 | STEP 200 | corner=tr | move=→ | max=1024 | empty=1 | sum=2360 | depth=6
1024| 512| 128|  16
  64| 256|  16| 128
  16|   8| 128|  32
  16|   8|   8|   0
2025-09-06 13:13:31,153 | STEP 201 | corner=tr | move=← | max=1024 | empty=1 | sum=2376 | depth=6
1024| 512| 128|  16
  64| 256|  16| 128
  16|   8| 128|  32
   0|  16|  16|  16
2025-09-06 13:13:32,045 | STEP 202 | corner=tr | move=→ | max=1024 | empty=1 | sum=2384 | depth=6
1024| 512| 128|  16
  64| 256|  16| 128
  16|   8| 128|  32
  32|  16|   0|   8
2025-09-06 13:13:33,221 | STEP 203 | corner=tr | move=← | max=2048 | empty=0 | sum=4968 | depth=6
2048|2048| 128|  32
  64| 256|  16| 128
  16|   8| 128|  32
   8|  32|  16|   8
