2025-09-06 12:15:17,639 | Starting Advanced 2048 Bot...
2025-09-06 12:18:47,636 | STEP 3 | corner=tr | move=→ | max=512 | empty=4 | sum=1056 | depth=6
 512| 256| 128|  16
   0|   8|   8|   8
   0|  32|   8|  32
   0|   0|  16|  32
2025-09-06 12:18:50,504 | STEP 4 | corner=tr | move=→ | max=512 | empty=4 | sum=1056 | depth=6
 512| 256| 128|  16
   0|   8|   8|   8
   0|  32|   8|  32
   0|   0|  16|  32
2025-09-06 12:18:53,387 | STEP 5 | corner=tr | move=→ | max=512 | empty=4 | sum=1056 | depth=6
 512| 256| 128|  16
   0|   8|   8|   8
   0|  32|   8|  32
   0|   0|  16|  32
2025-09-06 12:18:56,259 | STEP 6 | corner=tr | move=→ | max=512 | empty=4 | sum=1056 | depth=6
 512| 256| 128|  16
   0|   8|   8|   8
   0|  32|   8|  32
   0|   0|  16|  32
2025-09-06 12:18:59,121 | STEP 7 | corner=tr | move=→ | max=512 | empty=4 | sum=1056 | depth=6
 512| 256| 128|  16
   0|   8|   8|   8
   0|  32|   8|  32
   0|   0|  16|  32
2025-09-06 12:19:02,034 | STEP 8 | corner=tr | move=→ | max=512 | empty=4 | sum=1056 | depth=6
 512| 256| 128|  16
   0|   8|   8|   8
   0|  32|   8|  32
   0|   0|  16|  32
2025-09-06 12:19:04,939 | STEP 9 | corner=tr | move=→ | max=512 | empty=4 | sum=1056 | depth=6
 512| 256| 128|  16
   0|   8|   8|   8
   0|  32|   8|  32
   0|   0|  16|  32
2025-09-06 12:19:07,984 | STEP 10 | corner=tr | move=→ | max=512 | empty=4 | sum=1056 | depth=6
 512| 256| 128|  16
   0|   8|   8|   8
   0|  32|   8|  32
   0|   0|  16|  32
2025-09-06 12:19:10,901 | STEP 11 | corner=tr | move=→ | max=512 | empty=4 | sum=1056 | depth=6
 512| 256| 128|  16
   0|   8|   8|   8
   0|  32|   8|  32
   0|   0|  16|  32
2025-09-06 12:19:30,238 | STEP 12 | corner=tr | move=→ | max=512 | empty=4 | sum=1056 | depth=6
 512| 256| 128|  16
   0|   8|   8|   8
   0|  32|   8|  32
   0|   0|  16|  32
